2024-10-31 10:50:21 - __main__ - INFO - app started
2024-10-31 10:50:21 - portSelector - INFO - ports refreshed
2024-10-31 10:50:30 - testBoardWorker - INFO - test board worker connected to arduino port: COM7
2024-10-31 10:50:30 - serialCaptureWorker - INFO - connected to arduino port: COM15
2024-10-31 10:50:31 - testBoardWorker - INFO - test board thread is running
2024-10-31 10:50:31 - serialCaptureWorker - INFO - thread is running
2024-10-31 10:50:36 - serialCaptureWorker - INFO - sent command: SHOW DATA
2024-10-31 10:50:36 - serialCaptureWorker - INFO - arduino says: Room_temp: 35.09 | Desired_temp: - | Heater: 0 | Cooler: 0 | LH Indicator: 0
2024-10-31 10:50:41 - jsonFunctionality - INFO - C:/Users/owenk/OneDrive/Desktop/Arduino/temperature chamber/temperature_chamber/tests/alphabet/alphabet_test.json
2024-10-31 10:50:41 - jsonFunctionality - INFO - test directory updated to: C:\Users\owenk\OneDrive\Desktop\Arduino\temperature chamber\temperature_chamber\tests but with correct forward slashes
2024-10-31 10:50:41 - serialCaptureWorker - INFO - sent command: SHOW DATA
2024-10-31 10:50:41 - serialCaptureWorker - INFO - arduino says: Room_temp: 35.09 | Desired_temp: - | Heater: 0 | Cooler: 0 | LH Indicator: 0
2024-10-31 10:50:43 - __main__ - INFO - test starting
2024-10-31 10:50:43 - serialCaptureWorker - INFO - sent to arduino: {"test_1": {"chamber_sequences": [{"temp": 50, "duration": 60000}, {"temp": 40, "duration": 60000}], "sketch": "./alphabet.ino", "expected output": "ABCDEFGHIJKLMNOPQRSTUVWXYZ"}}
2024-10-31 10:50:43 - serialCaptureWorker - INFO - sending full test test_1
2024-10-31 10:50:43 - serialCaptureWorker - INFO - sent to arduino: {"test_2": {"chamber_sequences": [{"temp": 60, "duration": 60000}, {"temp": 70, "duration": 60000}], "sketch": "./alphabet.ino", "expected output": "ABCDEFGHIJKLMNOPQRSTUVWXYZ"}}
2024-10-31 10:50:43 - serialCaptureWorker - INFO - sending full test test_2
2024-10-31 10:50:43 - testBoardWorker - INFO - test worker thread is running
2024-10-31 10:50:43 - testBoardWorker - INFO - connection to COM7 closed now
2024-10-31 10:50:43 - __main__ - INFO - test board worker temporarily deleted
2024-10-31 10:50:43 - __main__ - INFO - cli worker started
2024-10-31 10:50:43 - cliWorker - INFO - cli worker connected to arduino port: COM7
2024-10-31 10:50:43 - serialCaptureWorker - INFO - Error: Invalid JSON format
2024-10-31 10:50:43 - serialCaptureWorker - INFO - sent command: SHOW DATA
2024-10-31 10:50:44 - serialCaptureWorker - INFO - Error: Invalid JSON format
2024-10-31 10:50:44 - serialCaptureWorker - INFO - Room_temp: 35.09 | Desired_temp: - | Heater: 0 | Cooler: 0 | LH Indicator: 0
2024-10-31 10:50:44 - cliWorker - INFO - cli worker thread is running
2024-10-31 10:50:44 - cliWorker - INFO - running test with testdata filepath: C:/Users/owenk/OneDrive/Desktop/Arduino/temperature chamber/temperature_chamber/tests/alphabet/alphabet_test.json
2024-10-31 10:50:46 - cliWorker - INFO - command succeeded: arduino-cli board list --format json
2024-10-31 10:50:46 - cliWorker - INFO - detected fqbn: arduino:avr:uno
2024-10-31 10:50:47 - cliWorker - INFO - command succeeded: arduino-cli core list
2024-10-31 10:50:47 - cliWorker - INFO - core arduino is already installed.
2024-10-31 10:50:47 - cliWorker - INFO - compiling sketch for the board with fqbn arduino:avr:uno...
2024-10-31 10:50:49 - serialCaptureWorker - INFO - sent command: SHOW DATA
2024-10-31 10:50:49 - serialCaptureWorker - INFO - arduino says: Room_temp: 35.13 | Desired_temp: - | Heater: 0 | Cooler: 0 | LH Indicator: 0
2024-10-31 10:50:51 - __main__ - WARNING - test interrupted
2024-10-31 10:50:51 - __main__ - INFO - test starting
2024-10-31 10:50:51 - serialCaptureWorker - INFO - sent to arduino: {"test_1": {"chamber_sequences": [{"temp": 50, "duration": 60000}, {"temp": 40, "duration": 60000}], "sketch": "./alphabet.ino", "expected output": "ABCDEFGHIJKLMNOPQRSTUVWXYZ"}}
2024-10-31 10:50:51 - serialCaptureWorker - INFO - sending full test test_1
2024-10-31 10:50:51 - serialCaptureWorker - INFO - sent to arduino: {"test_2": {"chamber_sequences": [{"temp": 60, "duration": 60000}, {"temp": 70, "duration": 60000}], "sketch": "./alphabet.ino", "expected output": "ABCDEFGHIJKLMNOPQRSTUVWXYZ"}}
2024-10-31 10:50:51 - serialCaptureWorker - INFO - sending full test test_2
2024-10-31 11:00:19 - __main__ - INFO - app started
2024-10-31 11:00:19 - portSelector - INFO - ports refreshed
2024-10-31 11:01:06 - __main__ - INFO - app started
2024-10-31 11:01:06 - portSelector - INFO - ports refreshed
2024-10-31 11:01:11 - testBoardWorker - INFO - test board worker connected to arduino port: COM7
2024-10-31 11:01:11 - serialCaptureWorker - INFO - connected to arduino port: COM15
2024-10-31 11:01:12 - testBoardWorker - INFO - test board thread is running
2024-10-31 11:01:12 - serialCaptureWorker - INFO - thread is running
2024-10-31 11:01:16 - jsonFunctionality - INFO - C:/Users/owenk/OneDrive/Desktop/Arduino/temperature chamber/temperature_chamber/tests/alphabet/alphabet_test.json
2024-10-31 11:01:16 - jsonFunctionality - INFO - test directory updated to: C:\Users\owenk\OneDrive\Desktop\Arduino\temperature chamber\temperature_chamber\tests but with correct forward slashes
2024-10-31 11:01:17 - serialCaptureWorker - INFO - sent command: SHOW DATA
2024-10-31 11:01:17 - serialCaptureWorker - INFO - arduino says: Room_temp: 33.88 | Desired_temp: - | Heater: 0 | Cooler: 0 | LH Indicator: 0
2024-10-31 11:01:17 - __main__ - INFO - test starting
2024-10-31 11:01:17 - serialCaptureWorker - INFO - sent to arduino: {"test_1": {"chamber_sequences": [{"temp": 50, "duration": 60000}, {"temp": 40, "duration": 60000}], "sketch": "./alphabet.ino", "expected output": "ABCDEFGHIJKLMNOPQRSTUVWXYZ"}}
2024-10-31 11:01:17 - serialCaptureWorker - INFO - sending full test test_1
2024-10-31 11:01:17 - serialCaptureWorker - INFO - sent to arduino: {"test_2": {"chamber_sequences": [{"temp": 60, "duration": 60000}, {"temp": 70, "duration": 60000}], "sketch": "./alphabet.ino", "expected output": "ABCDEFGHIJKLMNOPQRSTUVWXYZ"}}
2024-10-31 11:01:17 - serialCaptureWorker - INFO - sending full test test_2
2024-10-31 11:01:17 - testBoardWorker - INFO - test worker thread is running
2024-10-31 11:01:17 - testBoardWorker - INFO - connection to COM7 closed now
2024-10-31 11:01:18 - __main__ - INFO - test board worker temporarily deleted
2024-10-31 11:01:18 - __main__ - INFO - cli worker started
2024-10-31 11:01:18 - cliWorker - INFO - cli worker connected to arduino port: COM7
2024-10-31 11:01:18 - serialCaptureWorker - INFO - Error: Invalid JSON format
2024-10-31 11:01:18 - serialCaptureWorker - INFO - Error: Invalid JSON format
2024-10-31 11:01:19 - cliWorker - INFO - cli worker thread is running
2024-10-31 11:01:19 - cliWorker - INFO - running test with testdata filepath: C:/Users/owenk/OneDrive/Desktop/Arduino/temperature chamber/temperature_chamber/tests/alphabet/alphabet_test.json
2024-10-31 11:01:21 - cliWorker - INFO - command succeeded: arduino-cli board list --format json
2024-10-31 11:01:21 - cliWorker - INFO - detected fqbn: arduino:avr:uno
2024-10-31 11:01:22 - cliWorker - INFO - command succeeded: arduino-cli core list
2024-10-31 11:01:22 - cliWorker - INFO - core arduino is already installed.
2024-10-31 11:01:22 - cliWorker - INFO - compiling sketch for the board with fqbn arduino:avr:uno...
2024-10-31 11:01:23 - serialCaptureWorker - INFO - sent command: SHOW DATA
2024-10-31 11:01:23 - serialCaptureWorker - INFO - arduino says: Room_temp: 33.84 | Desired_temp: - | Heater: 0 | Cooler: 0 | LH Indicator: 0
2024-10-31 11:01:24 - __main__ - WARNING - test interrupted
2024-10-31 11:01:24 - __main__ - INFO - test starting
2024-10-31 11:01:24 - serialCaptureWorker - INFO - sent to arduino: {"test_1": {"chamber_sequences": [{"temp": 50, "duration": 60000}, {"temp": 40, "duration": 60000}], "sketch": "./alphabet.ino", "expected output": "ABCDEFGHIJKLMNOPQRSTUVWXYZ"}}
2024-10-31 11:01:24 - serialCaptureWorker - INFO - sending full test test_1
2024-10-31 11:01:24 - serialCaptureWorker - INFO - sent to arduino: {"test_2": {"chamber_sequences": [{"temp": 60, "duration": 60000}, {"temp": 70, "duration": 60000}], "sketch": "./alphabet.ino", "expected output": "ABCDEFGHIJKLMNOPQRSTUVWXYZ"}}
2024-10-31 11:01:24 - serialCaptureWorker - INFO - sending full test test_2
2024-10-31 11:05:55 - __main__ - INFO - app started
2024-10-31 11:05:55 - portSelector - INFO - ports refreshed
2024-10-31 11:06:00 - testBoardWorker - INFO - test board worker connected to arduino port: COM7
2024-10-31 11:06:00 - serialCaptureWorker - INFO - connected to arduino port: COM15
2024-10-31 11:06:01 - testBoardWorker - INFO - test board thread is running
2024-10-31 11:06:01 - serialCaptureWorker - INFO - thread is running
2024-10-31 11:06:05 - jsonFunctionality - INFO - C:/Users/owenk/OneDrive/Desktop/Arduino/temperature chamber/temperature_chamber/tests/alphabet/alphabet_test.json
2024-10-31 11:06:05 - jsonFunctionality - INFO - test directory updated to: C:\Users\owenk\OneDrive\Desktop\Arduino\temperature chamber\temperature_chamber\tests but with correct forward slashes
2024-10-31 11:06:06 - serialCaptureWorker - INFO - sent command: SHOW DATA
2024-10-31 11:06:07 - serialCaptureWorker - INFO - arduino says: Room_temp: 33.09 | Desired_temp: - | Heater: 0 | Cooler: 0 | LH Indicator: 0
2024-10-31 11:06:09 - __main__ - INFO - test starting
2024-10-31 11:06:09 - serialCaptureWorker - INFO - sent to arduino: {"test_1": {"chamber_sequences": [{"temp": 50, "duration": 60000}, {"temp": 40, "duration": 60000}], "sketch": "./alphabet.ino", "expected output": "ABCDEFGHIJKLMNOPQRSTUVWXYZ"}}
2024-10-31 11:06:09 - serialCaptureWorker - INFO - sending full test test_1
2024-10-31 11:06:09 - serialCaptureWorker - INFO - sent to arduino: {"test_2": {"chamber_sequences": [{"temp": 60, "duration": 60000}, {"temp": 70, "duration": 60000}], "sketch": "./alphabet.ino", "expected output": "ABCDEFGHIJKLMNOPQRSTUVWXYZ"}}
2024-10-31 11:06:09 - serialCaptureWorker - INFO - sending full test test_2
2024-10-31 11:06:09 - testBoardWorker - INFO - test worker thread is running
2024-10-31 11:06:09 - testBoardWorker - INFO - connection to COM7 closed now
2024-10-31 11:06:09 - __main__ - INFO - test board worker temporarily deleted
2024-10-31 11:06:09 - __main__ - INFO - cli worker started
2024-10-31 11:06:09 - cliWorker - INFO - cli worker connected to arduino port: COM7
2024-10-31 11:06:09 - serialCaptureWorker - INFO - Error: Invalid JSON format
2024-10-31 11:06:09 - serialCaptureWorker - INFO - sent command: SHOW DATA
2024-10-31 11:06:09 - serialCaptureWorker - INFO - Error: Invalid JSON format
2024-10-31 11:06:09 - serialCaptureWorker - INFO - Room_temp: 33.06 | Desired_temp: - | Heater: 0 | Cooler: 0 | LH Indicator: 0
2024-10-31 11:06:10 - cliWorker - INFO - cli worker thread is running
2024-10-31 11:06:10 - cliWorker - INFO - running test with testdata filepath: C:/Users/owenk/OneDrive/Desktop/Arduino/temperature chamber/temperature_chamber/tests/alphabet/alphabet_test.json
2024-10-31 11:06:12 - cliWorker - INFO - command succeeded: arduino-cli board list --format json
2024-10-31 11:06:12 - cliWorker - INFO - detected fqbn: arduino:avr:uno
2024-10-31 11:06:13 - cliWorker - INFO - command succeeded: arduino-cli core list
2024-10-31 11:06:13 - cliWorker - INFO - core arduino is already installed.
2024-10-31 11:06:13 - cliWorker - INFO - compiling sketch for the board with fqbn arduino:avr:uno...
2024-10-31 11:06:14 - serialCaptureWorker - INFO - sent command: SHOW DATA
2024-10-31 11:06:15 - serialCaptureWorker - INFO - arduino says: Room_temp: 33.06 | Desired_temp: - | Heater: 0 | Cooler: 0 | LH Indicator: 0
2024-10-31 11:06:16 - cliWorker - INFO - command succeeded: arduino-cli compile --fqbn arduino:avr:uno C:/Users/owenk/OneDrive/Desktop/Arduino/temperature chamber/temperature_chamber/tests/alphabet/alphabet.ino
2024-10-31 11:06:16 - cliWorker - INFO - compilation successful!
2024-10-31 11:06:16 - cliWorker - INFO - uploading sketch to board with fqbn arduino:avr:uno on port COM7...
2024-10-31 11:06:20 - serialCaptureWorker - INFO - sent command: SHOW DATA
2024-10-31 11:06:20 - serialCaptureWorker - INFO - arduino says: Room_temp: 33.06 | Desired_temp: - | Heater: 0 | Cooler: 0 | LH Indicator: 0
2024-10-31 11:06:21 - cliWorker - INFO - command succeeded: arduino-cli upload -p COM7 --fqbn arduino:avr:uno C:/Users/owenk/OneDrive/Desktop/Arduino/temperature chamber/temperature_chamber/tests/alphabet/alphabet.ino
2024-10-31 11:06:21 - cliWorker - INFO - upload successful!
2024-10-31 11:06:23 - cliWorker - WARNING - boards already detected: skipping new detect request
2024-10-31 11:06:23 - cliWorker - WARNING - failed to detect board on port COM7.
2024-10-31 11:06:23 - __main__ - INFO - cli worker quit
2024-10-31 11:06:23 - __main__ - INFO - cli worker deleted
2024-10-31 11:06:25 - __main__ - INFO - test board worker restarted
2024-10-31 11:06:25 - testBoardWorker - INFO - test board worker connected to arduino port: COM7
2024-10-31 11:06:25 - serialCaptureWorker - INFO - sent command: SHOW DATA
2024-10-31 11:06:25 - serialCaptureWorker - INFO - arduino says: Room_temp: 33.03 | Desired_temp: - | Heater: 0 | Cooler: 0 | LH Indicator: 0
2024-10-31 11:06:26 - testBoardWorker - INFO - test board thread is running
2024-10-31 11:06:30 - serialCaptureWorker - INFO - sent command: SHOW DATA
2024-10-31 11:06:31 - serialCaptureWorker - INFO - arduino says: Room_temp: 33.03 | Desired_temp: - | Heater: 0 | Cooler: 0 | LH Indicator: 0
2024-10-31 11:06:36 - serialCaptureWorker - INFO - sent command: SHOW DATA
2024-10-31 11:06:36 - serialCaptureWorker - INFO - arduino says: Room_temp: 33.00 | Desired_temp: - | Heater: 0 | Cooler: 0 | LH Indicator: 0
2024-10-31 11:06:39 - testBoardWorker - INFO - test worker thread is running
2024-10-31 11:06:41 - serialCaptureWorker - INFO - sent command: SHOW DATA
2024-10-31 11:06:41 - serialCaptureWorker - INFO - arduino says: Room_temp: 33.00 | Desired_temp: - | Heater: 0 | Cooler: 0 | LH Indicator: 0
2024-10-31 11:06:46 - jsonFunctionality - INFO - C:/Users/owenk/OneDrive/Desktop/Arduino/temperature chamber/temperature_chamber/tests/alphabet/alphabet_test.json
2024-10-31 11:06:46 - jsonFunctionality - INFO - test directory updated to: C:\Users\owenk\OneDrive\Desktop\Arduino\temperature chamber\temperature_chamber\tests but with correct forward slashes
2024-10-31 11:06:46 - serialCaptureWorker - INFO - sent command: SHOW DATA
2024-10-31 11:06:47 - serialCaptureWorker - INFO - arduino says: Room_temp: 32.97 | Desired_temp: - | Heater: 0 | Cooler: 0 | LH Indicator: 0
2024-10-31 11:06:52 - serialCaptureWorker - INFO - sent command: SHOW DATA
2024-10-31 11:06:52 - serialCaptureWorker - INFO - arduino says: Room_temp: 32.97 | Desired_temp: - | Heater: 0 | Cooler: 0 | LH Indicator: 0
2024-10-31 11:06:52 - __main__ - WARNING - test interrupted
2024-10-31 11:06:52 - __main__ - INFO - test starting
2024-10-31 11:06:52 - serialCaptureWorker - INFO - sent to arduino: {"test_1": {"chamber_sequences": [{"temp": 50, "duration": 60000}, {"temp": 40, "duration": 60000}], "sketch": "./alphabet.ino", "expected output": "ABCDEFGHIJKLMNOPQRSTUVWXYZ"}}
2024-10-31 11:06:52 - serialCaptureWorker - INFO - sending full test test_1
2024-10-31 11:06:52 - serialCaptureWorker - INFO - sent to arduino: {"test_2": {"chamber_sequences": [{"temp": 60, "duration": 60000}, {"temp": 70, "duration": 60000}], "sketch": "./alphabet.ino", "expected output": "ABCDEFGHIJKLMNOPQRSTUVWXYZ"}}
2024-10-31 11:06:52 - serialCaptureWorker - INFO - sending full test test_2
2024-10-31 11:06:52 - testBoardWorker - INFO - test worker thread is running
2024-10-31 11:06:52 - testBoardWorker - INFO - connection to COM7 closed now
2024-10-31 11:06:52 - __main__ - INFO - test board worker temporarily deleted
2024-10-31 11:06:52 - __main__ - INFO - cli worker started
2024-10-31 11:06:52 - cliWorker - INFO - cli worker connected to arduino port: COM7
2024-10-31 11:06:52 - serialCaptureWorker - INFO - Error: Invalid JSON format
2024-10-31 11:06:52 - serialCaptureWorker - INFO - Error: Invalid JSON format
2024-10-31 11:06:53 - cliWorker - INFO - cli worker thread is running
2024-10-31 11:06:53 - cliWorker - INFO - running test with testdata filepath: C:/Users/owenk/OneDrive/Desktop/Arduino/temperature chamber/temperature_chamber/tests/alphabet/alphabet_test.json
2024-10-31 11:06:55 - cliWorker - INFO - command succeeded: arduino-cli board list --format json
2024-10-31 11:06:55 - cliWorker - INFO - detected fqbn: arduino:avr:uno
2024-10-31 11:06:56 - cliWorker - INFO - command succeeded: arduino-cli core list
2024-10-31 11:06:56 - cliWorker - INFO - core arduino is already installed.
2024-10-31 11:06:56 - cliWorker - INFO - compiling sketch for the board with fqbn arduino:avr:uno...
2024-10-31 11:06:57 - serialCaptureWorker - INFO - sent command: SHOW DATA
2024-10-31 11:06:57 - serialCaptureWorker - INFO - arduino says: Room_temp: 32.94 | Desired_temp: - | Heater: 0 | Cooler: 0 | LH Indicator: 0
2024-10-31 11:06:59 - cliWorker - INFO - command succeeded: arduino-cli compile --fqbn arduino:avr:uno C:/Users/owenk/OneDrive/Desktop/Arduino/temperature chamber/temperature_chamber/tests/alphabet/alphabet.ino
2024-10-31 11:06:59 - cliWorker - INFO - compilation successful!
2024-10-31 11:06:59 - __main__ - WARNING - test interrupted
2024-10-31 11:06:59 - __main__ - INFO - test starting
2024-10-31 11:06:59 - serialCaptureWorker - INFO - sent to arduino: {"test_1": {"chamber_sequences": [{"temp": 50, "duration": 60000}, {"temp": 40, "duration": 60000}], "sketch": "./alphabet.ino", "expected output": "ABCDEFGHIJKLMNOPQRSTUVWXYZ"}}
2024-10-31 11:06:59 - serialCaptureWorker - INFO - sending full test test_1
2024-10-31 11:06:59 - serialCaptureWorker - INFO - sent to arduino: {"test_2": {"chamber_sequences": [{"temp": 60, "duration": 60000}, {"temp": 70, "duration": 60000}], "sketch": "./alphabet.ino", "expected output": "ABCDEFGHIJKLMNOPQRSTUVWXYZ"}}
2024-10-31 11:06:59 - serialCaptureWorker - INFO - sending full test test_2
2024-10-31 11:07:37 - __main__ - INFO - app started
2024-10-31 11:07:37 - portSelector - INFO - ports refreshed
2024-10-31 11:07:42 - testBoardWorker - INFO - test board worker connected to arduino port: COM7
2024-10-31 11:07:42 - serialCaptureWorker - INFO - connected to arduino port: COM15
2024-10-31 11:07:43 - testBoardWorker - INFO - test board thread is running
2024-10-31 11:07:43 - serialCaptureWorker - INFO - thread is running
2024-10-31 11:07:48 - serialCaptureWorker - INFO - sent command: SHOW DATA
2024-10-31 11:07:49 - serialCaptureWorker - INFO - arduino says: Room_temp: 32.81 | Desired_temp: - | Heater: 0 | Cooler: 0 | LH Indicator: 0
2024-10-31 11:07:49 - jsonFunctionality - INFO - C:/Users/owenk/OneDrive/Desktop/Arduino/temperature chamber/temperature_chamber/tests/alphabet/alphabet_test.json
2024-10-31 11:07:49 - jsonFunctionality - INFO - test directory updated to: C:\Users\owenk\OneDrive\Desktop\Arduino\temperature chamber\temperature_chamber\tests but with correct forward slashes
2024-10-31 11:07:51 - __main__ - INFO - test starting
2024-10-31 11:07:51 - serialCaptureWorker - INFO - sent to arduino: {"test_1": {"chamber_sequences": [{"temp": 50, "duration": 60000}, {"temp": 40, "duration": 60000}], "sketch": "./alphabet.ino", "expected output": "ABCDEFGHIJKLMNOPQRSTUVWXYZ"}}
2024-10-31 11:07:51 - serialCaptureWorker - INFO - sending full test test_1
2024-10-31 11:07:51 - serialCaptureWorker - INFO - sent to arduino: {"test_2": {"chamber_sequences": [{"temp": 60, "duration": 60000}, {"temp": 70, "duration": 60000}], "sketch": "./alphabet.ino", "expected output": "ABCDEFGHIJKLMNOPQRSTUVWXYZ"}}
2024-10-31 11:07:51 - serialCaptureWorker - INFO - sending full test test_2
2024-10-31 11:07:51 - testBoardWorker - INFO - test worker thread is running
2024-10-31 11:07:51 - testBoardWorker - INFO - connection to COM7 closed now
2024-10-31 11:07:51 - __main__ - INFO - test board worker temporarily deleted
2024-10-31 11:07:51 - __main__ - INFO - cli worker started
2024-10-31 11:07:51 - cliWorker - INFO - cli worker connected to arduino port: COM7
2024-10-31 11:07:51 - serialCaptureWorker - INFO - Error: Invalid JSON format
2024-10-31 11:07:51 - serialCaptureWorker - INFO - sent command: SHOW DATA
2024-10-31 11:07:51 - serialCaptureWorker - INFO - Error: Invalid JSON format
2024-10-31 11:07:52 - serialCaptureWorker - INFO - Room_temp: 32.81 | Desired_temp: - | Heater: 0 | Cooler: 0 | LH Indicator: 0
2024-10-31 11:07:52 - cliWorker - INFO - cli worker thread is running
2024-10-31 11:07:52 - cliWorker - INFO - running test with testdata filepath: C:/Users/owenk/OneDrive/Desktop/Arduino/temperature chamber/temperature_chamber/tests/alphabet/alphabet_test.json
2024-10-31 11:07:54 - cliWorker - INFO - command succeeded: arduino-cli board list --format json
2024-10-31 11:07:54 - cliWorker - INFO - detected fqbn: arduino:avr:uno
2024-10-31 11:07:55 - cliWorker - INFO - command succeeded: arduino-cli core list
2024-10-31 11:07:55 - cliWorker - INFO - core arduino is already installed.
2024-10-31 11:07:55 - cliWorker - INFO - compiling sketch for the board with fqbn arduino:avr:uno...
2024-10-31 11:07:57 - serialCaptureWorker - INFO - sent command: SHOW DATA
2024-10-31 11:07:57 - serialCaptureWorker - INFO - arduino says: Room_temp: 32.78 | Desired_temp: - | Heater: 0 | Cooler: 0 | LH Indicator: 0
2024-10-31 11:07:58 - cliWorker - INFO - command succeeded: arduino-cli compile --fqbn arduino:avr:uno C:/Users/owenk/OneDrive/Desktop/Arduino/temperature chamber/temperature_chamber/tests/alphabet/alphabet.ino
2024-10-31 11:07:58 - cliWorker - INFO - compilation successful!
2024-10-31 11:07:58 - cliWorker - INFO - uploading sketch to board with fqbn arduino:avr:uno on port COM7...
2024-10-31 11:08:02 - serialCaptureWorker - INFO - sent command: SHOW DATA
2024-10-31 11:08:02 - serialCaptureWorker - INFO - arduino says: Room_temp: 32.78 | Desired_temp: - | Heater: 0 | Cooler: 0 | LH Indicator: 0
2024-10-31 11:08:03 - cliWorker - INFO - command succeeded: arduino-cli upload -p COM7 --fqbn arduino:avr:uno C:/Users/owenk/OneDrive/Desktop/Arduino/temperature chamber/temperature_chamber/tests/alphabet/alphabet.ino
2024-10-31 11:08:03 - cliWorker - INFO - upload successful!
2024-10-31 11:08:05 - cliWorker - WARNING - boards already detected: skipping new detect request
2024-10-31 11:08:05 - cliWorker - WARNING - failed to detect board on port COM7.
2024-10-31 11:08:05 - __main__ - INFO - cli worker quit
2024-10-31 11:08:05 - __main__ - INFO - cli worker deleted
2024-10-31 11:08:07 - __main__ - INFO - test board worker restarted
2024-10-31 11:08:07 - testBoardWorker - INFO - test board worker connected to arduino port: COM7
2024-10-31 11:08:07 - serialCaptureWorker - INFO - sent command: SHOW DATA
2024-10-31 11:08:08 - serialCaptureWorker - INFO - arduino says: Room_temp: 32.78 | Desired_temp: - | Heater: 0 | Cooler: 0 | LH Indicator: 0
2024-10-31 11:08:08 - testBoardWorker - INFO - test board thread is running
2024-10-31 11:08:13 - serialCaptureWorker - INFO - sent command: SHOW DATA
2024-10-31 11:08:13 - serialCaptureWorker - INFO - arduino says: Room_temp: 32.75 | Desired_temp: - | Heater: 0 | Cooler: 0 | LH Indicator: 0
2024-10-31 11:08:18 - serialCaptureWorker - INFO - sent command: SHOW DATA
2024-10-31 11:08:18 - serialCaptureWorker - INFO - arduino says: Room_temp: 32.75 | Desired_temp: - | Heater: 0 | Cooler: 0 | LH Indicator: 0
2024-10-31 11:08:21 - mainTab - INFO - correct test output
2024-10-31 11:08:21 - testBoardWorker - INFO - test worker thread is running
2024-10-31 11:08:21 - mainTab - INFO - correct test output
2024-10-31 11:08:23 - serialCaptureWorker - INFO - sent command: SHOW DATA
2024-10-31 11:08:23 - serialCaptureWorker - INFO - arduino says: Room_temp: 32.75 | Desired_temp: - | Heater: 0 | Cooler: 0 | LH Indicator: 0
2024-10-31 11:08:25 - __main__ - WARNING - test interrupted
2024-10-31 11:08:25 - __main__ - INFO - test starting
2024-10-31 11:08:25 - serialCaptureWorker - INFO - sent to arduino: {"test_1": {"chamber_sequences": [{"temp": 50, "duration": 60000}, {"temp": 40, "duration": 60000}], "sketch": "./alphabet.ino", "expected output": "ABCDEFGHIJKLMNOPQRSTUVWXYZ"}}
2024-10-31 11:08:25 - serialCaptureWorker - INFO - sending full test test_1
2024-10-31 11:08:25 - serialCaptureWorker - INFO - sent to arduino: {"test_2": {"chamber_sequences": [{"temp": 60, "duration": 60000}, {"temp": 70, "duration": 60000}], "sketch": "./alphabet.ino", "expected output": "ABCDEFGHIJKLMNOPQRSTUVWXYZ"}}
2024-10-31 11:08:25 - serialCaptureWorker - INFO - sending full test test_2
2024-10-31 11:08:25 - testBoardWorker - INFO - connection to COM7 closed now
2024-10-31 11:08:25 - __main__ - INFO - test board worker temporarily deleted
2024-10-31 11:08:25 - __main__ - INFO - cli worker started
2024-10-31 11:08:25 - cliWorker - INFO - cli worker connected to arduino port: COM7
2024-10-31 11:08:25 - serialCaptureWorker - INFO - Error: Invalid JSON format
2024-10-31 11:08:25 - serialCaptureWorker - INFO - sent command: SHOW DATA
2024-10-31 11:08:25 - mainTab - ERROR - ABCDEF
2024-10-31 11:08:25 - mainTab - ERROR - incorrect test board output (10/31 11:08:25)
2024-10-31 11:08:26 - serialCaptureWorker - INFO - Error: Invalid JSON format
2024-10-31 11:08:26 - serialCaptureWorker - INFO - Room_temp: 32.72 | Desired_temp: - | Heater: 0 | Cooler: 0 | LH Indicator: 0
2024-10-31 11:08:26 - cliWorker - INFO - cli worker thread is running
2024-10-31 11:08:26 - cliWorker - INFO - running test with testdata filepath: C:/Users/owenk/OneDrive/Desktop/Arduino/temperature chamber/temperature_chamber/tests/alphabet/alphabet_test.json
2024-10-31 11:08:28 - cliWorker - INFO - command succeeded: arduino-cli board list --format json
2024-10-31 11:08:28 - cliWorker - INFO - detected fqbn: arduino:avr:uno
2024-10-31 11:08:30 - cliWorker - INFO - command succeeded: arduino-cli core list
2024-10-31 11:08:30 - cliWorker - INFO - core arduino is already installed.
2024-10-31 11:08:30 - cliWorker - INFO - compiling sketch for the board with fqbn arduino:avr:uno...
2024-10-31 11:08:31 - serialCaptureWorker - INFO - sent command: SHOW DATA
2024-10-31 11:08:31 - serialCaptureWorker - INFO - arduino says: Room_temp: 32.72 | Desired_temp: - | Heater: 0 | Cooler: 0 | LH Indicator: 0
2024-10-31 11:08:32 - cliWorker - INFO - command succeeded: arduino-cli compile --fqbn arduino:avr:uno C:/Users/owenk/OneDrive/Desktop/Arduino/temperature chamber/temperature_chamber/tests/alphabet/alphabet.ino
2024-10-31 11:08:32 - cliWorker - INFO - compilation successful!
2024-10-31 11:08:33 - cliWorker - INFO - uploading sketch to board with fqbn arduino:avr:uno on port COM7...
2024-10-31 11:08:36 - serialCaptureWorker - INFO - sent command: SHOW DATA
2024-10-31 11:08:36 - serialCaptureWorker - INFO - arduino says: Room_temp: 32.72 | Desired_temp: - | Heater: 0 | Cooler: 0 | LH Indicator: 0
2024-10-31 11:08:37 - cliWorker - INFO - command succeeded: arduino-cli upload -p COM7 --fqbn arduino:avr:uno C:/Users/owenk/OneDrive/Desktop/Arduino/temperature chamber/temperature_chamber/tests/alphabet/alphabet.ino
2024-10-31 11:08:37 - cliWorker - INFO - upload successful!
2024-10-31 11:08:40 - cliWorker - WARNING - boards already detected: skipping new detect request
2024-10-31 11:08:40 - cliWorker - WARNING - failed to detect board on port COM7.
2024-10-31 11:08:40 - __main__ - INFO - cli worker quit
2024-10-31 11:08:40 - __main__ - INFO - cli worker deleted
2024-10-31 11:08:41 - __main__ - INFO - test board worker restarted
2024-10-31 11:08:41 - testBoardWorker - INFO - test board worker connected to arduino port: COM7
2024-10-31 11:08:41 - serialCaptureWorker - INFO - sent command: SHOW DATA
2024-10-31 11:08:42 - serialCaptureWorker - INFO - arduino says: Room_temp: 32.66 | Desired_temp: - | Heater: 0 | Cooler: 0 | LH Indicator: 0
2024-10-31 11:08:42 - testBoardWorker - INFO - test board thread is running
2024-10-31 11:08:47 - serialCaptureWorker - INFO - sent command: SHOW DATA
2024-10-31 11:08:47 - serialCaptureWorker - INFO - arduino says: Room_temp: 32.69 | Desired_temp: - | Heater: 0 | Cooler: 0 | LH Indicator: 0
2024-10-31 11:08:52 - serialCaptureWorker - INFO - sent command: SHOW DATA
2024-10-31 11:08:52 - serialCaptureWorker - INFO - arduino says: Room_temp: 32.63 | Desired_temp: - | Heater: 0 | Cooler: 0 | LH Indicator: 0
2024-10-31 11:08:53 - manualTab - INFO - [{'temp': 44.0, 'duration': 120000}]
2024-10-31 11:08:54 - manualTab - WARNING - test interrupted
2024-10-31 11:08:54 - serialCaptureWorker - INFO - [{'duration': 120000, 'temp': 44.0}]
2024-10-31 11:08:55 - serialCaptureWorker - INFO - sent to arduino: {"duration": 120000, "temp": 44.0}
2024-10-31 11:08:55 - manualTab - INFO - sent to arduino: [{'temp': 44.0, 'duration': 120000}]
2024-10-31 11:08:55 - serialCaptureWorker - INFO - Setting temperature to 44.00°
2024-10-31 11:08:55 - serialCaptureWorker - INFO - sent command: SHOW DATA
2024-10-31 11:08:55 - serialCaptureWorker - INFO - arduino says: Room_temp: 32.63 | Desired_temp: 44 | Heater: 0 | Cooler: 0 | LH Indicator: 0
2024-10-31 11:08:56 - testBoardWorker - INFO - test worker thread is running
2024-10-31 11:08:56 - mainTab - INFO - correct test output
2024-10-31 11:08:56 - mainTab - INFO - correct test output
2024-10-31 11:09:00 - serialCaptureWorker - INFO - sent command: SHOW DATA
2024-10-31 11:09:00 - serialCaptureWorker - INFO - arduino says: Room_temp: 32.63 | Desired_temp: 44 | Heater: 0 | Cooler: 0 | LH Indicator: 0
2024-10-31 11:09:03 - serialCaptureWorker - INFO - sent command: SHOW DATA
2024-10-31 11:09:03 - serialCaptureWorker - INFO - connection to COM15 closed
2024-10-31 11:09:03 - serialCaptureWorker - ERROR - error reading data from control board serial: Attempting to use a port that is not open
Traceback (most recent call last):
  File "C:\Users\owenk\OneDrive\Desktop\Arduino\temperature chamber\temperature_chamber\interface\pyqt5\t-chamber\serialCaptureWorker.py", line 119, in read_data
    response = self.ser.readline().decode('utf-8').strip()
               ^^^^^^^^^^^^^^^^^^^
  File "C:\Users\owenk\anaconda3\Lib\site-packages\serial\serialwin32.py", line 269, in read
    raise PortNotOpenError()
serial.serialutil.PortNotOpenError: Attempting to use a port that is not open
2024-10-31 11:09:03 - testBoardWorker - INFO - test worker thread is running
2024-10-31 11:09:03 - testBoardWorker - INFO - connection to COM7 closed now
2024-10-31 11:09:03 - mainTab - ERROR - ABCDEFGHIJKLM
2024-10-31 11:09:03 - mainTab - ERROR - incorrect test board output (10/31 11:09:03)
2024-10-31 11:39:32 - __main__ - INFO - app started
2024-10-31 11:39:32 - portSelector - INFO - ports refreshed
2024-10-31 11:49:32 - __main__ - INFO - app started
2024-10-31 11:49:32 - portSelector - INFO - ports refreshed
2024-10-31 11:49:37 - testBoardWorker - INFO - test board worker connected to arduino port: COM7
2024-10-31 11:49:38 - serialCaptureWorker - INFO - connected to arduino port: COM15
2024-10-31 11:49:38 - testBoardWorker - INFO - test board thread is running
2024-10-31 11:49:39 - serialCaptureWorker - INFO - thread is running
2024-10-31 11:49:42 - jsonFunctionality - INFO - C:/Users/owenk/OneDrive/Desktop/Arduino/temperature chamber/temperature_chamber/tests/alphabet/alphabet_test.json
2024-10-31 11:49:42 - jsonFunctionality - INFO - test directory updated to: C:\Users\owenk\OneDrive\Desktop\Arduino\temperature chamber\temperature_chamber\tests but with correct forward slashes
2024-10-31 11:49:44 - serialCaptureWorker - INFO - sent command: SHOW DATA
2024-10-31 11:49:44 - serialCaptureWorker - INFO - arduino says: Room_temp: 28.25 | Desired_temp: - | Heater: 0 | Cooler: 0 | LH Indicator: 0
2024-10-31 11:49:44 - __main__ - INFO - test starting
2024-10-31 11:49:44 - serialCaptureWorker - INFO - sent to arduino: {"test_1": {"chamber_sequences": [{"temp": 50, "duration": 60000}, {"temp": 40, "duration": 60000}], "sketch": "./alphabet.ino", "expected output": "ABCDEFGHIJKLMNOPQRSTUVWXYZ"}}
2024-10-31 11:49:44 - serialCaptureWorker - INFO - sending full test test_1
2024-10-31 11:49:44 - serialCaptureWorker - INFO - sent to arduino: {"test_2": {"chamber_sequences": [{"temp": 60, "duration": 60000}, {"temp": 70, "duration": 60000}], "sketch": "./alphabet.ino", "expected output": "ABCDEFGHIJKLMNOPQRSTUVWXYZ"}}
2024-10-31 11:49:44 - serialCaptureWorker - INFO - sending full test test_2
2024-10-31 11:49:44 - testBoardWorker - INFO - test worker thread is running
2024-10-31 11:49:44 - testBoardWorker - INFO - connection to COM7 closed now
2024-10-31 11:49:44 - __main__ - INFO - test board worker temporarily deleted
2024-10-31 11:50:40 - __main__ - INFO - app started
2024-10-31 11:50:40 - portSelector - INFO - ports refreshed
2024-10-31 11:50:49 - testBoardWorker - INFO - test board worker connected to arduino port: COM7
2024-10-31 11:50:49 - serialCaptureWorker - INFO - connected to arduino port: COM15
2024-10-31 11:50:50 - testBoardWorker - INFO - test board thread is running
2024-10-31 11:50:50 - serialCaptureWorker - INFO - thread is running
2024-10-31 11:50:53 - jsonFunctionality - INFO - C:/Users/owenk/OneDrive/Desktop/Arduino/temperature chamber/temperature_chamber/tests/alphabet/alphabet_test.json
2024-10-31 11:50:53 - jsonFunctionality - INFO - test directory updated to: C:\Users\owenk\OneDrive\Desktop\Arduino\temperature chamber\temperature_chamber\tests but with correct forward slashes
2024-10-31 11:50:55 - __main__ - INFO - test starting
2024-10-31 11:50:55 - serialCaptureWorker - INFO - sent to arduino: {"test_1": {"chamber_sequences": [{"temp": 50, "duration": 60000}, {"temp": 40, "duration": 60000}], "sketch": "./alphabet.ino", "expected output": "ABCDEFGHIJKLMNOPQRSTUVWXYZ"}}
2024-10-31 11:50:55 - serialCaptureWorker - INFO - sending full test test_1
2024-10-31 11:50:55 - serialCaptureWorker - INFO - sent command: SHOW DATA
2024-10-31 11:50:55 - serialCaptureWorker - INFO - sent to arduino: {"test_2": {"chamber_sequences": [{"temp": 60, "duration": 60000}, {"temp": 70, "duration": 60000}], "sketch": "./alphabet.ino", "expected output": "ABCDEFGHIJKLMNOPQRSTUVWXYZ"}}
2024-10-31 11:50:55 - serialCaptureWorker - INFO - sending full test test_2
2024-10-31 11:50:55 - testBoardWorker - INFO - test worker thread is running
2024-10-31 11:50:55 - testBoardWorker - INFO - connection to COM7 closed now
2024-10-31 11:50:55 - __main__ - INFO - test board worker temporarily deleted
2024-10-31 11:50:55 - __main__ - INFO - cli worker started
2024-10-31 11:50:55 - cliWorker - INFO - cli worker connected to arduino port: COM7
2024-10-31 11:50:55 - serialCaptureWorker - INFO - Error: Invalid JSON format
2024-10-31 11:50:55 - serialCaptureWorker - INFO - Error: Invalid JSON format
2024-10-31 11:50:55 - serialCaptureWorker - INFO - Room_temp: 28.19 | Desired_temp: - | Heater: 0 | Cooler: 0 | LH Indicator: 0
2024-10-31 11:50:56 - cliWorker - INFO - cli worker thread is running
2024-10-31 11:50:56 - cliWorker - INFO - running test with testdata filepath: C:/Users/owenk/OneDrive/Desktop/Arduino/temperature chamber/temperature_chamber/tests/alphabet/alphabet_test.json
2024-10-31 11:50:58 - cliWorker - INFO - command succeeded: arduino-cli board list --format json
2024-10-31 11:50:58 - cliWorker - INFO - detected fqbn: arduino:avr:uno
2024-10-31 11:50:59 - cliWorker - INFO - command succeeded: arduino-cli core list
2024-10-31 11:50:59 - cliWorker - INFO - core arduino is already installed.
2024-10-31 11:50:59 - cliWorker - INFO - compiling sketch for the board with fqbn arduino:avr:uno...
2024-10-31 11:51:01 - serialCaptureWorker - INFO - sent command: SHOW DATA
2024-10-31 11:51:01 - serialCaptureWorker - INFO - arduino says: Room_temp: 28.19 | Desired_temp: - | Heater: 0 | Cooler: 0 | LH Indicator: 0
2024-10-31 11:51:01 - cliWorker - INFO - connection to COM7 closed now
2024-10-31 11:51:02 - cliWorker - INFO - command succeeded: arduino-cli compile --fqbn arduino:avr:uno C:/Users/owenk/OneDrive/Desktop/Arduino/temperature chamber/temperature_chamber/tests/alphabet/alphabet.ino
2024-10-31 11:51:02 - cliWorker - INFO - compilation successful!
2024-10-31 11:51:03 - cliWorker - INFO - uploading sketch to board with fqbn arduino:avr:uno on port COM7...
2024-10-31 11:51:06 - serialCaptureWorker - INFO - sent command: SHOW DATA
2024-10-31 11:51:06 - serialCaptureWorker - INFO - arduino says: Room_temp: 28.19 | Desired_temp: - | Heater: 0 | Cooler: 0 | LH Indicator: 0
2024-10-31 11:51:07 - cliWorker - INFO - command succeeded: arduino-cli upload -p COM7 --fqbn arduino:avr:uno C:/Users/owenk/OneDrive/Desktop/Arduino/temperature chamber/temperature_chamber/tests/alphabet/alphabet.ino
2024-10-31 11:51:07 - cliWorker - INFO - upload successful!
2024-10-31 11:51:09 - cliWorker - WARNING - boards already detected: skipping new detect request
2024-10-31 11:51:09 - cliWorker - WARNING - failed to detect board on port COM7.
2024-10-31 11:51:10 - __main__ - INFO - cli worker quit
2024-10-31 11:51:10 - __main__ - INFO - cli worker deleted
2024-10-31 11:51:11 - __main__ - INFO - test board worker restarted
2024-10-31 11:51:11 - __main__ - WARNING - test interrupted
2024-10-31 11:51:11 - __main__ - INFO - test starting
2024-10-31 11:51:11 - __main__ - INFO - cli worker quit
2024-10-31 11:51:11 - __main__ - INFO - cli worker deleted
2024-10-31 11:51:11 - testBoardWorker - INFO - test board worker connected to arduino port: COM7
2024-10-31 11:51:11 - serialCaptureWorker - INFO - sent command: SHOW DATA
2024-10-31 11:51:11 - serialCaptureWorker - INFO - arduino says: Room_temp: 28.19 | Desired_temp: - | Heater: 0 | Cooler: 0 | LH Indicator: 0
2024-10-31 11:51:12 - testBoardWorker - INFO - test board thread is running
2024-10-31 11:51:13 - __main__ - INFO - test board worker restarted
2024-10-31 11:51:13 - serialCaptureWorker - INFO - sent to arduino: {"test_1": {"chamber_sequences": [{"temp": 50, "duration": 60000}, {"temp": 40, "duration": 60000}], "sketch": "./alphabet.ino", "expected output": "ABCDEFGHIJKLMNOPQRSTUVWXYZ"}}
2024-10-31 11:51:13 - serialCaptureWorker - INFO - sending full test test_1
2024-10-31 11:51:13 - serialCaptureWorker - INFO - sent to arduino: {"test_2": {"chamber_sequences": [{"temp": 60, "duration": 60000}, {"temp": 70, "duration": 60000}], "sketch": "./alphabet.ino", "expected output": "ABCDEFGHIJKLMNOPQRSTUVWXYZ"}}
2024-10-31 11:51:13 - serialCaptureWorker - INFO - sending full test test_2
2024-10-31 11:51:13 - testBoardWorker - ERROR - error
Traceback (most recent call last):
  File "C:\Users\owenk\OneDrive\Desktop\Arduino\temperature chamber\temperature_chamber\interface\pyqt5\t-chamber\testBoardWorker.py", line 33, in serial_setup
    self.ser = serial.Serial(self.port, self.baudrate, timeout=self.timeout)
               ^^^^^^^^^^^^^^^^^^^^^^^^^^^^^^^^^^^^^^^^^^^^^^^^^^^^^^^^^^^^^
  File "C:\Users\owenk\anaconda3\Lib\site-packages\serial\serialwin32.py", line 33, in __init__
    super(Serial, self).__init__(*args, **kwargs)
  File "C:\Users\owenk\anaconda3\Lib\site-packages\serial\serialutil.py", line 244, in __init__
    self.open()
  File "C:\Users\owenk\anaconda3\Lib\site-packages\serial\serialwin32.py", line 64, in open
    raise SerialException("could not open port {!r}: {!r}".format(self.portstr, ctypes.WinError()))
serial.serialutil.SerialException: could not open port 'COM7': PermissionError(13, 'Access is denied.', None, 5)
2024-10-31 11:51:13 - testBoardWorker - ERROR - test board worker failed to connect to COM7
2024-10-31 11:51:13 - __main__ - INFO - test board worker temporarily deleted
2024-10-31 11:51:13 - __main__ - INFO - cli worker started
2024-10-31 11:51:13 - cliWorker - ERROR - error: could not open port 'COM7': PermissionError(13, 'Access is denied.', None, 5)
2024-10-31 11:51:13 - cliWorker - ERROR - cli worker failed to connect to COM7
2024-10-31 11:51:13 - serialCaptureWorker - INFO - Error: Invalid JSON format
2024-10-31 11:51:13 - serialCaptureWorker - INFO - sent command: SHOW DATA
2024-10-31 11:51:13 - serialCaptureWorker - INFO - Error: Invalid JSON format
2024-10-31 11:51:13 - serialCaptureWorker - INFO - Room_temp: 28.16 | Desired_temp: - | Heater: 0 | Cooler: 0 | LH Indicator: 0
2024-10-31 11:51:18 - serialCaptureWorker - INFO - sent command: SHOW DATA
2024-10-31 11:51:18 - serialCaptureWorker - INFO - arduino says: Room_temp: 28.16 | Desired_temp: - | Heater: 0 | Cooler: 0 | LH Indicator: 0
2024-10-31 11:51:24 - serialCaptureWorker - INFO - sent command: SHOW DATA
2024-10-31 11:51:24 - serialCaptureWorker - INFO - arduino says: Room_temp: 28.19 | Desired_temp: - | Heater: 0 | Cooler: 0 | LH Indicator: 0
2024-10-31 11:51:26 - testBoardWorker - INFO - test worker thread is running
2024-10-31 11:51:29 - serialCaptureWorker - INFO - sent command: SHOW DATA
2024-10-31 11:51:29 - serialCaptureWorker - INFO - arduino says: Room_temp: 28.16 | Desired_temp: - | Heater: 0 | Cooler: 0 | LH Indicator: 0
2024-10-31 11:51:34 - serialCaptureWorker - INFO - sent command: SHOW DATA
2024-10-31 11:51:34 - serialCaptureWorker - INFO - arduino says: Room_temp: 28.16 | Desired_temp: - | Heater: 0 | Cooler: 0 | LH Indicator: 0
2024-10-31 11:51:40 - testBoardWorker - INFO - test worker thread is running
2024-10-31 11:51:40 - serialCaptureWorker - INFO - sent command: SHOW DATA
2024-10-31 11:51:40 - serialCaptureWorker - INFO - arduino says: Room_temp: 28.16 | Desired_temp: - | Heater: 0 | Cooler: 0 | LH Indicator: 0
2024-10-31 11:51:45 - serialCaptureWorker - INFO - sent command: SHOW DATA
2024-10-31 11:51:45 - serialCaptureWorker - INFO - arduino says: Room_temp: 28.16 | Desired_temp: - | Heater: 0 | Cooler: 0 | LH Indicator: 0
2024-10-31 11:51:50 - serialCaptureWorker - INFO - sent command: SHOW DATA
2024-10-31 11:51:50 - serialCaptureWorker - INFO - arduino says: Room_temp: 28.16 | Desired_temp: - | Heater: 0 | Cooler: 0 | LH Indicator: 0
2024-10-31 11:51:54 - testBoardWorker - INFO - test worker thread is running
2024-10-31 11:51:56 - serialCaptureWorker - INFO - sent command: SHOW DATA
2024-10-31 11:51:56 - serialCaptureWorker - INFO - arduino says: Room_temp: 28.16 | Desired_temp: - | Heater: 0 | Cooler: 0 | LH Indicator: 0
2024-10-31 11:52:01 - serialCaptureWorker - INFO - sent command: SHOW DATA
2024-10-31 11:52:01 - serialCaptureWorker - INFO - arduino says: Room_temp: 28.16 | Desired_temp: - | Heater: 0 | Cooler: 0 | LH Indicator: 0
2024-10-31 11:52:06 - serialCaptureWorker - INFO - sent command: SHOW DATA
2024-10-31 11:52:06 - serialCaptureWorker - INFO - arduino says: Room_temp: 28.16 | Desired_temp: - | Heater: 0 | Cooler: 0 | LH Indicator: 0
2024-10-31 11:52:08 - testBoardWorker - INFO - test worker thread is running
2024-10-31 11:52:08 - serialCaptureWorker - INFO - sent command: SHOW DATA
2024-10-31 11:52:08 - serialCaptureWorker - INFO - connection to COM15 closed
2024-10-31 11:52:08 - serialCaptureWorker - ERROR - error reading data from control board serial: Attempting to use a port that is not open
Traceback (most recent call last):
  File "C:\Users\owenk\OneDrive\Desktop\Arduino\temperature chamber\temperature_chamber\interface\pyqt5\t-chamber\serialCaptureWorker.py", line 119, in read_data
    response = self.ser.readline().decode('utf-8').strip()
               ^^^^^^^^^^^^^^^^^^^
  File "C:\Users\owenk\anaconda3\Lib\site-packages\serial\serialwin32.py", line 269, in read
    raise PortNotOpenError()
serial.serialutil.PortNotOpenError: Attempting to use a port that is not open
2024-10-31 11:55:43 - __main__ - INFO - app started
2024-10-31 11:55:43 - portSelector - INFO - ports refreshed
2024-10-31 11:55:48 - testBoardWorker - INFO - test board worker connected to arduino port: COM7
2024-10-31 11:55:48 - serialCaptureWorker - INFO - connected to arduino port: COM15
2024-10-31 11:55:49 - testBoardWorker - INFO - test board thread is running
2024-10-31 11:55:49 - serialCaptureWorker - INFO - thread is running
2024-10-31 11:55:54 - jsonFunctionality - INFO - C:/Users/owenk/OneDrive/Desktop/Arduino/temperature chamber/temperature_chamber/tests/alphabet/alphabet_test.json
2024-10-31 11:55:54 - jsonFunctionality - INFO - test directory updated to: C:\Users\owenk\OneDrive\Desktop\Arduino\temperature chamber\temperature_chamber\tests but with correct forward slashes
2024-10-31 11:55:54 - serialCaptureWorker - INFO - sent command: SHOW DATA
2024-10-31 11:55:54 - serialCaptureWorker - INFO - arduino says: Room_temp: 27.94 | Desired_temp: - | Heater: 0 | Cooler: 0 | LH Indicator: 0
2024-10-31 11:55:55 - __main__ - INFO - test starting
2024-10-31 11:55:55 - serialCaptureWorker - INFO - sent to arduino: {"test_1": {"chamber_sequences": [{"temp": 50, "duration": 60000}, {"temp": 40, "duration": 60000}], "sketch": "./alphabet.ino", "expected output": "ABCDEFGHIJKLMNOPQRSTUVWXYZ"}}
2024-10-31 11:55:55 - serialCaptureWorker - INFO - sending full test test_1
2024-10-31 11:55:55 - serialCaptureWorker - INFO - sent to arduino: {"test_2": {"chamber_sequences": [{"temp": 60, "duration": 60000}, {"temp": 70, "duration": 60000}], "sketch": "./alphabet.ino", "expected output": "ABCDEFGHIJKLMNOPQRSTUVWXYZ"}}
2024-10-31 11:55:55 - serialCaptureWorker - INFO - sending full test test_2
2024-10-31 11:55:55 - testBoardWorker - INFO - test worker thread is running
2024-10-31 11:55:55 - testBoardWorker - INFO - connection to COM7 closed now
2024-10-31 11:55:55 - __main__ - INFO - test board worker temporarily deleted
2024-10-31 11:55:55 - __main__ - INFO - cli worker started
2024-10-31 11:55:55 - cliWorker - INFO - cli worker connected to arduino port: COM7
2024-10-31 11:55:55 - serialCaptureWorker - INFO - Error: Invalid JSON format
2024-10-31 11:55:55 - serialCaptureWorker - INFO - Error: Invalid JSON format
2024-10-31 11:55:55 - serialCaptureWorker - INFO - sent command: SHOW DATA
2024-10-31 11:55:56 - serialCaptureWorker - INFO - arduino says: Room_temp: 27.94 | Desired_temp: - | Heater: 0 | Cooler: 0 | LH Indicator: 0
2024-10-31 11:55:56 - cliWorker - INFO - cli worker thread is running
2024-10-31 11:55:56 - cliWorker - INFO - running test with testdata filepath: C:/Users/owenk/OneDrive/Desktop/Arduino/temperature chamber/temperature_chamber/tests/alphabet/alphabet_test.json
2024-10-31 11:55:58 - cliWorker - INFO - command succeeded: arduino-cli board list --format json
2024-10-31 11:55:58 - cliWorker - INFO - detected fqbn: arduino:avr:uno
2024-10-31 11:55:59 - cliWorker - INFO - command succeeded: arduino-cli core list
2024-10-31 11:55:59 - cliWorker - INFO - core arduino is already installed.
2024-10-31 11:55:59 - cliWorker - INFO - compiling sketch for the board with fqbn arduino:avr:uno...
2024-10-31 11:56:01 - serialCaptureWorker - INFO - sent command: SHOW DATA
2024-10-31 11:56:01 - serialCaptureWorker - INFO - arduino says: Room_temp: 27.94 | Desired_temp: - | Heater: 0 | Cooler: 0 | LH Indicator: 0
2024-10-31 11:56:02 - cliWorker - INFO - command succeeded: arduino-cli compile --fqbn arduino:avr:uno C:/Users/owenk/OneDrive/Desktop/Arduino/temperature chamber/temperature_chamber/tests/alphabet/alphabet.ino
2024-10-31 11:56:02 - cliWorker - INFO - compilation successful!
2024-10-31 11:56:03 - cliWorker - INFO - uploading sketch to board with fqbn arduino:avr:uno on port COM7...
2024-10-31 11:56:03 - jsonFunctionality - INFO - C:/Users/owenk/OneDrive/Desktop/Arduino/temperature chamber/temperature_chamber/tests/alphabet/alphabet_test.json
2024-10-31 11:56:03 - jsonFunctionality - INFO - test directory updated to: C:\Users\owenk\OneDrive\Desktop\Arduino\temperature chamber\temperature_chamber\tests but with correct forward slashes
2024-10-31 11:56:06 - serialCaptureWorker - INFO - sent command: SHOW DATA
2024-10-31 11:56:06 - serialCaptureWorker - INFO - arduino says: Room_temp: 27.94 | Desired_temp: - | Heater: 0 | Cooler: 0 | LH Indicator: 0
2024-10-31 11:56:07 - cliWorker - INFO - command succeeded: arduino-cli upload -p COM7 --fqbn arduino:avr:uno C:/Users/owenk/OneDrive/Desktop/Arduino/temperature chamber/temperature_chamber/tests/alphabet/alphabet.ino
2024-10-31 11:56:07 - cliWorker - INFO - upload successful!
2024-10-31 11:56:09 - cliWorker - WARNING - boards already detected: skipping new detect request
2024-10-31 11:56:09 - cliWorker - WARNING - failed to detect board on port COM7.
2024-10-31 11:56:10 - __main__ - INFO - cli worker quit
2024-10-31 11:56:10 - __main__ - INFO - cli worker deleted
2024-10-31 11:56:11 - __main__ - INFO - test board worker restarted
2024-10-31 11:56:11 - testBoardWorker - INFO - test board worker connected to arduino port: COM7
2024-10-31 11:56:11 - serialCaptureWorker - INFO - sent command: SHOW DATA
2024-10-31 11:56:12 - serialCaptureWorker - INFO - arduino says: Room_temp: 27.91 | Desired_temp: - | Heater: 0 | Cooler: 0 | LH Indicator: 0
2024-10-31 11:56:12 - testBoardWorker - INFO - test board thread is running
2024-10-31 11:56:17 - serialCaptureWorker - INFO - sent command: SHOW DATA
2024-10-31 11:56:17 - serialCaptureWorker - INFO - arduino says: Room_temp: 27.91 | Desired_temp: - | Heater: 0 | Cooler: 0 | LH Indicator: 0
2024-10-31 11:56:22 - serialCaptureWorker - INFO - sent command: SHOW DATA
2024-10-31 11:56:22 - serialCaptureWorker - INFO - arduino says: Room_temp: 27.91 | Desired_temp: - | Heater: 0 | Cooler: 0 | LH Indicator: 0
2024-10-31 11:56:26 - mainTab - INFO - correct test output
2024-10-31 11:56:26 - testBoardWorker - INFO - test worker thread is running
2024-10-31 11:56:26 - mainTab - INFO - correct test output
2024-10-31 11:56:27 - serialCaptureWorker - INFO - sent command: SHOW DATA
2024-10-31 11:56:27 - serialCaptureWorker - INFO - arduino says: Room_temp: 27.91 | Desired_temp: - | Heater: 0 | Cooler: 0 | LH Indicator: 0
2024-10-31 11:56:33 - serialCaptureWorker - INFO - sent command: SHOW DATA
2024-10-31 11:56:33 - serialCaptureWorker - INFO - arduino says: Room_temp: 27.91 | Desired_temp: - | Heater: 0 | Cooler: 0 | LH Indicator: 0
2024-10-31 11:56:34 - manualTab - INFO - [{'temp': 44.0, 'duration': 120000}]
2024-10-31 11:56:35 - manualTab - WARNING - test interrupted
2024-10-31 11:56:35 - serialCaptureWorker - INFO - [{'duration': 120000, 'temp': 44.0}]
2024-10-31 11:56:35 - serialCaptureWorker - INFO - sent to arduino: {"duration": 120000, "temp": 44.0}
2024-10-31 11:56:35 - manualTab - INFO - sent to arduino: [{'temp': 44.0, 'duration': 120000}]
2024-10-31 11:56:36 - serialCaptureWorker - INFO - Setting temperature to 44.00°
2024-10-31 11:56:36 - serialCaptureWorker - INFO - sent command: SHOW DATA
2024-10-31 11:56:36 - serialCaptureWorker - INFO - arduino says: Room_temp: 27.91 | Desired_temp: 44 | Heater: 0 | Cooler: 0 | LH Indicator: 0
2024-10-31 11:56:40 - testBoardWorker - INFO - test worker thread is running
2024-10-31 11:56:40 - mainTab - INFO - correct test output
2024-10-31 11:56:40 - mainTab - INFO - correct test output
2024-10-31 11:56:41 - serialCaptureWorker - INFO - sent command: SHOW DATA
2024-10-31 11:56:41 - serialCaptureWorker - INFO - arduino says: Room_temp: 27.91 | Desired_temp: 44 | Heater: 0 | Cooler: 0 | LH Indicator: 0
2024-10-31 11:56:43 - __main__ - INFO - test starting
2024-10-31 11:56:43 - serialCaptureWorker - INFO - sent to arduino: {"test_1": {"chamber_sequences": [{"temp": 50, "duration": 60000}, {"temp": 40, "duration": 60000}], "sketch": "./alphabet.ino", "expected output": "ABCDEFGHIJKLMNOPQRSTUVWXYZ"}}
2024-10-31 11:56:43 - serialCaptureWorker - INFO - sending full test test_1
2024-10-31 11:56:43 - serialCaptureWorker - INFO - sent to arduino: {"test_2": {"chamber_sequences": [{"temp": 60, "duration": 60000}, {"temp": 70, "duration": 60000}], "sketch": "./alphabet.ino", "expected output": "ABCDEFGHIJKLMNOPQRSTUVWXYZ"}}
2024-10-31 11:56:43 - serialCaptureWorker - INFO - sending full test test_2
2024-10-31 11:56:43 - testBoardWorker - INFO - connection to COM7 closed now
2024-10-31 11:56:43 - __main__ - INFO - test board worker temporarily deleted
2024-10-31 11:56:43 - __main__ - INFO - cli worker started
2024-10-31 11:56:43 - cliWorker - INFO - cli worker connected to arduino port: COM7
2024-10-31 11:56:43 - serialCaptureWorker - INFO - Error: Invalid JSON format
2024-10-31 11:56:43 - serialCaptureWorker - INFO - sent command: SHOW DATA
2024-10-31 11:56:43 - mainTab - ERROR - ABCDE
2024-10-31 11:56:43 - mainTab - ERROR - incorrect test board output (10/31 11:56:43)
2024-10-31 11:56:43 - serialCaptureWorker - INFO - Error: Invalid JSON format
2024-10-31 11:56:43 - serialCaptureWorker - INFO - Room_temp: 27.91 | Desired_temp: 44 | Heater: 0 | Cooler: 0 | LH Indicator: 0
2024-10-31 11:56:44 - cliWorker - INFO - cli worker thread is running
2024-10-31 11:56:44 - cliWorker - INFO - running test with testdata filepath: C:/Users/owenk/OneDrive/Desktop/Arduino/temperature chamber/temperature_chamber/tests/alphabet/alphabet_test.json
2024-10-31 11:56:46 - cliWorker - INFO - command succeeded: arduino-cli board list --format json
2024-10-31 11:56:46 - cliWorker - INFO - detected fqbn: arduino:avr:uno
2024-10-31 11:56:47 - cliWorker - INFO - command succeeded: arduino-cli core list
2024-10-31 11:56:47 - cliWorker - INFO - core arduino is already installed.
2024-10-31 11:56:47 - cliWorker - INFO - compiling sketch for the board with fqbn arduino:avr:uno...
2024-10-31 11:56:48 - serialCaptureWorker - INFO - sent command: SHOW DATA
2024-10-31 11:56:48 - serialCaptureWorker - INFO - arduino says: Room_temp: 27.91 | Desired_temp: 44 | Heater: 0 | Cooler: 0 | LH Indicator: 0
2024-10-31 11:56:49 - cliWorker - INFO - connection to COM7 closed now
2024-10-31 11:56:50 - cliWorker - INFO - command succeeded: arduino-cli compile --fqbn arduino:avr:uno C:/Users/owenk/OneDrive/Desktop/Arduino/temperature chamber/temperature_chamber/tests/alphabet/alphabet.ino
2024-10-31 11:56:50 - cliWorker - INFO - compilation successful!
2024-10-31 11:56:50 - cliWorker - INFO - uploading sketch to board with fqbn arduino:avr:uno on port COM7...
2024-10-31 11:56:54 - serialCaptureWorker - INFO - sent command: SHOW DATA
2024-10-31 11:56:54 - serialCaptureWorker - INFO - arduino says: Room_temp: 27.91 | Desired_temp: 44 | Heater: 0 | Cooler: 0 | LH Indicator: 0
2024-10-31 11:56:54 - cliWorker - INFO - command succeeded: arduino-cli upload -p COM7 --fqbn arduino:avr:uno C:/Users/owenk/OneDrive/Desktop/Arduino/temperature chamber/temperature_chamber/tests/alphabet/alphabet.ino
2024-10-31 11:56:54 - cliWorker - INFO - upload successful!
2024-10-31 11:56:57 - cliWorker - WARNING - boards already detected: skipping new detect request
2024-10-31 11:56:57 - cliWorker - WARNING - failed to detect board on port COM7.
2024-10-31 11:56:57 - __main__ - INFO - cli worker quit
2024-10-31 11:56:57 - __main__ - INFO - cli worker deleted
2024-10-31 11:56:58 - __main__ - WARNING - test interrupted
2024-10-31 11:56:58 - __main__ - INFO - test starting
2024-10-31 11:56:58 - __main__ - INFO - cli worker quit
2024-10-31 11:56:58 - __main__ - INFO - cli worker deleted
2024-10-31 11:56:59 - serialCaptureWorker - INFO - sent command: SHOW DATA
2024-10-31 11:56:59 - serialCaptureWorker - INFO - arduino says: Room_temp: 27.91 | Desired_temp: 44 | Heater: 0 | Cooler: 0 | LH Indicator: 0
2024-10-31 11:57:00 - __main__ - INFO - test board worker restarted
2024-10-31 11:57:00 - serialCaptureWorker - INFO - sent to arduino: {"test_1": {"chamber_sequences": [{"temp": 50, "duration": 60000}, {"temp": 40, "duration": 60000}], "sketch": "./alphabet.ino", "expected output": "ABCDEFGHIJKLMNOPQRSTUVWXYZ"}}
2024-10-31 11:57:00 - serialCaptureWorker - INFO - sending full test test_1
2024-10-31 11:57:00 - testBoardWorker - INFO - test board worker connected to arduino port: COM7
2024-10-31 11:57:00 - serialCaptureWorker - INFO - sent to arduino: {"test_2": {"chamber_sequences": [{"temp": 60, "duration": 60000}, {"temp": 70, "duration": 60000}], "sketch": "./alphabet.ino", "expected output": "ABCDEFGHIJKLMNOPQRSTUVWXYZ"}}
2024-10-31 11:57:00 - serialCaptureWorker - INFO - sending full test test_2
2024-10-31 11:57:00 - testBoardWorker - INFO - connection to COM7 closed now
2024-10-31 11:57:00 - serialCaptureWorker - INFO - Error: Invalid JSON format
2024-10-31 11:57:00 - serialCaptureWorker - INFO - sent command: SHOW DATA
2024-10-31 11:57:00 - serialCaptureWorker - INFO - Error: Invalid JSON format
2024-10-31 11:57:01 - serialCaptureWorker - INFO - Room_temp: 27.87 | Desired_temp: 44 | Heater: 0 | Cooler: 0 | LH Indicator: 0
2024-10-31 11:57:01 - testBoardWorker - INFO - test board thread is running
2024-10-31 11:57:01 - __main__ - INFO - test board worker temporarily deleted
2024-10-31 11:57:01 - __main__ - INFO - cli worker started
2024-10-31 11:57:01 - cliWorker - INFO - cli worker connected to arduino port: COM7
2024-10-31 11:57:02 - cliWorker - INFO - cli worker thread is running
2024-10-31 11:57:02 - cliWorker - INFO - running test with testdata filepath: C:/Users/owenk/OneDrive/Desktop/Arduino/temperature chamber/temperature_chamber/tests/alphabet/alphabet_test.json
2024-10-31 11:57:04 - cliWorker - INFO - command succeeded: arduino-cli board list --format json
2024-10-31 11:57:04 - cliWorker - INFO - detected fqbn: arduino:avr:uno
2024-10-31 11:57:05 - cliWorker - INFO - command succeeded: arduino-cli core list
2024-10-31 11:57:05 - cliWorker - INFO - core arduino is already installed.
2024-10-31 11:57:05 - cliWorker - INFO - compiling sketch for the board with fqbn arduino:avr:uno...
2024-10-31 11:57:06 - serialCaptureWorker - INFO - sent command: SHOW DATA
2024-10-31 11:57:06 - serialCaptureWorker - INFO - arduino says: Room_temp: 27.87 | Desired_temp: 44 | Heater: 0 | Cooler: 0 | LH Indicator: 0
2024-10-31 11:57:08 - cliWorker - INFO - command succeeded: arduino-cli compile --fqbn arduino:avr:uno C:/Users/owenk/OneDrive/Desktop/Arduino/temperature chamber/temperature_chamber/tests/alphabet/alphabet.ino
2024-10-31 11:57:08 - cliWorker - INFO - compilation successful!
2024-10-31 11:57:08 - cliWorker - INFO - uploading sketch to board with fqbn arduino:avr:uno on port COM7...
2024-10-31 11:57:11 - serialCaptureWorker - INFO - sent command: SHOW DATA
2024-10-31 11:57:11 - serialCaptureWorker - INFO - arduino says: Room_temp: 27.84 | Desired_temp: 44 | Heater: 0 | Cooler: 0 | LH Indicator: 0
2024-10-31 11:57:13 - cliWorker - INFO - command succeeded: arduino-cli upload -p COM7 --fqbn arduino:avr:uno C:/Users/owenk/OneDrive/Desktop/Arduino/temperature chamber/temperature_chamber/tests/alphabet/alphabet.ino
2024-10-31 11:57:13 - cliWorker - INFO - upload successful!
2024-10-31 11:57:15 - cliWorker - WARNING - boards already detected: skipping new detect request
2024-10-31 11:57:15 - cliWorker - WARNING - failed to detect board on port COM7.
2024-10-31 11:57:15 - __main__ - INFO - cli worker quit
2024-10-31 11:57:15 - __main__ - INFO - cli worker deleted
2024-10-31 11:57:16 - serialCaptureWorker - INFO - sent command: SHOW DATA
2024-10-31 11:57:16 - serialCaptureWorker - INFO - arduino says: Room_temp: 27.84 | Desired_temp: 44 | Heater: 0 | Cooler: 0 | LH Indicator: 0
2024-10-31 11:57:17 - __main__ - INFO - test board worker restarted
2024-10-31 11:57:17 - testBoardWorker - INFO - test board worker connected to arduino port: COM7
2024-10-31 11:57:18 - testBoardWorker - INFO - test board thread is running
2024-10-31 11:57:21 - serialCaptureWorker - INFO - sent command: SHOW DATA
2024-10-31 11:57:21 - serialCaptureWorker - INFO - arduino says: Room_temp: 27.84 | Desired_temp: 44 | Heater: 0 | Cooler: 0 | LH Indicator: 0
2024-10-31 11:57:27 - serialCaptureWorker - INFO - sent command: SHOW DATA
2024-10-31 11:57:27 - serialCaptureWorker - INFO - arduino says: Room_temp: 27.84 | Desired_temp: 44 | Heater: 0 | Cooler: 0 | LH Indicator: 0
2024-10-31 11:57:31 - testBoardWorker - INFO - test worker thread is running
2024-10-31 11:57:31 - mainTab - INFO - correct test output
2024-10-31 11:57:31 - mainTab - INFO - correct test output
2024-10-31 11:57:32 - serialCaptureWorker - INFO - sent command: SHOW DATA
2024-10-31 11:57:32 - serialCaptureWorker - INFO - arduino says: Room_temp: 27.84 | Desired_temp: 44 | Heater: 0 | Cooler: 0 | LH Indicator: 0
2024-10-31 11:57:37 - serialCaptureWorker - INFO - sent command: SHOW DATA
2024-10-31 11:57:37 - serialCaptureWorker - INFO - arduino says: Room_temp: 27.84 | Desired_temp: 44 | Heater: 0 | Cooler: 0 | LH Indicator: 0
2024-10-31 11:57:42 - serialCaptureWorker - INFO - sent command: SHOW DATA
2024-10-31 11:57:42 - serialCaptureWorker - INFO - arduino says: Room_temp: 27.84 | Desired_temp: 44 | Heater: 0 | Cooler: 0 | LH Indicator: 0
2024-10-31 11:57:45 - testBoardWorker - INFO - test worker thread is running
2024-10-31 11:57:45 - mainTab - INFO - correct test output
2024-10-31 11:57:45 - mainTab - INFO - correct test output
2024-10-31 11:57:47 - serialCaptureWorker - INFO - sent command: SHOW DATA
2024-10-31 11:57:48 - serialCaptureWorker - INFO - arduino says: Room_temp: 27.84 | Desired_temp: 44 | Heater: 0 | Cooler: 0 | LH Indicator: 0
2024-10-31 11:57:53 - serialCaptureWorker - INFO - sent command: SHOW DATA
2024-10-31 11:57:53 - serialCaptureWorker - INFO - arduino says: Room_temp: 27.81 | Desired_temp: 44 | Heater: 0 | Cooler: 0 | LH Indicator: 0
2024-10-31 11:57:58 - serialCaptureWorker - INFO - sent command: SHOW DATA
2024-10-31 11:57:58 - serialCaptureWorker - INFO - arduino says: Room_temp: 27.81 | Desired_temp: 44 | Heater: 0 | Cooler: 0 | LH Indicator: 0
2024-10-31 11:57:59 - testBoardWorker - INFO - test worker thread is running
2024-10-31 11:57:59 - mainTab - INFO - correct test output
2024-10-31 11:57:59 - mainTab - INFO - correct test output
2024-10-31 11:58:03 - serialCaptureWorker - INFO - sent command: SHOW DATA
2024-10-31 11:58:03 - serialCaptureWorker - INFO - arduino says: Room_temp: 27.81 | Desired_temp: 44 | Heater: 0 | Cooler: 0 | LH Indicator: 0
2024-10-31 11:58:05 - manualTab - INFO - [{'temp': 33.0, 'duration': 60000}]
2024-10-31 11:58:06 - manualTab - WARNING - test interrupted
2024-10-31 11:58:06 - serialCaptureWorker - INFO - [{'duration': 60000, 'temp': 33.0}]
2024-10-31 11:58:06 - serialCaptureWorker - INFO - sent to arduino: {"duration": 60000, "temp": 33.0}
2024-10-31 11:58:06 - manualTab - INFO - sent to arduino: [{'temp': 33.0, 'duration': 60000}]
2024-10-31 11:58:07 - serialCaptureWorker - INFO - Setting temperature to 33.00°
2024-10-31 11:58:07 - serialCaptureWorker - INFO - sent command: SHOW DATA
2024-10-31 11:58:07 - serialCaptureWorker - INFO - arduino says: Room_temp: 27.81 | Desired_temp: 33 | Heater: 0 | Cooler: 0 | LH Indicator: 0
2024-10-31 11:58:12 - serialCaptureWorker - INFO - sent command: SHOW DATA
2024-10-31 11:58:12 - serialCaptureWorker - INFO - arduino says: Room_temp: 27.81 | Desired_temp: 33 | Heater: 0 | Cooler: 0 | LH Indicator: 0
2024-10-31 11:58:13 - testBoardWorker - INFO - test worker thread is running
2024-10-31 11:58:13 - mainTab - INFO - correct test output
2024-10-31 11:58:13 - mainTab - INFO - correct test output
2024-10-31 11:58:17 - serialCaptureWorker - ERROR - error sending command: WriteFile failed (OSError(9, 'The handle is invalid.', None, 6))
Traceback (most recent call last):
  File "C:\Users\owenk\OneDrive\Desktop\Arduino\temperature chamber\temperature_chamber\interface\pyqt5\t-chamber\serialCaptureWorker.py", line 85, in send_command
    self.ser.write((command + '\n').encode('utf-8'))  # encode command in serial
    ^^^^^^^^^^^^^^^^^^^^^^^^^^^^^^^^^^^^^^^^^^^^^^^^
  File "C:\Users\owenk\anaconda3\Lib\site-packages\serial\serialwin32.py", line 317, in write
    raise SerialException("WriteFile failed ({!r})".format(ctypes.WinError()))
serial.serialutil.SerialException: WriteFile failed (OSError(9, 'The handle is invalid.', None, 6))
2024-10-31 11:58:17 - serialCaptureWorker - INFO - connection to COM15 closed
2024-10-31 11:58:17 - serialCaptureWorker - ERROR - error reading data from control board serial: Attempting to use a port that is not open
Traceback (most recent call last):
  File "C:\Users\owenk\OneDrive\Desktop\Arduino\temperature chamber\temperature_chamber\interface\pyqt5\t-chamber\serialCaptureWorker.py", line 119, in read_data
    response = self.ser.readline().decode('utf-8').strip()
               ^^^^^^^^^^^^^^^^^^^
  File "C:\Users\owenk\anaconda3\Lib\site-packages\serial\serialwin32.py", line 269, in read
    raise PortNotOpenError()
serial.serialutil.PortNotOpenError: Attempting to use a port that is not open
2024-10-31 11:58:17 - testBoardWorker - INFO - connection to COM7 closed now
2024-10-31 11:58:17 - mainTab - ERROR - ABCDEF
2024-10-31 11:58:17 - mainTab - ERROR - incorrect test board output (10/31 11:58:17)
