2024-10-29 07:47:54 - __main__ - INFO - app started
2024-10-29 07:48:00 - testBoardWorker - INFO - test board worker connected to arduino port: COM7
2024-10-29 07:48:00 - serialCaptureWorker - INFO - connected to arduino port: COM15
2024-10-29 07:48:01 - testBoardWorker - INFO - test board thread is running
2024-10-29 07:48:01 - serialCaptureWorker - INFO - thread is running
2024-10-29 07:48:05 - testBoardWorker - INFO - test worker thread is running
2024-10-29 07:48:06 - serialCaptureWorker - INFO - sent command: SHOW DATA
2024-10-29 07:48:06 - serialCaptureWorker - INFO - arduino says: Room_temp: 20.84 | Desired_temp: - | Heater: 0 | Cooler: 0 | LH Indicator: 0
2024-10-29 07:48:11 - testBoardWorker - INFO - test worker thread is running
2024-10-29 07:48:11 - serialCaptureWorker - INFO - sent command: SHOW DATA
2024-10-29 07:48:12 - serialCaptureWorker - INFO - arduino says: Room_temp: 20.87 | Desired_temp: - | Heater: 0 | Cooler: 0 | LH Indicator: 0
2024-10-29 07:48:12 - jsonFunctionality - INFO - C:/Users/owenk/OneDrive/Desktop/Arduino/temperature chamber/temperature_chamber/tests/alphabet/alphabet_test.json
2024-10-29 07:48:12 - jsonFunctionality - INFO - test directory updated to: C:\Users\owenk\OneDrive\Desktop\Arduino\temperature chamber\temperature_chamber\tests but with correct forward slashes
2024-10-29 07:48:14 - serialCaptureWorker - INFO - sent to arduino: {"test_1": {"chamber_sequences": [{"temp": 50, "duration": 60000}, {"temp": 40, "duration": 60000}], "sketch": "./alphabet.ino", "expected output": "consistently print the alphabet."}}
2024-10-29 07:48:14 - serialCaptureWorker - INFO - sending full test test_1
2024-10-29 07:48:14 - serialCaptureWorker - INFO - sent to arduino: {"test_2": {"chamber_sequences": [{"temp": 60, "duration": 60000}, {"temp": 70, "duration": 60000}], "sketch": "./alphabet.ino", "expected output": "consistently print the alphabet."}}
2024-10-29 07:48:14 - serialCaptureWorker - INFO - sending full test test_2
2024-10-29 07:48:14 - testBoardWorker - INFO - connection to COM7 closed now
2024-10-29 07:48:14 - __main__ - INFO - test board worker temporarily deleted
2024-10-29 07:48:14 - cliWorker - INFO - cli worker connected to arduino port: COM7
2024-10-29 07:48:14 - serialCaptureWorker - INFO - Setting temperature to 50.00°
2024-10-29 07:48:14 - serialCaptureWorker - INFO - sent command: SHOW DATA
2024-10-29 07:48:14 - serialCaptureWorker - INFO - Error: Invalid JSON format
2024-10-29 07:48:14 - serialCaptureWorker - INFO - Running sequence: Target temp = 50.00 Duration = 60000
2024-10-29 07:48:14 - serialCaptureWorker - INFO - Waiting for target temp to be reached
2024-10-29 07:48:14 - serialCaptureWorker - INFO - Room_temp: 20.84 | Desired_temp: 50 | Heater: 0 | Cooler: 0 | LH Indicator: 0
2024-10-29 07:48:15 - cliWorker - INFO - cli worker thread is running
2024-10-29 07:48:15 - cliWorker - INFO - running test with testdata filepath: C:/Users/owenk/OneDrive/Desktop/Arduino/temperature chamber/temperature_chamber/tests/alphabet/alphabet_test.json
2024-10-29 07:48:17 - cliWorker - INFO - command succeeded: arduino-cli board list --format json
2024-10-29 07:48:17 - cliWorker - INFO - detected fqbn: arduino:avr:uno
2024-10-29 07:48:19 - cliWorker - INFO - command succeeded: arduino-cli core list
2024-10-29 07:48:19 - cliWorker - INFO - core arduino is already installed.
2024-10-29 07:48:19 - cliWorker - INFO - compiling sketch for the board with fqbn arduino:avr:uno...
2024-10-29 07:48:20 - serialCaptureWorker - INFO - sent command: SHOW DATA
2024-10-29 07:48:20 - serialCaptureWorker - INFO - arduino says: Room_temp: 20.87 | Desired_temp: 50 | Heater: 1 | Cooler: 0 | LH Indicator: 1
2024-10-29 07:48:23 - cliWorker - INFO - command succeeded: arduino-cli compile --fqbn arduino:avr:uno C:/Users/owenk/OneDrive/Desktop/Arduino/temperature chamber/temperature_chamber/tests/alphabet/alphabet.ino
2024-10-29 07:48:23 - cliWorker - INFO - compilation successful!
2024-10-29 07:48:23 - cliWorker - INFO - uploading sketch to board with fqbn arduino:avr:uno on port COM7...
2024-10-29 07:48:25 - serialCaptureWorker - INFO - sent command: SHOW DATA
2024-10-29 07:48:25 - serialCaptureWorker - INFO - arduino says: Room_temp: 20.87 | Desired_temp: 50 | Heater: 1 | Cooler: 0 | LH Indicator: 1
2024-10-29 07:48:28 - cliWorker - INFO - command succeeded: arduino-cli upload -p COM7 --fqbn arduino:avr:uno C:/Users/owenk/OneDrive/Desktop/Arduino/temperature chamber/temperature_chamber/tests/alphabet/alphabet.ino
2024-10-29 07:48:28 - cliWorker - INFO - upload successful!
2024-10-29 07:48:30 - serialCaptureWorker - INFO - sent command: SHOW DATA
2024-10-29 07:48:30 - cliWorker - WARNING - boards already detected: skipping new detect request
2024-10-29 07:48:30 - cliWorker - WARNING - failed to detect board on port COM7.
2024-10-29 07:48:30 - serialCaptureWorker - INFO - arduino says: Room_temp: 20.91 | Desired_temp: 50 | Heater: 1 | Cooler: 0 | LH Indicator: 1
2024-10-29 07:48:30 - __main__ - INFO - cli worker quit
2024-10-29 07:48:30 - __main__ - INFO - cli worker deleted
2024-10-29 07:48:32 - __main__ - INFO - test board worker restarted
2024-10-29 07:48:32 - testBoardWorker - INFO - test board worker connected to arduino port: COM7
2024-10-29 07:48:33 - testBoardWorker - INFO - test board thread is running
2024-10-29 07:48:35 - serialCaptureWorker - INFO - sent command: SHOW DATA
2024-10-29 07:48:35 - serialCaptureWorker - INFO - arduino says: Room_temp: 20.91 | Desired_temp: 50 | Heater: 1 | Cooler: 0 | LH Indicator: 1
2024-10-29 07:48:37 - testBoardWorker - INFO - test worker thread is running
2024-10-29 07:48:40 - serialCaptureWorker - INFO - sent command: SHOW DATA
2024-10-29 07:48:41 - serialCaptureWorker - INFO - arduino says: Room_temp: 20.94 | Desired_temp: 50 | Heater: 1 | Cooler: 0 | LH Indicator: 1
2024-10-29 07:48:42 - testBoardWorker - INFO - test worker thread is running
2024-10-29 07:48:46 - serialCaptureWorker - INFO - sent command: SHOW DATA
2024-10-29 07:48:46 - serialCaptureWorker - INFO - arduino says: Room_temp: 21.00 | Desired_temp: 50 | Heater: 1 | Cooler: 0 | LH Indicator: 1
2024-10-29 07:48:47 - testBoardWorker - INFO - test worker thread is running
2024-10-29 07:48:49 - manualTab - INFO - [{'temp': 33.0, 'duration': 120000}]
2024-10-29 07:48:49 - serialCaptureWorker - INFO - [{'duration': 120000, 'temp': 33.0}]
2024-10-29 07:48:49 - serialCaptureWorker - INFO - sent to arduino: {"duration": 120000, "temp": 33.0}
2024-10-29 07:48:49 - manualTab - INFO - sent to arduino: [{'temp': 33.0, 'duration': 120000}]
2024-10-29 07:48:49 - serialCaptureWorker - INFO - Setting temperature to 33.00°
2024-10-29 07:48:49 - serialCaptureWorker - INFO - sent command: SHOW DATA
2024-10-29 07:48:49 - serialCaptureWorker - INFO - arduino says: Room_temp: 21.03 | Desired_temp: 33 | Heater: 1 | Cooler: 0 | LH Indicator: 1
2024-10-29 07:48:52 - testBoardWorker - INFO - test worker thread is running
2024-10-29 07:48:54 - serialCaptureWorker - INFO - sent command: SHOW DATA
2024-10-29 07:48:54 - serialCaptureWorker - INFO - arduino says: Room_temp: 21.12 | Desired_temp: 33 | Heater: 1 | Cooler: 0 | LH Indicator: 1
2024-10-29 07:48:58 - testBoardWorker - INFO - test worker thread is running
2024-10-29 07:49:00 - serialCaptureWorker - INFO - sent command: SHOW DATA
2024-10-29 07:49:00 - serialCaptureWorker - INFO - arduino says: Room_temp: 21.22 | Desired_temp: 33 | Heater: 1 | Cooler: 0 | LH Indicator: 1
2024-10-29 07:49:03 - testBoardWorker - INFO - test worker thread is running
2024-10-29 07:49:05 - serialCaptureWorker - INFO - sent command: SHOW DATA
2024-10-29 07:49:05 - serialCaptureWorker - INFO - arduino says: Room_temp: 21.34 | Desired_temp: 33 | Heater: 1 | Cooler: 0 | LH Indicator: 1
2024-10-29 07:49:07 - serialCaptureWorker - INFO - sent to arduino: {"test_1": {"chamber_sequences": [{"temp": 50, "duration": 60000}, {"temp": 40, "duration": 60000}], "sketch": "./alphabet.ino", "expected output": "consistently print the alphabet."}}
2024-10-29 07:49:07 - serialCaptureWorker - INFO - sending full test test_1
2024-10-29 07:49:07 - serialCaptureWorker - INFO - sent to arduino: {"test_2": {"chamber_sequences": [{"temp": 60, "duration": 60000}, {"temp": 70, "duration": 60000}], "sketch": "./alphabet.ino", "expected output": "consistently print the alphabet."}}
2024-10-29 07:49:07 - serialCaptureWorker - INFO - sending full test test_2
2024-10-29 07:49:07 - testBoardWorker - INFO - connection to COM7 closed now
2024-10-29 07:49:07 - __main__ - INFO - test board worker temporarily deleted
2024-10-29 07:49:07 - cliWorker - INFO - cli worker connected to arduino port: COM7
2024-10-29 07:49:07 - serialCaptureWorker - INFO - Setting temperature to 50.00°
2024-10-29 07:49:07 - serialCaptureWorker - INFO - sent command: SHOW DATA
2024-10-29 07:49:08 - serialCaptureWorker - INFO - Error: Invalid JSON format
2024-10-29 07:49:08 - serialCaptureWorker - INFO - Room_temp: 21.44 | Desired_temp: 50 | Heater: 1 | Cooler: 0 | LH Indicator: 1
2024-10-29 07:49:08 - cliWorker - INFO - cli worker thread is running
2024-10-29 07:49:08 - cliWorker - INFO - running test with testdata filepath: C:/Users/owenk/OneDrive/Desktop/Arduino/temperature chamber/temperature_chamber/tests/alphabet/alphabet_test.json
2024-10-29 07:49:10 - cliWorker - INFO - command succeeded: arduino-cli board list --format json
2024-10-29 07:49:10 - cliWorker - INFO - detected fqbn: arduino:avr:uno
2024-10-29 07:49:12 - cliWorker - INFO - command succeeded: arduino-cli core list
2024-10-29 07:49:12 - cliWorker - INFO - core arduino is already installed.
2024-10-29 07:49:12 - cliWorker - INFO - compiling sketch for the board with fqbn arduino:avr:uno...
2024-10-29 07:49:13 - serialCaptureWorker - INFO - sent command: SHOW DATA
2024-10-29 07:49:13 - serialCaptureWorker - INFO - arduino says: Room_temp: 21.56 | Desired_temp: 50 | Heater: 1 | Cooler: 0 | LH Indicator: 1
2024-10-29 07:49:15 - cliWorker - INFO - command succeeded: arduino-cli compile --fqbn arduino:avr:uno C:/Users/owenk/OneDrive/Desktop/Arduino/temperature chamber/temperature_chamber/tests/alphabet/alphabet.ino
2024-10-29 07:49:15 - cliWorker - INFO - compilation successful!
2024-10-29 07:49:15 - cliWorker - INFO - uploading sketch to board with fqbn arduino:avr:uno on port COM7...
2024-10-29 07:49:18 - serialCaptureWorker - INFO - sent command: SHOW DATA
2024-10-29 07:49:18 - serialCaptureWorker - INFO - arduino says: Room_temp: 21.72 | Desired_temp: 50 | Heater: 1 | Cooler: 0 | LH Indicator: 1
2024-10-29 07:49:20 - cliWorker - INFO - command succeeded: arduino-cli upload -p COM7 --fqbn arduino:avr:uno C:/Users/owenk/OneDrive/Desktop/Arduino/temperature chamber/temperature_chamber/tests/alphabet/alphabet.ino
2024-10-29 07:49:20 - cliWorker - INFO - upload successful!
2024-10-29 07:49:22 - cliWorker - WARNING - boards already detected: skipping new detect request
2024-10-29 07:49:22 - cliWorker - WARNING - failed to detect board on port COM7.
2024-10-29 07:49:22 - __main__ - INFO - cli worker quit
2024-10-29 07:49:22 - __main__ - INFO - cli worker deleted
2024-10-29 07:49:23 - serialCaptureWorker - INFO - sent command: SHOW DATA
2024-10-29 07:49:23 - serialCaptureWorker - INFO - arduino says: Room_temp: 21.94 | Desired_temp: 50 | Heater: 1 | Cooler: 0 | LH Indicator: 1
2024-10-29 07:49:24 - __main__ - INFO - test board worker restarted
2024-10-29 07:49:24 - testBoardWorker - INFO - test board worker connected to arduino port: COM7
2024-10-29 07:49:25 - testBoardWorker - INFO - test board thread is running
2024-10-29 07:49:28 - serialCaptureWorker - INFO - sent command: SHOW DATA
2024-10-29 07:49:29 - serialCaptureWorker - INFO - arduino says: Room_temp: 22.09 | Desired_temp: 50 | Heater: 1 | Cooler: 0 | LH Indicator: 1
2024-10-29 07:49:29 - testBoardWorker - INFO - test worker thread is running
2024-10-29 07:49:30 - serialCaptureWorker - ERROR - error sending command: WriteFile failed (OSError(9, 'The handle is invalid.', None, 6))
Traceback (most recent call last):
  File "C:\Users\owenk\OneDrive\Desktop\Arduino\temperature chamber\temperature_chamber\interface\pyqt5\t-chamber\serialCaptureWorker.py", line 95, in send_command
    self.ser.write((command + '\n').encode('utf-8'))  # encode command in serial
    ^^^^^^^^^^^^^^^^^^^^^^^^^^^^^^^^^^^^^^^^^^^^^^^^
  File "C:\Users\owenk\anaconda3\Lib\site-packages\serial\serialwin32.py", line 317, in write
    raise SerialException("WriteFile failed ({!r})".format(ctypes.WinError()))
serial.serialutil.SerialException: WriteFile failed (OSError(9, 'The handle is invalid.', None, 6))
2024-10-29 07:49:30 - serialCaptureWorker - INFO - connection to COM15 closed
2024-10-29 07:49:30 - serialCaptureWorker - ERROR - error reading data from control board serial: Attempting to use a port that is not open
Traceback (most recent call last):
  File "C:\Users\owenk\OneDrive\Desktop\Arduino\temperature chamber\temperature_chamber\interface\pyqt5\t-chamber\serialCaptureWorker.py", line 129, in read_data
    response = self.ser.readline().decode('utf-8').strip()
               ^^^^^^^^^^^^^^^^^^^
  File "C:\Users\owenk\anaconda3\Lib\site-packages\serial\serialwin32.py", line 269, in read
    raise PortNotOpenError()
serial.serialutil.PortNotOpenError: Attempting to use a port that is not open
2024-10-29 07:49:30 - testBoardWorker - INFO - connection to COM7 closed now
2024-10-29 07:56:55 - __main__ - INFO - app started
2024-10-29 07:57:11 - testBoardWorker - INFO - test board worker connected to arduino port: COM7
2024-10-29 07:57:11 - serialCaptureWorker - INFO - connected to arduino port: COM15
2024-10-29 07:57:12 - testBoardWorker - INFO - test board thread is running
2024-10-29 07:57:12 - serialCaptureWorker - INFO - thread is running
2024-10-29 07:57:15 - serialCaptureWorker - ERROR - error sending command: WriteFile failed (OSError(9, 'The handle is invalid.', None, 6))
Traceback (most recent call last):
  File "C:\Users\owenk\OneDrive\Desktop\Arduino\temperature chamber\temperature_chamber\interface\pyqt5\t-chamber\serialCaptureWorker.py", line 95, in send_command
    self.ser.write((command + '\n').encode('utf-8'))  # encode command in serial
    ^^^^^^^^^^^^^^^^^^^^^^^^^^^^^^^^^^^^^^^^^^^^^^^^
  File "C:\Users\owenk\anaconda3\Lib\site-packages\serial\serialwin32.py", line 317, in write
    raise SerialException("WriteFile failed ({!r})".format(ctypes.WinError()))
serial.serialutil.SerialException: WriteFile failed (OSError(9, 'The handle is invalid.', None, 6))
2024-10-29 07:57:15 - serialCaptureWorker - INFO - connection to COM15 closed
2024-10-29 07:57:15 - serialCaptureWorker - ERROR - error reading data from control board serial: Attempting to use a port that is not open
Traceback (most recent call last):
  File "C:\Users\owenk\OneDrive\Desktop\Arduino\temperature chamber\temperature_chamber\interface\pyqt5\t-chamber\serialCaptureWorker.py", line 129, in read_data
    response = self.ser.readline().decode('utf-8').strip()
               ^^^^^^^^^^^^^^^^^^^
  File "C:\Users\owenk\anaconda3\Lib\site-packages\serial\serialwin32.py", line 269, in read
    raise PortNotOpenError()
serial.serialutil.PortNotOpenError: Attempting to use a port that is not open
2024-10-29 07:57:15 - testBoardWorker - INFO - connection to COM7 closed now
2024-10-29 07:57:22 - __main__ - INFO - app started
2024-10-29 07:57:27 - testBoardWorker - INFO - test board worker connected to arduino port: COM7
2024-10-29 07:57:28 - serialCaptureWorker - INFO - connected to arduino port: COM15
2024-10-29 07:57:28 - testBoardWorker - INFO - test board thread is running
2024-10-29 07:57:29 - serialCaptureWorker - INFO - thread is running
2024-10-29 07:57:32 - testBoardWorker - INFO - test worker thread is running
2024-10-29 07:57:34 - serialCaptureWorker - INFO - sent command: SHOW DATA
2024-10-29 07:57:34 - serialCaptureWorker - INFO - arduino says: Room_temp: 27.00 | Desired_temp: - | Heater: 0 | Cooler: 0 | LH Indicator: 0
2024-10-29 07:57:37 - testBoardWorker - INFO - test worker thread is running
2024-10-29 07:57:39 - serialCaptureWorker - INFO - sent command: SHOW DATA
2024-10-29 07:57:39 - serialCaptureWorker - INFO - arduino says: Room_temp: 27.00 | Desired_temp: - | Heater: 0 | Cooler: 0 | LH Indicator: 0
2024-10-29 07:57:43 - testBoardWorker - INFO - test worker thread is running
2024-10-29 07:57:44 - serialCaptureWorker - INFO - sent command: SHOW DATA
2024-10-29 07:57:44 - serialCaptureWorker - INFO - arduino says: Room_temp: 27.00 | Desired_temp: - | Heater: 0 | Cooler: 0 | LH Indicator: 0
2024-10-29 07:57:45 - manualTab - INFO - [{'temp': 30.0, 'duration': 120000}]
2024-10-29 07:57:45 - serialCaptureWorker - INFO - [{'duration': 120000, 'temp': 30.0}]
2024-10-29 07:57:45 - serialCaptureWorker - INFO - sent to arduino: {"duration": 120000, "temp": 30.0}
2024-10-29 07:57:45 - manualTab - INFO - sent to arduino: [{'temp': 30.0, 'duration': 120000}]
2024-10-29 07:57:45 - serialCaptureWorker - INFO - Setting temperature to 30.00°
2024-10-29 07:57:45 - serialCaptureWorker - INFO - Manual temp set to 30.00
2024-10-29 07:57:45 - serialCaptureWorker - INFO - Duration: 120000
2024-10-29 07:57:48 - testBoardWorker - INFO - test worker thread is running
2024-10-29 07:57:50 - serialCaptureWorker - INFO - sent command: SHOW DATA
2024-10-29 07:57:50 - serialCaptureWorker - INFO - arduino says: Room_temp: 26.97 | Desired_temp: 30 | Heater: 0 | Cooler: 0 | LH Indicator: 0
2024-10-29 07:57:53 - testBoardWorker - INFO - test worker thread is running
2024-10-29 07:57:55 - serialCaptureWorker - INFO - sent command: SHOW DATA
2024-10-29 07:57:55 - serialCaptureWorker - INFO - arduino says: Room_temp: 26.97 | Desired_temp: 30 | Heater: 0 | Cooler: 0 | LH Indicator: 0
2024-10-29 07:57:58 - testBoardWorker - INFO - test worker thread is running
2024-10-29 07:58:00 - serialCaptureWorker - INFO - sent command: SHOW DATA
2024-10-29 07:58:01 - serialCaptureWorker - INFO - arduino says: Room_temp: 27.00 | Desired_temp: 30 | Heater: 0 | Cooler: 0 | LH Indicator: 0
2024-10-29 07:58:03 - testBoardWorker - INFO - test worker thread is running
2024-10-29 07:58:06 - serialCaptureWorker - INFO - sent command: SHOW DATA
2024-10-29 07:58:06 - serialCaptureWorker - INFO - arduino says: Room_temp: 26.97 | Desired_temp: 30 | Heater: 0 | Cooler: 0 | LH Indicator: 0
2024-10-29 07:58:08 - testBoardWorker - INFO - test worker thread is running
2024-10-29 07:58:11 - serialCaptureWorker - INFO - sent command: SHOW DATA
2024-10-29 07:58:11 - serialCaptureWorker - INFO - arduino says: Room_temp: 26.97 | Desired_temp: 30 | Heater: 0 | Cooler: 0 | LH Indicator: 0
2024-10-29 07:58:14 - testBoardWorker - INFO - test worker thread is running
2024-10-29 07:58:16 - serialCaptureWorker - INFO - sent command: SHOW DATA
2024-10-29 07:58:16 - serialCaptureWorker - INFO - arduino says: Room_temp: 27.00 | Desired_temp: 30 | Heater: 0 | Cooler: 0 | LH Indicator: 0
2024-10-29 07:58:19 - testBoardWorker - INFO - test worker thread is running
2024-10-29 07:58:21 - serialCaptureWorker - INFO - sent command: SHOW DATA
2024-10-29 07:58:21 - serialCaptureWorker - INFO - arduino says: Room_temp: 27.00 | Desired_temp: 30 | Heater: 0 | Cooler: 0 | LH Indicator: 0
2024-10-29 07:58:25 - testBoardWorker - INFO - test worker thread is running
2024-10-29 07:58:25 - jsonFunctionality - INFO - C:/Users/owenk/OneDrive/Desktop/Arduino/temperature chamber/temperature_chamber/tests/alphabet/alphabet_test.json
2024-10-29 07:58:25 - jsonFunctionality - INFO - test directory updated to: C:\Users\owenk\OneDrive\Desktop\Arduino\temperature chamber\temperature_chamber\tests but with correct forward slashes
2024-10-29 07:58:27 - serialCaptureWorker - INFO - sent command: SHOW DATA
2024-10-29 07:58:27 - serialCaptureWorker - INFO - arduino says: Room_temp: 26.97 | Desired_temp: 30 | Heater: 0 | Cooler: 0 | LH Indicator: 0
2024-10-29 07:58:28 - serialCaptureWorker - INFO - sent to arduino: {"test_1": {"chamber_sequences": [{"temp": 50, "duration": 60000}, {"temp": 40, "duration": 60000}], "sketch": "./alphabet.ino", "expected output": "consistently print the alphabet."}}
2024-10-29 07:58:28 - serialCaptureWorker - INFO - sending full test test_1
2024-10-29 07:58:28 - serialCaptureWorker - INFO - sent to arduino: {"test_2": {"chamber_sequences": [{"temp": 60, "duration": 60000}, {"temp": 70, "duration": 60000}], "sketch": "./alphabet.ino", "expected output": "consistently print the alphabet."}}
2024-10-29 07:58:28 - serialCaptureWorker - INFO - sending full test test_2
2024-10-29 07:58:28 - testBoardWorker - INFO - connection to COM7 closed now
2024-10-29 07:58:28 - __main__ - INFO - test board worker temporarily deleted
2024-10-29 07:58:28 - cliWorker - INFO - cli worker connected to arduino port: COM7
2024-10-29 07:58:28 - serialCaptureWorker - INFO - Setting temperature to 50.00°
2024-10-29 07:58:28 - serialCaptureWorker - INFO - sent command: SHOW DATA
2024-10-29 07:58:28 - serialCaptureWorker - INFO - Error: Invalid JSON format
2024-10-29 07:58:28 - serialCaptureWorker - INFO - Running sequence: Target temp = 50.00 Duration = 60000
2024-10-29 07:58:29 - serialCaptureWorker - INFO - Waiting for target temp to be reached
2024-10-29 07:58:29 - serialCaptureWorker - INFO - Room_temp: 27.00 | Desired_temp: 50 | Heater: 0 | Cooler: 0 | LH Indicator: 0
2024-10-29 07:58:29 - cliWorker - INFO - cli worker thread is running
2024-10-29 07:58:29 - cliWorker - INFO - running test with testdata filepath: C:/Users/owenk/OneDrive/Desktop/Arduino/temperature chamber/temperature_chamber/tests/alphabet/alphabet_test.json
2024-10-29 07:58:31 - cliWorker - INFO - command succeeded: arduino-cli board list --format json
2024-10-29 07:58:31 - cliWorker - INFO - detected fqbn: arduino:avr:uno
2024-10-29 07:58:32 - cliWorker - INFO - command succeeded: arduino-cli core list
2024-10-29 07:58:32 - cliWorker - INFO - core arduino is already installed.
2024-10-29 07:58:32 - cliWorker - INFO - compiling sketch for the board with fqbn arduino:avr:uno...
2024-10-29 07:58:34 - serialCaptureWorker - INFO - sent command: SHOW DATA
2024-10-29 07:58:34 - serialCaptureWorker - INFO - arduino says: Room_temp: 27.00 | Desired_temp: 50 | Heater: 1 | Cooler: 0 | LH Indicator: 1
2024-10-29 07:58:35 - cliWorker - INFO - command succeeded: arduino-cli compile --fqbn arduino:avr:uno C:/Users/owenk/OneDrive/Desktop/Arduino/temperature chamber/temperature_chamber/tests/alphabet/alphabet.ino
2024-10-29 07:58:35 - cliWorker - INFO - compilation successful!
2024-10-29 07:58:36 - cliWorker - INFO - uploading sketch to board with fqbn arduino:avr:uno on port COM7...
2024-10-29 07:58:39 - serialCaptureWorker - INFO - sent command: SHOW DATA
2024-10-29 07:58:39 - serialCaptureWorker - INFO - arduino says: Room_temp: 27.03 | Desired_temp: 50 | Heater: 1 | Cooler: 0 | LH Indicator: 1
2024-10-29 07:58:40 - cliWorker - INFO - command succeeded: arduino-cli upload -p COM7 --fqbn arduino:avr:uno C:/Users/owenk/OneDrive/Desktop/Arduino/temperature chamber/temperature_chamber/tests/alphabet/alphabet.ino
2024-10-29 07:58:40 - cliWorker - INFO - upload successful!
2024-10-29 07:58:43 - cliWorker - WARNING - boards already detected: skipping new detect request
2024-10-29 07:58:43 - cliWorker - WARNING - failed to detect board on port COM7.
2024-10-29 07:58:43 - __main__ - INFO - cli worker quit
2024-10-29 07:58:43 - __main__ - INFO - cli worker deleted
2024-10-29 07:58:44 - serialCaptureWorker - INFO - sent command: SHOW DATA
2024-10-29 07:58:44 - serialCaptureWorker - INFO - arduino says: Room_temp: 27.03 | Desired_temp: 50 | Heater: 1 | Cooler: 0 | LH Indicator: 1
2024-10-29 07:58:45 - __main__ - INFO - test board worker restarted
2024-10-29 07:58:45 - testBoardWorker - INFO - test board worker connected to arduino port: COM7
2024-10-29 07:58:46 - testBoardWorker - INFO - test board thread is running
2024-10-29 07:58:49 - serialCaptureWorker - INFO - sent command: SHOW DATA
2024-10-29 07:58:50 - serialCaptureWorker - INFO - arduino says: Room_temp: 27.03 | Desired_temp: 50 | Heater: 1 | Cooler: 0 | LH Indicator: 1
2024-10-29 07:58:50 - testBoardWorker - INFO - test worker thread is running
2024-10-29 07:58:55 - testBoardWorker - INFO - test worker thread is running
2024-10-29 07:58:55 - serialCaptureWorker - INFO - sent command: SHOW DATA
2024-10-29 07:58:55 - serialCaptureWorker - INFO - arduino says: Room_temp: 27.09 | Desired_temp: 50 | Heater: 1 | Cooler: 0 | LH Indicator: 1
2024-10-29 07:59:00 - serialCaptureWorker - INFO - sent command: SHOW DATA
2024-10-29 07:59:00 - serialCaptureWorker - INFO - arduino says: Room_temp: 27.16 | Desired_temp: 50 | Heater: 1 | Cooler: 0 | LH Indicator: 1
2024-10-29 07:59:00 - testBoardWorker - INFO - test worker thread is running
2024-10-29 07:59:05 - testBoardWorker - INFO - test worker thread is running
2024-10-29 07:59:05 - serialCaptureWorker - INFO - sent command: SHOW DATA
2024-10-29 07:59:05 - serialCaptureWorker - INFO - arduino says: Room_temp: 27.22 | Desired_temp: 50 | Heater: 1 | Cooler: 0 | LH Indicator: 1
2024-10-29 07:59:10 - testBoardWorker - INFO - test worker thread is running
2024-10-29 07:59:10 - serialCaptureWorker - INFO - sent command: SHOW DATA
2024-10-29 07:59:10 - serialCaptureWorker - INFO - arduino says: Room_temp: 27.28 | Desired_temp: 50 | Heater: 1 | Cooler: 0 | LH Indicator: 1
2024-10-29 07:59:15 - serialCaptureWorker - INFO - sent command: SHOW DATA
2024-10-29 07:59:16 - testBoardWorker - INFO - test worker thread is running
2024-10-29 07:59:16 - serialCaptureWorker - INFO - arduino says: Room_temp: 27.37 | Desired_temp: 50 | Heater: 1 | Cooler: 0 | LH Indicator: 1
2024-10-29 07:59:21 - testBoardWorker - INFO - test worker thread is running
2024-10-29 07:59:21 - serialCaptureWorker - INFO - sent command: SHOW DATA
2024-10-29 07:59:21 - serialCaptureWorker - INFO - arduino says: Room_temp: 27.44 | Desired_temp: 50 | Heater: 1 | Cooler: 0 | LH Indicator: 1
2024-10-29 07:59:26 - testBoardWorker - INFO - test worker thread is running
2024-10-29 07:59:26 - serialCaptureWorker - INFO - sent command: SHOW DATA
2024-10-29 07:59:26 - serialCaptureWorker - INFO - arduino says: Room_temp: 27.53 | Desired_temp: 50 | Heater: 1 | Cooler: 0 | LH Indicator: 1
2024-10-29 07:59:31 - testBoardWorker - INFO - test worker thread is running
2024-10-29 07:59:31 - serialCaptureWorker - INFO - sent command: SHOW DATA
2024-10-29 07:59:31 - serialCaptureWorker - INFO - arduino says: Room_temp: 27.59 | Desired_temp: 50 | Heater: 1 | Cooler: 0 | LH Indicator: 1
2024-10-29 07:59:36 - testBoardWorker - INFO - test worker thread is running
2024-10-29 07:59:36 - serialCaptureWorker - INFO - sent command: SHOW DATA
2024-10-29 07:59:36 - serialCaptureWorker - INFO - arduino says: Room_temp: 27.62 | Desired_temp: 50 | Heater: 1 | Cooler: 0 | LH Indicator: 1
2024-10-29 07:59:42 - serialCaptureWorker - INFO - sent command: SHOW DATA
2024-10-29 07:59:42 - serialCaptureWorker - INFO - arduino says: Room_temp: 27.69 | Desired_temp: 50 | Heater: 1 | Cooler: 0 | LH Indicator: 1
2024-10-29 07:59:42 - testBoardWorker - INFO - test worker thread is running
2024-10-29 07:59:47 - serialCaptureWorker - INFO - sent command: SHOW DATA
2024-10-29 07:59:47 - serialCaptureWorker - INFO - arduino says: Room_temp: 27.72 | Desired_temp: 50 | Heater: 1 | Cooler: 0 | LH Indicator: 1
2024-10-29 07:59:48 - testBoardWorker - INFO - test worker thread is running
2024-10-29 07:59:52 - serialCaptureWorker - INFO - sent command: SHOW DATA
2024-10-29 07:59:52 - serialCaptureWorker - INFO - arduino says: Room_temp: 27.78 | Desired_temp: 50 | Heater: 1 | Cooler: 0 | LH Indicator: 1
2024-10-29 07:59:53 - testBoardWorker - INFO - test worker thread is running
2024-10-29 07:59:57 - serialCaptureWorker - INFO - sent command: SHOW DATA
2024-10-29 07:59:57 - serialCaptureWorker - INFO - arduino says: Room_temp: 27.78 | Desired_temp: 50 | Heater: 1 | Cooler: 0 | LH Indicator: 1
2024-10-29 07:59:58 - testBoardWorker - INFO - test worker thread is running
2024-10-29 08:00:02 - serialCaptureWorker - INFO - sent command: SHOW DATA
2024-10-29 08:00:02 - serialCaptureWorker - INFO - arduino says: Room_temp: 27.81 | Desired_temp: 50 | Heater: 1 | Cooler: 0 | LH Indicator: 1
2024-10-29 08:00:03 - testBoardWorker - INFO - test worker thread is running
2024-10-29 08:00:08 - serialCaptureWorker - INFO - sent command: SHOW DATA
2024-10-29 08:00:08 - serialCaptureWorker - INFO - arduino says: Room_temp: 27.87 | Desired_temp: 50 | Heater: 1 | Cooler: 0 | LH Indicator: 1
2024-10-29 08:00:09 - testBoardWorker - INFO - test worker thread is running
2024-10-29 08:00:13 - serialCaptureWorker - INFO - sent command: SHOW DATA
2024-10-29 08:00:13 - serialCaptureWorker - INFO - arduino says: Room_temp: 27.91 | Desired_temp: 50 | Heater: 1 | Cooler: 0 | LH Indicator: 1
2024-10-29 08:00:14 - testBoardWorker - INFO - test worker thread is running
2024-10-29 08:00:18 - serialCaptureWorker - INFO - sent command: SHOW DATA
2024-10-29 08:00:18 - serialCaptureWorker - INFO - arduino says: Room_temp: 27.94 | Desired_temp: 50 | Heater: 1 | Cooler: 0 | LH Indicator: 1
2024-10-29 08:00:20 - testBoardWorker - INFO - test worker thread is running
2024-10-29 08:00:23 - serialCaptureWorker - INFO - sent command: SHOW DATA
2024-10-29 08:00:23 - serialCaptureWorker - INFO - arduino says: Room_temp: 27.97 | Desired_temp: 50 | Heater: 1 | Cooler: 0 | LH Indicator: 1
2024-10-29 08:00:25 - testBoardWorker - INFO - test worker thread is running
2024-10-29 08:00:28 - serialCaptureWorker - INFO - sent command: SHOW DATA
2024-10-29 08:00:28 - serialCaptureWorker - INFO - arduino says: Room_temp: 27.97 | Desired_temp: 50 | Heater: 1 | Cooler: 0 | LH Indicator: 1
2024-10-29 08:00:30 - testBoardWorker - INFO - test worker thread is running
2024-10-29 08:00:34 - serialCaptureWorker - INFO - sent command: SHOW DATA
2024-10-29 08:00:34 - serialCaptureWorker - INFO - arduino says: Room_temp: 28.03 | Desired_temp: 50 | Heater: 1 | Cooler: 0 | LH Indicator: 1
2024-10-29 08:00:35 - testBoardWorker - INFO - test worker thread is running
2024-10-29 08:00:39 - serialCaptureWorker - INFO - sent command: SHOW DATA
2024-10-29 08:00:39 - serialCaptureWorker - INFO - arduino says: Room_temp: 28.06 | Desired_temp: 50 | Heater: 1 | Cooler: 0 | LH Indicator: 1
2024-10-29 08:00:41 - testBoardWorker - INFO - test worker thread is running
2024-10-29 08:00:44 - serialCaptureWorker - INFO - sent command: SHOW DATA
2024-10-29 08:00:44 - serialCaptureWorker - INFO - arduino says: Room_temp: 28.06 | Desired_temp: 50 | Heater: 1 | Cooler: 0 | LH Indicator: 1
2024-10-29 08:00:46 - testBoardWorker - INFO - test worker thread is running
2024-10-29 08:00:49 - serialCaptureWorker - INFO - sent command: SHOW DATA
2024-10-29 08:00:49 - serialCaptureWorker - INFO - arduino says: Room_temp: 28.09 | Desired_temp: 50 | Heater: 1 | Cooler: 0 | LH Indicator: 1
2024-10-29 08:00:52 - testBoardWorker - INFO - test worker thread is running
2024-10-29 08:00:54 - serialCaptureWorker - INFO - sent command: SHOW DATA
2024-10-29 08:00:55 - serialCaptureWorker - INFO - arduino says: Room_temp: 28.12 | Desired_temp: 50 | Heater: 1 | Cooler: 0 | LH Indicator: 1
2024-10-29 08:00:57 - testBoardWorker - INFO - test worker thread is running
2024-10-29 08:01:00 - serialCaptureWorker - INFO - sent command: SHOW DATA
2024-10-29 08:01:00 - serialCaptureWorker - INFO - arduino says: Room_temp: 28.12 | Desired_temp: 50 | Heater: 1 | Cooler: 0 | LH Indicator: 1
2024-10-29 08:01:03 - testBoardWorker - INFO - test worker thread is running
2024-10-29 08:01:05 - serialCaptureWorker - INFO - sent command: SHOW DATA
2024-10-29 08:01:05 - serialCaptureWorker - INFO - arduino says: Room_temp: 28.12 | Desired_temp: 50 | Heater: 1 | Cooler: 0 | LH Indicator: 1
2024-10-29 08:01:08 - testBoardWorker - INFO - test worker thread is running
2024-10-29 08:01:10 - serialCaptureWorker - INFO - sent command: SHOW DATA
2024-10-29 08:01:10 - serialCaptureWorker - INFO - arduino says: Room_temp: 28.16 | Desired_temp: 50 | Heater: 1 | Cooler: 0 | LH Indicator: 1
2024-10-29 08:01:14 - testBoardWorker - INFO - test worker thread is running
2024-10-29 08:01:15 - serialCaptureWorker - INFO - sent command: SHOW DATA
2024-10-29 08:01:15 - serialCaptureWorker - INFO - arduino says: Room_temp: 28.16 | Desired_temp: 50 | Heater: 1 | Cooler: 0 | LH Indicator: 1
2024-10-29 08:01:20 - testBoardWorker - INFO - test worker thread is running
2024-10-29 08:01:20 - serialCaptureWorker - INFO - sent command: SHOW DATA
2024-10-29 08:01:21 - serialCaptureWorker - INFO - arduino says: Room_temp: 28.19 | Desired_temp: 50 | Heater: 1 | Cooler: 0 | LH Indicator: 1
2024-10-29 08:01:25 - testBoardWorker - INFO - test worker thread is running
2024-10-29 08:01:26 - serialCaptureWorker - INFO - sent command: SHOW DATA
2024-10-29 08:01:26 - serialCaptureWorker - INFO - arduino says: Room_temp: 28.19 | Desired_temp: 50 | Heater: 1 | Cooler: 0 | LH Indicator: 1
2024-10-29 08:01:31 - testBoardWorker - INFO - test worker thread is running
2024-10-29 08:01:31 - serialCaptureWorker - INFO - sent command: SHOW DATA
2024-10-29 08:01:31 - serialCaptureWorker - INFO - arduino says: Room_temp: 28.19 | Desired_temp: 50 | Heater: 1 | Cooler: 0 | LH Indicator: 1
2024-10-29 08:01:36 - testBoardWorker - INFO - test worker thread is running
2024-10-29 08:01:36 - serialCaptureWorker - INFO - sent command: SHOW DATA
2024-10-29 08:01:36 - serialCaptureWorker - INFO - arduino says: Room_temp: 28.19 | Desired_temp: 50 | Heater: 1 | Cooler: 0 | LH Indicator: 1
2024-10-29 08:01:41 - testBoardWorker - INFO - test worker thread is running
2024-10-29 08:01:41 - serialCaptureWorker - INFO - sent command: SHOW DATA
2024-10-29 08:01:41 - serialCaptureWorker - INFO - arduino says: Room_temp: 28.25 | Desired_temp: 50 | Heater: 1 | Cooler: 0 | LH Indicator: 1
2024-10-29 08:01:46 - testBoardWorker - INFO - test worker thread is running
2024-10-29 08:01:47 - serialCaptureWorker - INFO - sent command: SHOW DATA
2024-10-29 08:01:47 - serialCaptureWorker - INFO - arduino says: Room_temp: 28.25 | Desired_temp: 50 | Heater: 1 | Cooler: 0 | LH Indicator: 1
2024-10-29 08:01:50 - serialCaptureWorker - INFO - sent to arduino: {"test_1": {"chamber_sequences": [{"temp": 50, "duration": 60000}, {"temp": 40, "duration": 60000}], "sketch": "./alphabet.ino", "expected output": "consistently print the alphabet."}}
2024-10-29 08:01:50 - serialCaptureWorker - INFO - sending full test test_1
2024-10-29 08:01:50 - serialCaptureWorker - INFO - sent to arduino: {"test_2": {"chamber_sequences": [{"temp": 60, "duration": 60000}, {"temp": 70, "duration": 60000}], "sketch": "./alphabet.ino", "expected output": "consistently print the alphabet."}}
2024-10-29 08:01:50 - serialCaptureWorker - INFO - sending full test test_2
2024-10-29 08:01:50 - testBoardWorker - INFO - connection to COM7 closed now
2024-10-29 08:01:50 - __main__ - INFO - test board worker temporarily deleted
2024-10-29 08:01:50 - cliWorker - INFO - cli worker connected to arduino port: COM7
2024-10-29 08:01:50 - serialCaptureWorker - INFO - Setting temperature to 50.00°
2024-10-29 08:01:50 - serialCaptureWorker - INFO - sent command: SHOW DATA
2024-10-29 08:01:50 - serialCaptureWorker - INFO - Error: Invalid JSON format
2024-10-29 08:01:50 - serialCaptureWorker - INFO - Room_temp: 28.25 | Desired_temp: 50 | Heater: 1 | Cooler: 0 | LH Indicator: 1
2024-10-29 08:01:51 - cliWorker - INFO - cli worker thread is running
2024-10-29 08:01:51 - cliWorker - INFO - running test with testdata filepath: C:/Users/owenk/OneDrive/Desktop/Arduino/temperature chamber/temperature_chamber/tests/alphabet/alphabet_test.json
2024-10-29 08:01:53 - cliWorker - INFO - command succeeded: arduino-cli board list --format json
2024-10-29 08:01:53 - cliWorker - INFO - detected fqbn: arduino:avr:uno
2024-10-29 08:01:54 - cliWorker - INFO - command succeeded: arduino-cli core list
2024-10-29 08:01:54 - cliWorker - INFO - core arduino is already installed.
2024-10-29 08:01:54 - cliWorker - INFO - compiling sketch for the board with fqbn arduino:avr:uno...
2024-10-29 08:01:55 - serialCaptureWorker - INFO - sent command: SHOW DATA
2024-10-29 08:01:56 - serialCaptureWorker - INFO - arduino says: Room_temp: 28.28 | Desired_temp: 50 | Heater: 1 | Cooler: 0 | LH Indicator: 1
2024-10-29 08:01:57 - cliWorker - INFO - command succeeded: arduino-cli compile --fqbn arduino:avr:uno C:/Users/owenk/OneDrive/Desktop/Arduino/temperature chamber/temperature_chamber/tests/alphabet/alphabet.ino
2024-10-29 08:01:57 - cliWorker - INFO - compilation successful!
2024-10-29 08:01:58 - cliWorker - INFO - uploading sketch to board with fqbn arduino:avr:uno on port COM7...
2024-10-29 08:02:01 - serialCaptureWorker - INFO - sent command: SHOW DATA
2024-10-29 08:02:01 - serialCaptureWorker - INFO - arduino says: Room_temp: 28.28 | Desired_temp: 50 | Heater: 1 | Cooler: 0 | LH Indicator: 1
2024-10-29 08:02:02 - cliWorker - INFO - command succeeded: arduino-cli upload -p COM7 --fqbn arduino:avr:uno C:/Users/owenk/OneDrive/Desktop/Arduino/temperature chamber/temperature_chamber/tests/alphabet/alphabet.ino
2024-10-29 08:02:02 - cliWorker - INFO - upload successful!
2024-10-29 08:02:04 - cliWorker - WARNING - boards already detected: skipping new detect request
2024-10-29 08:02:04 - cliWorker - WARNING - failed to detect board on port COM7.
2024-10-29 08:02:05 - __main__ - INFO - cli worker quit
2024-10-29 08:02:05 - __main__ - INFO - cli worker deleted
2024-10-29 08:02:06 - serialCaptureWorker - INFO - sent command: SHOW DATA
2024-10-29 08:02:06 - serialCaptureWorker - INFO - arduino says: Room_temp: 28.28 | Desired_temp: 50 | Heater: 1 | Cooler: 0 | LH Indicator: 1
2024-10-29 08:02:06 - __main__ - INFO - test board worker restarted
2024-10-29 08:02:06 - testBoardWorker - INFO - test board worker connected to arduino port: COM7
2024-10-29 08:02:07 - testBoardWorker - INFO - test board thread is running
2024-10-29 08:02:11 - testBoardWorker - INFO - test worker thread is running
2024-10-29 08:02:11 - serialCaptureWorker - INFO - sent command: SHOW DATA
2024-10-29 08:02:11 - serialCaptureWorker - INFO - arduino says: Room_temp: 28.28 | Desired_temp: 50 | Heater: 1 | Cooler: 0 | LH Indicator: 1
2024-10-29 08:02:11 - jsonFunctionality - INFO - C:/Users/owenk/OneDrive/Desktop/Arduino/temperature chamber/temperature_chamber/tests/alphabet/alphabet_test.json
2024-10-29 08:02:11 - jsonFunctionality - INFO - test directory updated to: C:\Users\owenk\OneDrive\Desktop\Arduino\temperature chamber\temperature_chamber\tests but with correct forward slashes
2024-10-29 08:02:13 - serialCaptureWorker - INFO - sent to arduino: {"test_1": {"chamber_sequences": [{"temp": 50, "duration": 60000}, {"temp": 40, "duration": 60000}], "sketch": "./alphabet.ino", "expected output": "consistently print the alphabet."}}
2024-10-29 08:02:13 - serialCaptureWorker - INFO - sending full test test_1
2024-10-29 08:02:13 - serialCaptureWorker - INFO - sent to arduino: {"test_2": {"chamber_sequences": [{"temp": 60, "duration": 60000}, {"temp": 70, "duration": 60000}], "sketch": "./alphabet.ino", "expected output": "consistently print the alphabet."}}
2024-10-29 08:02:13 - serialCaptureWorker - INFO - sending full test test_2
2024-10-29 08:02:13 - testBoardWorker - INFO - connection to COM7 closed now
2024-10-29 08:02:14 - __main__ - INFO - test board worker temporarily deleted
2024-10-29 08:02:14 - cliWorker - INFO - cli worker connected to arduino port: COM7
2024-10-29 08:02:14 - serialCaptureWorker - INFO - Setting temperature to 50.00°
2024-10-29 08:02:14 - serialCaptureWorker - INFO - sent command: SHOW DATA
2024-10-29 08:02:14 - serialCaptureWorker - INFO - Error: Invalid JSON format
2024-10-29 08:02:14 - serialCaptureWorker - INFO - Room_temp: 28.31 | Desired_temp: 50 | Heater: 1 | Cooler: 0 | LH Indicator: 1
2024-10-29 08:02:15 - cliWorker - INFO - cli worker thread is running
2024-10-29 08:02:15 - cliWorker - INFO - running test with testdata filepath: C:/Users/owenk/OneDrive/Desktop/Arduino/temperature chamber/temperature_chamber/tests/alphabet/alphabet_test.json
2024-10-29 08:02:17 - cliWorker - INFO - command succeeded: arduino-cli board list --format json
2024-10-29 08:02:17 - cliWorker - INFO - detected fqbn: arduino:avr:uno
2024-10-29 08:02:18 - cliWorker - INFO - command succeeded: arduino-cli core list
2024-10-29 08:02:18 - cliWorker - INFO - core arduino is already installed.
2024-10-29 08:02:18 - cliWorker - INFO - compiling sketch for the board with fqbn arduino:avr:uno...
2024-10-29 08:02:19 - serialCaptureWorker - INFO - sent command: SHOW DATA
2024-10-29 08:02:19 - serialCaptureWorker - INFO - arduino says: Room_temp: 28.31 | Desired_temp: 50 | Heater: 1 | Cooler: 0 | LH Indicator: 1
2024-10-29 08:02:20 - cliWorker - INFO - command succeeded: arduino-cli compile --fqbn arduino:avr:uno C:/Users/owenk/OneDrive/Desktop/Arduino/temperature chamber/temperature_chamber/tests/alphabet/alphabet.ino
2024-10-29 08:02:20 - cliWorker - INFO - compilation successful!
2024-10-29 08:02:21 - cliWorker - INFO - uploading sketch to board with fqbn arduino:avr:uno on port COM7...
2024-10-29 08:02:24 - serialCaptureWorker - INFO - sent command: SHOW DATA
2024-10-29 08:02:24 - serialCaptureWorker - INFO - arduino says: Room_temp: 28.31 | Desired_temp: 50 | Heater: 1 | Cooler: 0 | LH Indicator: 1
2024-10-29 08:02:25 - cliWorker - INFO - command succeeded: arduino-cli upload -p COM7 --fqbn arduino:avr:uno C:/Users/owenk/OneDrive/Desktop/Arduino/temperature chamber/temperature_chamber/tests/alphabet/alphabet.ino
2024-10-29 08:02:25 - cliWorker - INFO - upload successful!
2024-10-29 08:02:28 - cliWorker - WARNING - boards already detected: skipping new detect request
2024-10-29 08:02:28 - cliWorker - WARNING - failed to detect board on port COM7.
2024-10-29 08:02:28 - __main__ - INFO - cli worker quit
2024-10-29 08:02:28 - __main__ - INFO - cli worker deleted
2024-10-29 08:02:29 - __main__ - INFO - test board worker restarted
2024-10-29 08:02:29 - testBoardWorker - INFO - test board worker connected to arduino port: COM7
2024-10-29 08:02:30 - serialCaptureWorker - INFO - sent command: SHOW DATA
2024-10-29 08:02:30 - serialCaptureWorker - INFO - arduino says: Room_temp: 28.28 | Desired_temp: 50 | Heater: 1 | Cooler: 0 | LH Indicator: 1
2024-10-29 08:02:30 - testBoardWorker - INFO - test board thread is running
2024-10-29 08:02:34 - testBoardWorker - INFO - test worker thread is running
2024-10-29 08:02:35 - serialCaptureWorker - INFO - sent command: SHOW DATA
2024-10-29 08:02:35 - serialCaptureWorker - INFO - arduino says: Room_temp: 28.31 | Desired_temp: 50 | Heater: 1 | Cooler: 0 | LH Indicator: 1
2024-10-29 08:02:39 - testBoardWorker - INFO - test worker thread is running
2024-10-29 08:02:40 - serialCaptureWorker - INFO - sent command: SHOW DATA
2024-10-29 08:02:40 - serialCaptureWorker - INFO - arduino says: Room_temp: 28.34 | Desired_temp: 50 | Heater: 1 | Cooler: 0 | LH Indicator: 1
2024-10-29 08:02:45 - testBoardWorker - INFO - test worker thread is running
2024-10-29 08:02:45 - serialCaptureWorker - INFO - sent command: SHOW DATA
2024-10-29 08:02:45 - serialCaptureWorker - INFO - arduino says: Room_temp: 28.34 | Desired_temp: 50 | Heater: 1 | Cooler: 0 | LH Indicator: 1
2024-10-29 08:02:50 - testBoardWorker - INFO - test worker thread is running
2024-10-29 08:02:50 - serialCaptureWorker - INFO - sent command: SHOW DATA
2024-10-29 08:02:50 - serialCaptureWorker - INFO - arduino says: Room_temp: 28.37 | Desired_temp: 50 | Heater: 1 | Cooler: 0 | LH Indicator: 1
2024-10-29 08:02:51 - serialCaptureWorker - INFO - connection to COM15 closed
2024-10-29 08:02:51 - testBoardWorker - INFO - connection to COM7 closed now
2024-10-29 08:32:32 - __main__ - INFO - app started
2024-10-29 08:33:31 - __main__ - INFO - app started
2024-10-29 08:34:56 - __main__ - INFO - app started
2024-10-29 08:40:14 - __main__ - INFO - app started
2024-10-29 08:40:40 - __main__ - INFO - app started
