2024-10-25 15:07:07 - __main__ - INFO - app started
2024-10-25 15:08:36 - __main__ - INFO - app started
2024-10-25 15:14:40 - __main__ - INFO - app started
2024-10-25 15:14:49 - testBoardWorker - INFO - test board worker connected to arduino port: COM7
2024-10-25 15:14:49 - serialCaptureWorker - INFO - connected to arduino port: COM15
2024-10-25 15:14:50 - testBoardWorker - INFO - test board thread is running
2024-10-25 15:14:50 - serialCaptureWorker - INFO - thread is running
2024-10-25 15:14:54 - testBoardWorker - INFO - test worker thread is running
2024-10-25 15:14:55 - serialCaptureWorker - INFO - sent command: SHOW DATA
2024-10-25 15:14:55 - serialCaptureWorker - INFO - arduino says: Room_temp: 26.03 | Desired_temp: - | Heater: 0 | Cooler: 0 | LH Indicator: 0
2024-10-25 15:14:59 - testBoardWorker - INFO - test worker thread is running
2024-10-25 15:15:00 - serialCaptureWorker - INFO - sent command: SHOW DATA
2024-10-25 15:15:01 - serialCaptureWorker - INFO - arduino says: Room_temp: 26.03 | Desired_temp: - | Heater: 0 | Cooler: 0 | LH Indicator: 0
2024-10-25 15:15:04 - testBoardWorker - INFO - test worker thread is running
2024-10-25 15:15:05 - jsonFunctionality - INFO - C:/Users/owenk/OneDrive/Desktop/Arduino/temperature chamber/temperature_chamber/tests/alphabet/alphabet_test.json
2024-10-25 15:15:05 - jsonFunctionality - INFO - test directory updated to: C:\Users\owenk\OneDrive\Desktop\Arduino\temperature chamber\temperature_chamber\tests but with correct forward slashes
2024-10-25 15:15:06 - serialCaptureWorker - INFO - sent command: SHOW DATA
2024-10-25 15:15:06 - serialCaptureWorker - INFO - arduino says: Room_temp: 26.03 | Desired_temp: - | Heater: 0 | Cooler: 0 | LH Indicator: 0
2024-10-25 15:15:07 - serialCaptureWorker - INFO - sent to arduino: {"test_1": {"chamber_sequences": [{"temp": 50, "duration": 60000}, {"temp": 40, "duration": 60000}], "sketch": "./alphabet.ino", "expected output": "consistently print the alphabet."}}
2024-10-25 15:15:07 - serialCaptureWorker - INFO - sending full test test_1
2024-10-25 15:15:07 - serialCaptureWorker - INFO - sent to arduino: {"test_2": {"chamber_sequences": [{"temp": 60, "duration": 60000}, {"temp": 70, "duration": 60000}], "sketch": "./alphabet.ino", "expected output": "consistently print the alphabet."}}
2024-10-25 15:15:07 - serialCaptureWorker - INFO - sending full test test_2
2024-10-25 15:15:07 - testBoardWorker - INFO - connection to COM7 closed now
2024-10-25 15:15:07 - __main__ - INFO - test board worker temporarily deleted
2024-10-25 15:15:07 - cliWorker - INFO - cli worker connected to arduino port: COM7
2024-10-25 15:15:08 - serialCaptureWorker - INFO - sent command: SHOW DATA
2024-10-25 15:15:08 - serialCaptureWorker - INFO - arduino says: Error: Invalid JSON format
2024-10-25 15:15:08 - cliWorker - INFO - cli worker thread is running
2024-10-25 15:15:08 - cliWorker - INFO - running test with testdata filepath: C:/Users/owenk/OneDrive/Desktop/Arduino/temperature chamber/temperature_chamber/tests/alphabet/alphabet_test.json
2024-10-25 15:15:08 - serialCaptureWorker - INFO - serial capture worker is paused
2024-10-25 15:15:11 - cliWorker - INFO - command succeeded: arduino-cli board list --format json
2024-10-25 15:15:11 - cliWorker - INFO - detected fqbn: arduino:avr:uno
2024-10-25 15:15:12 - cliWorker - INFO - command succeeded: arduino-cli core list
2024-10-25 15:15:12 - cliWorker - INFO - core arduino is already installed.
2024-10-25 15:15:12 - cliWorker - INFO - compiling sketch for the board with fqbn arduino:avr:uno...
2024-10-25 15:15:13 - serialCaptureWorker - WARNING - serial closed or stopped
2024-10-25 15:15:15 - cliWorker - INFO - command succeeded: arduino-cli compile --fqbn arduino:avr:uno C:/Users/owenk/OneDrive/Desktop/Arduino/temperature chamber/temperature_chamber/tests/alphabet/alphabet.ino
2024-10-25 15:15:15 - cliWorker - INFO - compilation successful!
2024-10-25 15:15:16 - cliWorker - INFO - uploading sketch to board with fqbn arduino:avr:uno on port COM7...
2024-10-25 15:15:20 - cliWorker - INFO - command succeeded: arduino-cli upload -p COM7 --fqbn arduino:avr:uno C:/Users/owenk/OneDrive/Desktop/Arduino/temperature chamber/temperature_chamber/tests/alphabet/alphabet.ino
2024-10-25 15:15:20 - cliWorker - INFO - upload successful!
2024-10-25 15:15:23 - cliWorker - WARNING - boards already detected: skipping new detect request
2024-10-25 15:15:23 - cliWorker - WARNING - failed to detect board on port COM7.
2024-10-25 15:15:23 - __main__ - INFO - cli worker quit
2024-10-25 15:15:23 - __main__ - INFO - cli worker deleted
2024-10-25 15:15:24 - __main__ - INFO - test board worker restarted
2024-10-25 15:15:24 - __main__ - INFO - gui updated
2024-10-25 15:15:24 - serialCaptureWorker - INFO - resuming serial capture worker
2024-10-25 15:15:24 - serialCaptureWorker - INFO - resuming serial capture worker
2024-10-25 15:15:24 - testBoardWorker - INFO - test board worker connected to arduino port: COM7
2024-10-25 15:15:25 - testBoardWorker - INFO - test board thread is running
2024-10-25 15:15:29 - testBoardWorker - INFO - test worker thread is running
2024-10-25 15:15:29 - serialCaptureWorker - INFO - sent command: SHOW DATA
2024-10-25 15:15:29 - serialCaptureWorker - INFO - arduino says: Room_temp: 26.09 | Desired_temp: 50 | Heater: 1 | Cooler: 0 | LH Indicator: 1
2024-10-25 15:15:34 - testBoardWorker - INFO - test worker thread is running
2024-10-25 15:15:35 - serialCaptureWorker - INFO - sent command: SHOW DATA
2024-10-25 15:15:35 - serialCaptureWorker - INFO - arduino says: Room_temp: 26.12 | Desired_temp: 50 | Heater: 1 | Cooler: 0 | LH Indicator: 1
2024-10-25 15:15:38 - serialCaptureWorker - INFO - sent command: SHOW DATA
2024-10-25 15:15:38 - serialCaptureWorker - INFO - connection to COM15 closed
2024-10-25 15:15:38 - serialCaptureWorker - ERROR - error reading data from control board serial: Attempting to use a port that is not open
2024-10-25 15:15:38 - testBoardWorker - INFO - connection to COM7 closed now
