2024-11-07 09:11:08 - __main__ - INFO - app started
2024-11-07 09:11:08 - portSelector - INFO - ports refreshed
2024-11-07 09:11:10 - portSelector - INFO - [('COM7', 'Arduino Uno'), ('COM15', 'Arduino UNO R4 WiFi')]
2024-11-07 09:11:17 - __main__ - INFO - start button clicked
2024-11-07 09:11:17 - __main__ - INFO - check if ports are selected
2024-11-07 09:11:17 - __main__ - INFO - starting timer
2024-11-07 09:11:18 - testBoardWorker - INFO - test board worker connected to arduino port: COM7
2024-11-07 09:11:18 - serialCaptureWorker - INFO - connected to arduino port: COM15
2024-11-07 09:11:19 - testBoardWorker - INFO - test board thread is running
2024-11-07 09:11:19 - serialCaptureWorker - INFO - thread is running
2024-11-07 09:11:19 - serialCaptureWorker - INFO - sending handshake: {'handshake': {'timestamp': '2024-11-07T09:11:19'}}
2024-11-07 09:11:19 - serialCaptureWorker - INFO - sent to arduino: {"handshake": {"timestamp": "2024-11-07T09:11:19"}}
2024-11-07 09:11:19 - serialCaptureWorker - INFO - handshake sent to arduino: {'handshake': {'timestamp': '2024-11-07T09:11:19'}}
2024-11-07 09:11:19 - serialCaptureWorker - ERROR - failed to parse arduino response
Traceback (most recent call last):
  File "C:\Users\owenk\OneDrive\Desktop\Arduino\temperature chamber\temperature_chamber\interface\pyqt5\t-chamber\serialCaptureWorker.py", line 131, in handshake
    parsed_response = json.loads(handshake_response)
                      ^^^^^^^^^^^^^^^^^^^^^^^^^^^^^^
  File "C:\Users\owenk\anaconda3\Lib\json\__init__.py", line 346, in loads
    return _default_decoder.decode(s)
           ^^^^^^^^^^^^^^^^^^^^^^^^^^
  File "C:\Users\owenk\anaconda3\Lib\json\decoder.py", line 337, in decode
    obj, end = self.raw_decode(s, idx=_w(s, 0).end())
               ^^^^^^^^^^^^^^^^^^^^^^^^^^^^^^^^^^^^^^
  File "C:\Users\owenk\anaconda3\Lib\json\decoder.py", line 355, in raw_decode
    raise JSONDecodeError("Expecting value", s, err.value) from None
json.decoder.JSONDecodeError: Expecting value: line 1 column 1 (char 0)
2024-11-07 09:11:19 - serialCaptureWorker - INFO - {"handshake":{"timestamp":"2024-11-07T09:11:19","machine_state":"RESET","last_shutdown_cause":"Unknown","last_heat_time":"N/A"}}
2024-11-07 09:11:19 - serialCaptureWorker - INFO - sent to arduino: {"commands": {"PING": {}}}
2024-11-07 09:11:19 - serialCaptureWorker - INFO - updated timestamp from ping: 2024-11-07 09:11:20
2024-11-07 09:16:36 - __main__ - INFO - app started
2024-11-07 09:16:36 - portSelector - INFO - ports refreshed
2024-11-07 09:16:39 - portSelector - INFO - [('COM7', 'Arduino Uno'), ('COM15', 'Arduino UNO R4 WiFi')]
2024-11-07 09:16:43 - __main__ - INFO - start button clicked
2024-11-07 09:16:43 - __main__ - INFO - check if ports are selected
2024-11-07 09:16:43 - __main__ - INFO - starting timer
2024-11-07 09:16:44 - testBoardWorker - INFO - test board worker connected to arduino port: COM7
2024-11-07 09:16:44 - serialCaptureWorker - INFO - connected to arduino port: COM15
2024-11-07 09:16:45 - testBoardWorker - INFO - test board thread is running
2024-11-07 09:16:45 - serialCaptureWorker - INFO - thread is running
2024-11-07 09:16:45 - serialCaptureWorker - INFO - sending handshake: {'handshake': {'timestamp': '2024-11-07T09:16:45'}}
2024-11-07 09:16:45 - serialCaptureWorker - INFO - sent to arduino: {"handshake": {"timestamp": "2024-11-07T09:16:45"}}
2024-11-07 09:16:45 - serialCaptureWorker - INFO - handshake sent to arduino: {'handshake': {'timestamp': '2024-11-07T09:16:45'}}
2024-11-07 09:16:45 - serialCaptureWorker - ERROR - failed to parse arduino response
Traceback (most recent call last):
  File "C:\Users\owenk\OneDrive\Desktop\Arduino\temperature chamber\temperature_chamber\interface\pyqt5\t-chamber\serialCaptureWorker.py", line 131, in handshake
    parsed_response = json.loads(handshake_response)
                      ^^^^^^^^^^^^^^^^^^^^^^^^^^^^^^
  File "C:\Users\owenk\anaconda3\Lib\json\__init__.py", line 346, in loads
    return _default_decoder.decode(s)
           ^^^^^^^^^^^^^^^^^^^^^^^^^^
  File "C:\Users\owenk\anaconda3\Lib\json\decoder.py", line 337, in decode
    obj, end = self.raw_decode(s, idx=_w(s, 0).end())
               ^^^^^^^^^^^^^^^^^^^^^^^^^^^^^^^^^^^^^^
  File "C:\Users\owenk\anaconda3\Lib\json\decoder.py", line 355, in raw_decode
    raise JSONDecodeError("Expecting value", s, err.value) from None
json.decoder.JSONDecodeError: Expecting value: line 1 column 1 (char 0)
2024-11-07 09:16:45 - serialCaptureWorker - INFO - {"handshake":{"timestamp":"2024-11-07T09:16:45","machine_state":"RESET","last_shutdown_cause":"Unknown","last_heat_time":"N/A"}}
2024-11-07 09:16:45 - serialCaptureWorker - INFO - sent to arduino: {"commands": {"PING": {}}}
2024-11-07 09:16:45 - __main__ - INFO - updated timestamp from ping: None
2024-11-07 09:20:07 - __main__ - INFO - app started
2024-11-07 09:20:07 - portSelector - INFO - ports refreshed
2024-11-07 09:20:09 - portSelector - INFO - [('COM7', 'Arduino Uno'), ('COM15', 'Arduino UNO R4 WiFi')]
2024-11-07 09:20:14 - __main__ - INFO - start button clicked
2024-11-07 09:20:14 - __main__ - INFO - check if ports are selected
2024-11-07 09:20:14 - __main__ - INFO - starting timer
2024-11-07 09:20:14 - testBoardWorker - INFO - test board worker connected to arduino port: COM7
2024-11-07 09:20:14 - serialCaptureWorker - INFO - connected to arduino port: COM15
2024-11-07 09:20:15 - testBoardWorker - INFO - test board thread is running
2024-11-07 09:20:15 - serialCaptureWorker - INFO - thread is running
2024-11-07 09:20:15 - serialCaptureWorker - INFO - sending handshake: {'handshake': {'timestamp': '2024-11-07T09:20:15'}}
2024-11-07 09:20:15 - serialCaptureWorker - INFO - sent to arduino: {"handshake": {"timestamp": "2024-11-07T09:20:15"}}
2024-11-07 09:20:15 - serialCaptureWorker - INFO - handshake sent to arduino: {'handshake': {'timestamp': '2024-11-07T09:20:15'}}
2024-11-07 09:20:15 - serialCaptureWorker - ERROR - failed to parse arduino response
Traceback (most recent call last):
  File "C:\Users\owenk\OneDrive\Desktop\Arduino\temperature chamber\temperature_chamber\interface\pyqt5\t-chamber\serialCaptureWorker.py", line 131, in handshake
    parsed_response = json.loads(handshake_response)
                      ^^^^^^^^^^^^^^^^^^^^^^^^^^^^^^
  File "C:\Users\owenk\anaconda3\Lib\json\__init__.py", line 346, in loads
    return _default_decoder.decode(s)
           ^^^^^^^^^^^^^^^^^^^^^^^^^^
  File "C:\Users\owenk\anaconda3\Lib\json\decoder.py", line 337, in decode
    obj, end = self.raw_decode(s, idx=_w(s, 0).end())
               ^^^^^^^^^^^^^^^^^^^^^^^^^^^^^^^^^^^^^^
  File "C:\Users\owenk\anaconda3\Lib\json\decoder.py", line 355, in raw_decode
    raise JSONDecodeError("Expecting value", s, err.value) from None
json.decoder.JSONDecodeError: Expecting value: line 1 column 1 (char 0)
2024-11-07 09:20:15 - serialCaptureWorker - INFO - {"handshake":{"timestamp":"2024-11-07T09:20:15","machine_state":"RESET","last_shutdown_cause":"Unknown","last_heat_time":"N/A"}}
2024-11-07 09:20:15 - serialCaptureWorker - INFO - sent to arduino: {"commands": {"PING": {}}}
2024-11-07 09:20:15 - serialCaptureWorker - INFO - 2024-11-07 09:20:15
2024-11-07 09:20:15 - __main__ - INFO - updated timestamp from ping: None
2024-11-07 09:27:23 - __main__ - INFO - app started
2024-11-07 09:27:23 - portSelector - INFO - ports refreshed
2024-11-07 09:27:25 - portSelector - INFO - [('COM7', 'Arduino Uno'), ('COM15', 'Arduino UNO R4 WiFi')]
2024-11-07 09:27:29 - __main__ - INFO - start button clicked
2024-11-07 09:27:29 - __main__ - INFO - check if ports are selected
2024-11-07 09:27:29 - __main__ - INFO - starting timer
2024-11-07 09:27:29 - testBoardWorker - INFO - test board worker connected to arduino port: COM7
2024-11-07 09:27:29 - serialCaptureWorker - INFO - connected to arduino port: COM15
2024-11-07 09:27:30 - testBoardWorker - INFO - test board thread is running
2024-11-07 09:27:30 - serialCaptureWorker - INFO - thread is running
2024-11-07 09:27:30 - serialCaptureWorker - INFO - sending handshake: {'handshake': {'timestamp': '2024-11-07T09:27:30'}}
2024-11-07 09:27:30 - serialCaptureWorker - INFO - sent to arduino: {"handshake": {"timestamp": "2024-11-07T09:27:30"}}
2024-11-07 09:27:30 - serialCaptureWorker - INFO - handshake sent to arduino: {'handshake': {'timestamp': '2024-11-07T09:27:30'}}
2024-11-07 09:27:30 - serialCaptureWorker - ERROR - failed to parse arduino response
Traceback (most recent call last):
  File "C:\Users\owenk\OneDrive\Desktop\Arduino\temperature chamber\temperature_chamber\interface\pyqt5\t-chamber\serialCaptureWorker.py", line 131, in handshake
    parsed_response = json.loads(handshake_response)
                      ^^^^^^^^^^^^^^^^^^^^^^^^^^^^^^
  File "C:\Users\owenk\anaconda3\Lib\json\__init__.py", line 346, in loads
    return _default_decoder.decode(s)
           ^^^^^^^^^^^^^^^^^^^^^^^^^^
  File "C:\Users\owenk\anaconda3\Lib\json\decoder.py", line 337, in decode
    obj, end = self.raw_decode(s, idx=_w(s, 0).end())
               ^^^^^^^^^^^^^^^^^^^^^^^^^^^^^^^^^^^^^^
  File "C:\Users\owenk\anaconda3\Lib\json\decoder.py", line 355, in raw_decode
    raise JSONDecodeError("Expecting value", s, err.value) from None
json.decoder.JSONDecodeError: Expecting value: line 1 column 1 (char 0)
2024-11-07 09:27:30 - serialCaptureWorker - INFO - {"handshake":{"timestamp":"2024-11-07T09:27:30","machine_state":"RESET","last_shutdown_cause":"Unknown","last_heat_time":"N/A"}}
2024-11-07 09:27:30 - serialCaptureWorker - INFO - sent to arduino: {"commands": {"PING": {}}}
2024-11-07 09:29:23 - __main__ - INFO - app started
2024-11-07 09:29:23 - portSelector - INFO - ports refreshed
2024-11-07 09:29:25 - portSelector - INFO - [('COM7', 'Arduino Uno'), ('COM15', 'Arduino UNO R4 WiFi')]
2024-11-07 09:29:28 - __main__ - INFO - start button clicked
2024-11-07 09:29:28 - __main__ - INFO - check if ports are selected
2024-11-07 09:29:28 - __main__ - INFO - starting timer
2024-11-07 09:29:28 - testBoardWorker - INFO - test board worker connected to arduino port: COM7
2024-11-07 09:29:28 - serialCaptureWorker - INFO - connected to arduino port: COM15
2024-11-07 09:29:29 - testBoardWorker - INFO - test board thread is running
2024-11-07 09:29:29 - serialCaptureWorker - INFO - thread is running
2024-11-07 09:29:29 - serialCaptureWorker - INFO - sending handshake: {'handshake': {'timestamp': '2024-11-07T09:29:29'}}
2024-11-07 09:29:29 - serialCaptureWorker - INFO - sent to arduino: {"handshake": {"timestamp": "2024-11-07T09:29:29"}}
2024-11-07 09:29:29 - serialCaptureWorker - INFO - handshake sent to arduino: {'handshake': {'timestamp': '2024-11-07T09:29:29'}}
2024-11-07 09:29:29 - serialCaptureWorker - ERROR - failed to parse arduino response
Traceback (most recent call last):
  File "C:\Users\owenk\OneDrive\Desktop\Arduino\temperature chamber\temperature_chamber\interface\pyqt5\t-chamber\serialCaptureWorker.py", line 131, in handshake
    parsed_response = json.loads(handshake_response)
                      ^^^^^^^^^^^^^^^^^^^^^^^^^^^^^^
  File "C:\Users\owenk\anaconda3\Lib\json\__init__.py", line 346, in loads
    return _default_decoder.decode(s)
           ^^^^^^^^^^^^^^^^^^^^^^^^^^
  File "C:\Users\owenk\anaconda3\Lib\json\decoder.py", line 337, in decode
    obj, end = self.raw_decode(s, idx=_w(s, 0).end())
               ^^^^^^^^^^^^^^^^^^^^^^^^^^^^^^^^^^^^^^
  File "C:\Users\owenk\anaconda3\Lib\json\decoder.py", line 355, in raw_decode
    raise JSONDecodeError("Expecting value", s, err.value) from None
json.decoder.JSONDecodeError: Expecting value: line 1 column 1 (char 0)
2024-11-07 09:29:29 - serialCaptureWorker - INFO - {"handshake":{"timestamp":"2024-11-07T09:29:29","machine_state":"RESET","last_shutdown_cause":"Unknown","last_heat_time":"N/A"}}
2024-11-07 09:29:29 - serialCaptureWorker - INFO - sent to arduino: {"commands": {"PING": {}}}
2024-11-07 09:29:30 - __main__ - INFO - timestamp from ping: 2024-11-07 09:29:29
2024-11-07 09:39:15 - __main__ - INFO - app started
2024-11-07 09:39:15 - portSelector - INFO - ports refreshed
2024-11-07 09:39:17 - portSelector - INFO - [('COM7', 'Arduino Uno'), ('COM15', 'Arduino UNO R4 WiFi')]
2024-11-07 09:39:20 - __main__ - INFO - start button clicked
2024-11-07 09:39:20 - __main__ - INFO - check if ports are selected
2024-11-07 09:39:20 - __main__ - INFO - starting timer
2024-11-07 09:39:20 - testBoardWorker - INFO - test board worker connected to arduino port: COM7
2024-11-07 09:39:20 - serialCaptureWorker - INFO - connected to arduino port: COM15
2024-11-07 09:39:21 - testBoardWorker - INFO - test board thread is running
2024-11-07 09:39:21 - serialCaptureWorker - INFO - thread is running
2024-11-07 09:39:21 - serialCaptureWorker - INFO - sending handshake: {'handshake': {'timestamp': '2024-11-07T09:39:21'}}
2024-11-07 09:39:21 - serialCaptureWorker - INFO - sent to arduino: {"handshake": {"timestamp": "2024-11-07T09:39:21"}}
2024-11-07 09:39:21 - serialCaptureWorker - INFO - handshake sent to arduino: {'handshake': {'timestamp': '2024-11-07T09:39:21'}}
2024-11-07 09:39:21 - serialCaptureWorker - ERROR - failed to parse arduino response
Traceback (most recent call last):
  File "C:\Users\owenk\OneDrive\Desktop\Arduino\temperature chamber\temperature_chamber\interface\pyqt5\t-chamber\serialCaptureWorker.py", line 131, in handshake
    parsed_response = json.loads(handshake_response)
                      ^^^^^^^^^^^^^^^^^^^^^^^^^^^^^^
  File "C:\Users\owenk\anaconda3\Lib\json\__init__.py", line 346, in loads
    return _default_decoder.decode(s)
           ^^^^^^^^^^^^^^^^^^^^^^^^^^
  File "C:\Users\owenk\anaconda3\Lib\json\decoder.py", line 337, in decode
    obj, end = self.raw_decode(s, idx=_w(s, 0).end())
               ^^^^^^^^^^^^^^^^^^^^^^^^^^^^^^^^^^^^^^
  File "C:\Users\owenk\anaconda3\Lib\json\decoder.py", line 355, in raw_decode
    raise JSONDecodeError("Expecting value", s, err.value) from None
json.decoder.JSONDecodeError: Expecting value: line 1 column 1 (char 0)
2024-11-07 09:39:21 - serialCaptureWorker - INFO - {"handshake":{"timestamp":"2024-11-07T09:39:21","machine_state":"RESET","last_shutdown_cause":"Unknown","last_heat_time":"N/A"}}
2024-11-07 09:39:21 - serialCaptureWorker - INFO - sent to arduino: {"commands": {"PING": {}}}
2024-11-07 09:39:21 - __main__ - INFO - timestamp from ping: 2024-11-07 09:39:21
2024-11-07 09:51:02 - __main__ - INFO - app started
2024-11-07 09:51:02 - portSelector - INFO - ports refreshed
2024-11-07 09:51:04 - portSelector - INFO - [('COM7', 'Arduino Uno'), ('COM15', 'Arduino UNO R4 WiFi')]
2024-11-07 09:51:07 - __main__ - INFO - start button clicked
2024-11-07 09:51:07 - __main__ - INFO - check if ports are selected
2024-11-07 09:51:07 - testBoardWorker - INFO - test board worker connected to arduino port: COM7
2024-11-07 09:51:07 - serialCaptureWorker - INFO - connected to arduino port: COM15
2024-11-07 09:51:08 - testBoardWorker - INFO - test board thread is running
2024-11-07 09:51:08 - serialCaptureWorker - INFO - thread is running
2024-11-07 09:51:08 - serialCaptureWorker - INFO - sending handshake: {'handshake': {'timestamp': '2024-11-07T09:51:08'}}
2024-11-07 09:51:08 - serialCaptureWorker - INFO - sent to arduino: {"handshake": {"timestamp": "2024-11-07T09:51:08"}}
2024-11-07 09:51:08 - serialCaptureWorker - INFO - handshake sent to arduino: {'handshake': {'timestamp': '2024-11-07T09:51:08'}}
2024-11-07 09:51:08 - serialCaptureWorker - ERROR - failed to parse arduino response
Traceback (most recent call last):
  File "C:\Users\owenk\OneDrive\Desktop\Arduino\temperature chamber\temperature_chamber\interface\pyqt5\t-chamber\serialCaptureWorker.py", line 131, in handshake
    parsed_response = json.loads(handshake_response)
                      ^^^^^^^^^^^^^^^^^^^^^^^^^^^^^^
  File "C:\Users\owenk\anaconda3\Lib\json\__init__.py", line 346, in loads
    return _default_decoder.decode(s)
           ^^^^^^^^^^^^^^^^^^^^^^^^^^
  File "C:\Users\owenk\anaconda3\Lib\json\decoder.py", line 337, in decode
    obj, end = self.raw_decode(s, idx=_w(s, 0).end())
               ^^^^^^^^^^^^^^^^^^^^^^^^^^^^^^^^^^^^^^
  File "C:\Users\owenk\anaconda3\Lib\json\decoder.py", line 355, in raw_decode
    raise JSONDecodeError("Expecting value", s, err.value) from None
json.decoder.JSONDecodeError: Expecting value: line 1 column 1 (char 0)
2024-11-07 09:51:08 - serialCaptureWorker - INFO - {"handshake":{"timestamp":"2024-11-07T09:51:08","machine_state":"RESET","last_shutdown_cause":"Unknown","last_heat_time":"N/A"}}
2024-11-07 09:51:08 - serialCaptureWorker - INFO - sent to arduino: {"commands": {"PING": {}}}
2024-11-07 09:51:09 - __main__ - INFO - timestamp from ping: 2024-11-07 09:51:09
2024-11-07 09:52:20 - __main__ - INFO - app started
2024-11-07 09:52:20 - portSelector - INFO - ports refreshed
2024-11-07 09:52:22 - portSelector - INFO - [('COM15', 'Arduino UNO R4 WiFi'), ('COM7', 'Arduino Uno')]
2024-11-07 09:52:25 - __main__ - INFO - start button clicked
2024-11-07 09:52:25 - __main__ - INFO - check if ports are selected
2024-11-07 09:52:25 - testBoardWorker - INFO - test board worker connected to arduino port: COM7
2024-11-07 09:52:25 - serialCaptureWorker - INFO - connected to arduino port: COM15
2024-11-07 09:52:26 - testBoardWorker - INFO - test board thread is running
2024-11-07 09:52:26 - serialCaptureWorker - INFO - thread is running
2024-11-07 09:52:26 - serialCaptureWorker - INFO - sending handshake: {'handshake': {'timestamp': '2024-11-07T09:52:26'}}
2024-11-07 09:52:26 - serialCaptureWorker - INFO - sent to arduino: {"handshake": {"timestamp": "2024-11-07T09:52:26"}}
2024-11-07 09:52:26 - serialCaptureWorker - INFO - handshake sent to arduino: {'handshake': {'timestamp': '2024-11-07T09:52:26'}}
2024-11-07 09:52:26 - serialCaptureWorker - ERROR - failed to parse arduino response
Traceback (most recent call last):
  File "C:\Users\owenk\OneDrive\Desktop\Arduino\temperature chamber\temperature_chamber\interface\pyqt5\t-chamber\serialCaptureWorker.py", line 131, in handshake
    parsed_response = json.loads(handshake_response)
                      ^^^^^^^^^^^^^^^^^^^^^^^^^^^^^^
  File "C:\Users\owenk\anaconda3\Lib\json\__init__.py", line 346, in loads
    return _default_decoder.decode(s)
           ^^^^^^^^^^^^^^^^^^^^^^^^^^
  File "C:\Users\owenk\anaconda3\Lib\json\decoder.py", line 337, in decode
    obj, end = self.raw_decode(s, idx=_w(s, 0).end())
               ^^^^^^^^^^^^^^^^^^^^^^^^^^^^^^^^^^^^^^
  File "C:\Users\owenk\anaconda3\Lib\json\decoder.py", line 355, in raw_decode
    raise JSONDecodeError("Expecting value", s, err.value) from None
json.decoder.JSONDecodeError: Expecting value: line 1 column 1 (char 0)
2024-11-07 09:52:26 - serialCaptureWorker - INFO - {"handshake":{"timestamp":"2024-11-07T09:52:26","machine_state":"RESET","last_shutdown_cause":"Unknown","last_heat_time":"N/A"}}
2024-11-07 09:52:26 - serialCaptureWorker - INFO - sent to arduino: {"commands": {"PING": {}}}
2024-11-07 09:52:26 - __main__ - INFO - timestamp from ping: 2024-11-07 09:52:27
2024-11-07 09:53:00 - __main__ - INFO - app started
2024-11-07 09:53:00 - portSelector - INFO - ports refreshed
2024-11-07 09:53:02 - portSelector - INFO - [('COM15', 'Arduino UNO R4 WiFi'), ('COM7', 'Arduino Uno')]
2024-11-07 09:53:06 - __main__ - INFO - start button clicked
2024-11-07 09:53:06 - __main__ - INFO - check if ports are selected
2024-11-07 09:53:06 - __main__ - INFO - timer worker started
2024-11-07 09:53:06 - testBoardWorker - INFO - test board worker connected to arduino port: COM7
2024-11-07 09:53:06 - serialCaptureWorker - INFO - connected to arduino port: COM15
2024-11-07 09:53:07 - testBoardWorker - INFO - test board thread is running
2024-11-07 09:53:07 - serialCaptureWorker - INFO - thread is running
2024-11-07 09:53:07 - serialCaptureWorker - INFO - sending handshake: {'handshake': {'timestamp': '2024-11-07T09:53:07'}}
2024-11-07 09:53:07 - serialCaptureWorker - INFO - sent to arduino: {"handshake": {"timestamp": "2024-11-07T09:53:07"}}
2024-11-07 09:53:07 - serialCaptureWorker - INFO - handshake sent to arduino: {'handshake': {'timestamp': '2024-11-07T09:53:07'}}
2024-11-07 09:53:07 - serialCaptureWorker - ERROR - failed to parse arduino response
Traceback (most recent call last):
  File "C:\Users\owenk\OneDrive\Desktop\Arduino\temperature chamber\temperature_chamber\interface\pyqt5\t-chamber\serialCaptureWorker.py", line 131, in handshake
    parsed_response = json.loads(handshake_response)
                      ^^^^^^^^^^^^^^^^^^^^^^^^^^^^^^
  File "C:\Users\owenk\anaconda3\Lib\json\__init__.py", line 346, in loads
    return _default_decoder.decode(s)
           ^^^^^^^^^^^^^^^^^^^^^^^^^^
  File "C:\Users\owenk\anaconda3\Lib\json\decoder.py", line 337, in decode
    obj, end = self.raw_decode(s, idx=_w(s, 0).end())
               ^^^^^^^^^^^^^^^^^^^^^^^^^^^^^^^^^^^^^^
  File "C:\Users\owenk\anaconda3\Lib\json\decoder.py", line 355, in raw_decode
    raise JSONDecodeError("Expecting value", s, err.value) from None
json.decoder.JSONDecodeError: Expecting value: line 1 column 1 (char 0)
2024-11-07 09:53:07 - serialCaptureWorker - INFO - {"handshake":{"timestamp":"2024-11-07T09:53:07","machine_state":"RESET","last_shutdown_cause":"Unknown","last_heat_time":"N/A"}}
2024-11-07 09:53:07 - serialCaptureWorker - INFO - sent to arduino: {"commands": {"PING": {}}}
2024-11-07 09:53:08 - __main__ - INFO - timestamp from ping: 2024-11-07 09:53:07
2024-11-07 09:55:57 - __main__ - INFO - app started
2024-11-07 09:55:57 - portSelector - INFO - ports refreshed
2024-11-07 09:55:59 - portSelector - INFO - [('COM7', 'Arduino Uno'), ('COM15', 'Arduino UNO R4 WiFi')]
2024-11-07 09:56:02 - __main__ - INFO - start button clicked
2024-11-07 09:56:02 - __main__ - INFO - check if ports are selected
2024-11-07 09:56:02 - __main__ - INFO - timer worker started
2024-11-07 09:56:02 - testBoardWorker - INFO - test board worker connected to arduino port: COM7
2024-11-07 09:56:02 - serialCaptureWorker - INFO - connected to arduino port: COM15
2024-11-07 09:56:03 - testBoardWorker - INFO - test board thread is running
2024-11-07 09:56:03 - serialCaptureWorker - INFO - thread is running
2024-11-07 09:56:03 - serialCaptureWorker - INFO - sending handshake: {'handshake': {'timestamp': '2024-11-07T09:56:03'}}
2024-11-07 09:56:03 - serialCaptureWorker - INFO - sent to arduino: {"handshake": {"timestamp": "2024-11-07T09:56:03"}}
2024-11-07 09:56:03 - serialCaptureWorker - INFO - handshake sent to arduino: {'handshake': {'timestamp': '2024-11-07T09:56:03'}}
2024-11-07 09:56:03 - serialCaptureWorker - ERROR - failed to parse arduino response
Traceback (most recent call last):
  File "C:\Users\owenk\OneDrive\Desktop\Arduino\temperature chamber\temperature_chamber\interface\pyqt5\t-chamber\serialCaptureWorker.py", line 131, in handshake
    parsed_response = json.loads(handshake_response)
                      ^^^^^^^^^^^^^^^^^^^^^^^^^^^^^^
  File "C:\Users\owenk\anaconda3\Lib\json\__init__.py", line 346, in loads
    return _default_decoder.decode(s)
           ^^^^^^^^^^^^^^^^^^^^^^^^^^
  File "C:\Users\owenk\anaconda3\Lib\json\decoder.py", line 337, in decode
    obj, end = self.raw_decode(s, idx=_w(s, 0).end())
               ^^^^^^^^^^^^^^^^^^^^^^^^^^^^^^^^^^^^^^
  File "C:\Users\owenk\anaconda3\Lib\json\decoder.py", line 355, in raw_decode
    raise JSONDecodeError("Expecting value", s, err.value) from None
json.decoder.JSONDecodeError: Expecting value: line 1 column 1 (char 0)
2024-11-07 09:56:03 - serialCaptureWorker - INFO - {"handshake":{"timestamp":"2024-11-07T09:56:03","machine_state":"RESET","last_shutdown_cause":"Unknown","last_heat_time":"N/A"}}
2024-11-07 09:56:03 - serialCaptureWorker - INFO - sent to arduino: {"commands": {"PING": {}}}
2024-11-07 09:56:03 - __main__ - INFO - timestamp from ping: 2024-11-07 09:56:03
2024-11-07 10:00:57 - __main__ - INFO - app started
2024-11-07 10:00:57 - portSelector - INFO - ports refreshed
2024-11-07 10:00:59 - portSelector - INFO - [('COM7', 'Arduino Uno'), ('COM15', 'Arduino UNO R4 WiFi')]
2024-11-07 10:01:02 - __main__ - INFO - start button clicked
2024-11-07 10:01:02 - __main__ - INFO - check if ports are selected
2024-11-07 10:01:02 - __main__ - INFO - timer worker started
2024-11-07 10:01:02 - testBoardWorker - INFO - test board worker connected to arduino port: COM7
2024-11-07 10:01:02 - serialCaptureWorker - INFO - connected to arduino port: COM15
2024-11-07 10:01:03 - testBoardWorker - INFO - test board thread is running
2024-11-07 10:01:03 - serialCaptureWorker - INFO - thread is running
2024-11-07 10:01:03 - serialCaptureWorker - INFO - sending handshake: {'handshake': {'timestamp': '2024-11-07T10:01:03'}}
2024-11-07 10:01:03 - serialCaptureWorker - INFO - sent to arduino: {"handshake": {"timestamp": "2024-11-07T10:01:03"}}
2024-11-07 10:01:03 - serialCaptureWorker - INFO - handshake sent to arduino: {'handshake': {'timestamp': '2024-11-07T10:01:03'}}
2024-11-07 10:01:03 - serialCaptureWorker - ERROR - failed to parse arduino response
Traceback (most recent call last):
  File "C:\Users\owenk\OneDrive\Desktop\Arduino\temperature chamber\temperature_chamber\interface\pyqt5\t-chamber\serialCaptureWorker.py", line 131, in handshake
    parsed_response = json.loads(handshake_response)
                      ^^^^^^^^^^^^^^^^^^^^^^^^^^^^^^
  File "C:\Users\owenk\anaconda3\Lib\json\__init__.py", line 346, in loads
    return _default_decoder.decode(s)
           ^^^^^^^^^^^^^^^^^^^^^^^^^^
  File "C:\Users\owenk\anaconda3\Lib\json\decoder.py", line 337, in decode
    obj, end = self.raw_decode(s, idx=_w(s, 0).end())
               ^^^^^^^^^^^^^^^^^^^^^^^^^^^^^^^^^^^^^^
  File "C:\Users\owenk\anaconda3\Lib\json\decoder.py", line 355, in raw_decode
    raise JSONDecodeError("Expecting value", s, err.value) from None
json.decoder.JSONDecodeError: Expecting value: line 1 column 1 (char 0)
2024-11-07 10:01:03 - serialCaptureWorker - INFO - {"handshake":{"timestamp":"2024-11-07T10:01:03","machine_state":"RESET","last_shutdown_cause":"Unknown","last_heat_time":"N/A"}}
2024-11-07 10:01:03 - serialCaptureWorker - INFO - sent to arduino: {"commands": {"PING": {}}}
2024-11-07 10:01:04 - __main__ - INFO - timestamp from ping: 2024-11-07 10:01:03
2024-11-07 10:03:51 - __main__ - INFO - app started
2024-11-07 10:03:51 - portSelector - INFO - ports refreshed
2024-11-07 10:03:53 - portSelector - INFO - [('COM7', 'Arduino Uno'), ('COM15', 'Arduino UNO R4 WiFi')]
2024-11-07 10:03:56 - __main__ - INFO - start button clicked
2024-11-07 10:03:56 - __main__ - INFO - check if ports are selected
2024-11-07 10:03:56 - __main__ - INFO - timer worker started
2024-11-07 10:03:56 - testBoardWorker - INFO - test board worker connected to arduino port: COM7
2024-11-07 10:03:56 - serialCaptureWorker - INFO - connected to arduino port: COM15
2024-11-07 10:03:57 - testBoardWorker - INFO - test board thread is running
2024-11-07 10:03:57 - serialCaptureWorker - INFO - thread is running
2024-11-07 10:03:57 - serialCaptureWorker - INFO - sending handshake: {'handshake': {'timestamp': '2024-11-07T10:03:57'}}
2024-11-07 10:03:57 - serialCaptureWorker - INFO - sent to arduino: {"handshake": {"timestamp": "2024-11-07T10:03:57"}}
2024-11-07 10:03:57 - serialCaptureWorker - INFO - handshake sent to arduino: {'handshake': {'timestamp': '2024-11-07T10:03:57'}}
2024-11-07 10:03:57 - serialCaptureWorker - ERROR - failed to parse arduino response
Traceback (most recent call last):
  File "C:\Users\owenk\OneDrive\Desktop\Arduino\temperature chamber\temperature_chamber\interface\pyqt5\t-chamber\serialCaptureWorker.py", line 131, in handshake
    parsed_response = json.loads(handshake_response)
                      ^^^^^^^^^^^^^^^^^^^^^^^^^^^^^^
  File "C:\Users\owenk\anaconda3\Lib\json\__init__.py", line 346, in loads
    return _default_decoder.decode(s)
           ^^^^^^^^^^^^^^^^^^^^^^^^^^
  File "C:\Users\owenk\anaconda3\Lib\json\decoder.py", line 337, in decode
    obj, end = self.raw_decode(s, idx=_w(s, 0).end())
               ^^^^^^^^^^^^^^^^^^^^^^^^^^^^^^^^^^^^^^
  File "C:\Users\owenk\anaconda3\Lib\json\decoder.py", line 355, in raw_decode
    raise JSONDecodeError("Expecting value", s, err.value) from None
json.decoder.JSONDecodeError: Expecting value: line 1 column 1 (char 0)
2024-11-07 10:03:57 - serialCaptureWorker - INFO - {"handshake":{"timestamp":"2024-11-07T10:03:57","machine_state":"RESET","last_shutdown_cause":"Unknown","last_heat_time":"N/A"}}
2024-11-07 10:03:57 - serialCaptureWorker - INFO - sent to arduino: {"commands": {"PING": {}}}
2024-11-07 10:03:58 - __main__ - INFO - timestamp from ping: 2024-11-07 10:03:57
2024-11-07 10:06:12 - __main__ - INFO - app started
2024-11-07 10:06:12 - portSelector - INFO - ports refreshed
2024-11-07 10:06:14 - portSelector - INFO - [('COM7', 'Arduino Uno'), ('COM15', 'Arduino UNO R4 WiFi')]
2024-11-07 10:06:17 - __main__ - INFO - start button clicked
2024-11-07 10:06:17 - __main__ - INFO - check if ports are selected
2024-11-07 10:06:17 - testBoardWorker - INFO - test board worker connected to arduino port: COM7
2024-11-07 10:06:17 - serialCaptureWorker - INFO - connected to arduino port: COM15
2024-11-07 10:06:18 - testBoardWorker - INFO - test board thread is running
2024-11-07 10:06:18 - serialCaptureWorker - INFO - thread is running
2024-11-07 10:06:18 - serialCaptureWorker - INFO - sending handshake: {'handshake': {'timestamp': '2024-11-07T10:06:18'}}
2024-11-07 10:06:18 - serialCaptureWorker - INFO - sent to arduino: {"handshake": {"timestamp": "2024-11-07T10:06:18"}}
2024-11-07 10:06:18 - serialCaptureWorker - INFO - handshake sent to arduino: {'handshake': {'timestamp': '2024-11-07T10:06:18'}}
2024-11-07 10:06:18 - serialCaptureWorker - ERROR - failed to parse arduino response
Traceback (most recent call last):
  File "C:\Users\owenk\OneDrive\Desktop\Arduino\temperature chamber\temperature_chamber\interface\pyqt5\t-chamber\serialCaptureWorker.py", line 131, in handshake
    parsed_response = json.loads(handshake_response)
                      ^^^^^^^^^^^^^^^^^^^^^^^^^^^^^^
  File "C:\Users\owenk\anaconda3\Lib\json\__init__.py", line 346, in loads
    return _default_decoder.decode(s)
           ^^^^^^^^^^^^^^^^^^^^^^^^^^
  File "C:\Users\owenk\anaconda3\Lib\json\decoder.py", line 337, in decode
    obj, end = self.raw_decode(s, idx=_w(s, 0).end())
               ^^^^^^^^^^^^^^^^^^^^^^^^^^^^^^^^^^^^^^
  File "C:\Users\owenk\anaconda3\Lib\json\decoder.py", line 355, in raw_decode
    raise JSONDecodeError("Expecting value", s, err.value) from None
json.decoder.JSONDecodeError: Expecting value: line 1 column 1 (char 0)
2024-11-07 10:06:18 - serialCaptureWorker - INFO - {"handshake":{"timestamp":"2024-11-07T10:06:18","machine_state":"RESET","last_shutdown_cause":"Unknown","last_heat_time":"N/A"}}
2024-11-07 10:06:18 - serialCaptureWorker - INFO - sent to arduino: {"commands": {"PING": {}}}
2024-11-07 10:06:19 - __main__ - INFO - timestamp from ping: 2024-11-07 10:06:19
2024-11-07 10:11:58 - __main__ - INFO - app started
2024-11-07 10:11:58 - portSelector - INFO - ports refreshed
2024-11-07 10:12:00 - portSelector - INFO - [('COM7', 'Arduino Uno'), ('COM15', 'Arduino UNO R4 WiFi')]
2024-11-07 10:12:03 - __main__ - INFO - start button clicked
2024-11-07 10:12:03 - __main__ - INFO - check if ports are selected
2024-11-07 10:12:03 - testBoardWorker - INFO - test board worker connected to arduino port: COM7
2024-11-07 10:12:03 - serialCaptureWorker - INFO - connected to arduino port: COM15
2024-11-07 10:12:04 - testBoardWorker - INFO - test board thread is running
2024-11-07 10:12:04 - serialCaptureWorker - INFO - thread is running
2024-11-07 10:12:04 - serialCaptureWorker - INFO - attempting handshake, sent_handshake: False
2024-11-07 10:12:04 - serialCaptureWorker - INFO - sending handshake: {'handshake': {'timestamp': '2024-11-07T10:12:04'}}
2024-11-07 10:12:04 - serialCaptureWorker - INFO - sent to arduino: {"handshake": {"timestamp": "2024-11-07T10:12:04"}}
2024-11-07 10:12:04 - serialCaptureWorker - INFO - handshake sent to arduino: {'handshake': {'timestamp': '2024-11-07T10:12:04'}}
2024-11-07 10:12:04 - serialCaptureWorker - ERROR - failed to parse arduino response
Traceback (most recent call last):
  File "C:\Users\owenk\OneDrive\Desktop\Arduino\temperature chamber\temperature_chamber\interface\pyqt5\t-chamber\serialCaptureWorker.py", line 132, in handshake
    parsed_response = json.loads(handshake_response)
                      ^^^^^^^^^^^^^^^^^^^^^^^^^^^^^^
  File "C:\Users\owenk\anaconda3\Lib\json\__init__.py", line 346, in loads
    return _default_decoder.decode(s)
           ^^^^^^^^^^^^^^^^^^^^^^^^^^
  File "C:\Users\owenk\anaconda3\Lib\json\decoder.py", line 337, in decode
    obj, end = self.raw_decode(s, idx=_w(s, 0).end())
               ^^^^^^^^^^^^^^^^^^^^^^^^^^^^^^^^^^^^^^
  File "C:\Users\owenk\anaconda3\Lib\json\decoder.py", line 355, in raw_decode
    raise JSONDecodeError("Expecting value", s, err.value) from None
json.decoder.JSONDecodeError: Expecting value: line 1 column 1 (char 0)
2024-11-07 10:12:04 - serialCaptureWorker - INFO - {"handshake":{"timestamp":"2024-11-07T10:12:04","machine_state":"RESET","last_shutdown_cause":"Unknown","last_heat_time":"N/A"}}
2024-11-07 10:12:04 - serialCaptureWorker - INFO - sent to arduino: {"commands": {"PING": {}}}
2024-11-07 10:12:05 - __main__ - INFO - timestamp from ping: 2024-11-07 10:12:04
2024-11-07 10:22:09 - __main__ - INFO - app started
2024-11-07 10:22:09 - portSelector - INFO - ports refreshed
2024-11-07 10:22:11 - portSelector - INFO - [('COM7', 'Arduino Uno'), ('COM15', 'Arduino UNO R4 WiFi')]
2024-11-07 10:22:13 - __main__ - INFO - start button clicked
2024-11-07 10:22:13 - __main__ - INFO - check if ports are selected
2024-11-07 10:22:13 - testBoardWorker - INFO - test board worker connected to arduino port: COM7
2024-11-07 10:22:13 - serialCaptureWorker - INFO - connected to arduino port: COM15
2024-11-07 10:22:14 - testBoardWorker - INFO - test board thread is running
2024-11-07 10:22:14 - serialCaptureWorker - INFO - thread is running
2024-11-07 10:22:14 - serialCaptureWorker - INFO - attempting handshake, sent_handshake: False
2024-11-07 10:22:14 - serialCaptureWorker - INFO - sending handshake: {'handshake': {'timestamp': '2024-11-07T10:22:14'}}
2024-11-07 10:22:14 - serialCaptureWorker - INFO - sent to arduino: {"handshake": {"timestamp": "2024-11-07T10:22:14"}}
2024-11-07 10:22:14 - serialCaptureWorker - INFO - handshake sent to arduino: {'handshake': {'timestamp': '2024-11-07T10:22:14'}}
2024-11-07 10:22:14 - serialCaptureWorker - ERROR - failed to parse arduino response
Traceback (most recent call last):
  File "C:\Users\owenk\OneDrive\Desktop\Arduino\temperature chamber\temperature_chamber\interface\pyqt5\t-chamber\serialCaptureWorker.py", line 132, in handshake
    parsed_response = json.loads(handshake_response)
                      ^^^^^^^^^^^^^^^^^^^^^^^^^^^^^^
  File "C:\Users\owenk\anaconda3\Lib\json\__init__.py", line 346, in loads
    return _default_decoder.decode(s)
           ^^^^^^^^^^^^^^^^^^^^^^^^^^
  File "C:\Users\owenk\anaconda3\Lib\json\decoder.py", line 337, in decode
    obj, end = self.raw_decode(s, idx=_w(s, 0).end())
               ^^^^^^^^^^^^^^^^^^^^^^^^^^^^^^^^^^^^^^
  File "C:\Users\owenk\anaconda3\Lib\json\decoder.py", line 355, in raw_decode
    raise JSONDecodeError("Expecting value", s, err.value) from None
json.decoder.JSONDecodeError: Expecting value: line 1 column 1 (char 0)
2024-11-07 10:22:14 - serialCaptureWorker - INFO - {"handshake":{"timestamp":"2024-11-07T10:22:14","machine_state":"RESET","last_shutdown_cause":"Unknown","last_heat_time":"N/A"}}
2024-11-07 10:22:14 - serialCaptureWorker - INFO - sent to arduino: {"commands": {"PING": {}}}
2024-11-07 10:22:15 - __main__ - INFO - timestamp from ping: 2024-11-07 10:22:14
2024-11-07 10:24:28 - __main__ - INFO - app started
2024-11-07 10:24:28 - portSelector - INFO - ports refreshed
2024-11-07 10:24:30 - portSelector - INFO - [('COM7', 'Arduino Uno'), ('COM15', 'Arduino UNO R4 WiFi')]
2024-11-07 10:24:33 - __main__ - INFO - start button clicked
2024-11-07 10:24:33 - __main__ - INFO - check if ports are selected
2024-11-07 10:24:33 - testBoardWorker - INFO - test board worker connected to arduino port: COM7
2024-11-07 10:24:33 - serialCaptureWorker - INFO - connected to arduino port: COM15
2024-11-07 10:24:34 - testBoardWorker - INFO - test board thread is running
2024-11-07 10:24:34 - serialCaptureWorker - INFO - thread is running
2024-11-07 10:24:34 - serialCaptureWorker - INFO - attempting handshake, sent_handshake: False
2024-11-07 10:24:34 - serialCaptureWorker - INFO - sending handshake: {'handshake': {'timestamp': '2024-11-07T10:24:34'}}
2024-11-07 10:24:34 - serialCaptureWorker - INFO - sent to arduino: {"handshake": {"timestamp": "2024-11-07T10:24:34"}}
2024-11-07 10:24:34 - serialCaptureWorker - INFO - handshake sent to arduino: {'handshake': {'timestamp': '2024-11-07T10:24:34'}}
2024-11-07 10:24:34 - serialCaptureWorker - ERROR - failed to parse arduino response
Traceback (most recent call last):
  File "C:\Users\owenk\OneDrive\Desktop\Arduino\temperature chamber\temperature_chamber\interface\pyqt5\t-chamber\serialCaptureWorker.py", line 132, in handshake
    parsed_response = json.loads(handshake_response)
                      ^^^^^^^^^^^^^^^^^^^^^^^^^^^^^^
  File "C:\Users\owenk\anaconda3\Lib\json\__init__.py", line 346, in loads
    return _default_decoder.decode(s)
           ^^^^^^^^^^^^^^^^^^^^^^^^^^
  File "C:\Users\owenk\anaconda3\Lib\json\decoder.py", line 337, in decode
    obj, end = self.raw_decode(s, idx=_w(s, 0).end())
               ^^^^^^^^^^^^^^^^^^^^^^^^^^^^^^^^^^^^^^
  File "C:\Users\owenk\anaconda3\Lib\json\decoder.py", line 355, in raw_decode
    raise JSONDecodeError("Expecting value", s, err.value) from None
json.decoder.JSONDecodeError: Expecting value: line 1 column 1 (char 0)
2024-11-07 10:24:34 - serialCaptureWorker - INFO - {"handshake":{"timestamp":"2024-11-07T10:24:34","machine_state":"RESET","last_shutdown_cause":"Unknown","last_heat_time":"N/A"}}
2024-11-07 10:24:34 - serialCaptureWorker - INFO - sent to arduino: {"commands": {"PING": {}}}
2024-11-07 11:08:47 - __main__ - INFO - app started
2024-11-07 11:08:47 - portSelector - INFO - ports refreshed
2024-11-07 11:08:49 - portSelector - INFO - no boards connected
2024-11-07 11:08:53 - __main__ - INFO - start button clicked
2024-11-07 11:08:53 - __main__ - INFO - check if ports are selected
2024-11-07 11:08:53 - __main__ - INFO - timer worker started
2024-11-07 11:08:53 - testBoardWorker - ERROR - error
Traceback (most recent call last):
  File "C:\Users\owenk\OneDrive\Desktop\Arduino\temperature chamber\temperature_chamber\interface\pyqt5\t-chamber\testBoardWorker.py", line 33, in serial_setup
    self.ser = serial.Serial(self.port, self.baudrate, timeout=self.timeout)
               ^^^^^^^^^^^^^^^^^^^^^^^^^^^^^^^^^^^^^^^^^^^^^^^^^^^^^^^^^^^^^
  File "C:\Users\owenk\anaconda3\Lib\site-packages\serial\serialwin32.py", line 33, in __init__
    super(Serial, self).__init__(*args, **kwargs)
  File "C:\Users\owenk\anaconda3\Lib\site-packages\serial\serialutil.py", line 244, in __init__
    self.open()
  File "C:\Users\owenk\anaconda3\Lib\site-packages\serial\serialwin32.py", line 64, in open
    raise SerialException("could not open port {!r}: {!r}".format(self.portstr, ctypes.WinError()))
serial.serialutil.SerialException: could not open port 'COM7': FileNotFoundError(2, 'The system cannot find the file specified.', None, 2)
2024-11-07 11:08:53 - testBoardWorker - ERROR - test board worker failed to connect to COM7
2024-11-07 11:08:53 - serialCaptureWorker - ERROR - error
Traceback (most recent call last):
  File "C:\Users\owenk\OneDrive\Desktop\Arduino\temperature chamber\temperature_chamber\interface\pyqt5\t-chamber\serialCaptureWorker.py", line 65, in serial_setup
    self.ser = serial.Serial(self.port, self.baudrate, timeout=self.timeout)
               ^^^^^^^^^^^^^^^^^^^^^^^^^^^^^^^^^^^^^^^^^^^^^^^^^^^^^^^^^^^^^
  File "C:\Users\owenk\anaconda3\Lib\site-packages\serial\serialwin32.py", line 33, in __init__
    super(Serial, self).__init__(*args, **kwargs)
  File "C:\Users\owenk\anaconda3\Lib\site-packages\serial\serialutil.py", line 244, in __init__
    self.open()
  File "C:\Users\owenk\anaconda3\Lib\site-packages\serial\serialwin32.py", line 64, in open
    raise SerialException("could not open port {!r}: {!r}".format(self.portstr, ctypes.WinError()))
serial.serialutil.SerialException: could not open port 'COM15': FileNotFoundError(2, 'The system cannot find the file specified.', None, 2)
2024-11-07 11:08:53 - serialCaptureWorker - ERROR - failed to connect to COM15
2024-11-07 11:09:32 - __main__ - INFO - app started
2024-11-07 11:09:32 - portSelector - INFO - ports refreshed
2024-11-07 11:09:34 - portSelector - INFO - no boards connected
2024-11-07 11:09:36 - __main__ - INFO - start button clicked
2024-11-07 11:09:36 - __main__ - INFO - check if ports are selected
2024-11-07 11:09:36 - __main__ - INFO - timer worker started
2024-11-07 11:09:36 - testBoardWorker - ERROR - error
Traceback (most recent call last):
  File "C:\Users\owenk\OneDrive\Desktop\Arduino\temperature chamber\temperature_chamber\interface\pyqt5\t-chamber\testBoardWorker.py", line 33, in serial_setup
    self.ser = serial.Serial(self.port, self.baudrate, timeout=self.timeout)
               ^^^^^^^^^^^^^^^^^^^^^^^^^^^^^^^^^^^^^^^^^^^^^^^^^^^^^^^^^^^^^
  File "C:\Users\owenk\anaconda3\Lib\site-packages\serial\serialwin32.py", line 33, in __init__
    super(Serial, self).__init__(*args, **kwargs)
  File "C:\Users\owenk\anaconda3\Lib\site-packages\serial\serialutil.py", line 244, in __init__
    self.open()
  File "C:\Users\owenk\anaconda3\Lib\site-packages\serial\serialwin32.py", line 64, in open
    raise SerialException("could not open port {!r}: {!r}".format(self.portstr, ctypes.WinError()))
serial.serialutil.SerialException: could not open port 'COM7': FileNotFoundError(2, 'The system cannot find the file specified.', None, 2)
2024-11-07 11:09:36 - testBoardWorker - ERROR - test board worker failed to connect to COM7
2024-11-07 11:09:36 - serialCaptureWorker - ERROR - error
Traceback (most recent call last):
  File "C:\Users\owenk\OneDrive\Desktop\Arduino\temperature chamber\temperature_chamber\interface\pyqt5\t-chamber\serialCaptureWorker.py", line 65, in serial_setup
    self.ser = serial.Serial(self.port, self.baudrate, timeout=self.timeout)
               ^^^^^^^^^^^^^^^^^^^^^^^^^^^^^^^^^^^^^^^^^^^^^^^^^^^^^^^^^^^^^
  File "C:\Users\owenk\anaconda3\Lib\site-packages\serial\serialwin32.py", line 33, in __init__
    super(Serial, self).__init__(*args, **kwargs)
  File "C:\Users\owenk\anaconda3\Lib\site-packages\serial\serialutil.py", line 244, in __init__
    self.open()
  File "C:\Users\owenk\anaconda3\Lib\site-packages\serial\serialwin32.py", line 64, in open
    raise SerialException("could not open port {!r}: {!r}".format(self.portstr, ctypes.WinError()))
serial.serialutil.SerialException: could not open port 'COM15': FileNotFoundError(2, 'The system cannot find the file specified.', None, 2)
2024-11-07 11:09:36 - serialCaptureWorker - ERROR - failed to connect to COM15
2024-11-07 11:14:58 - __main__ - INFO - app started
2024-11-07 11:14:58 - portSelector - INFO - ports refreshed
2024-11-07 11:15:00 - portSelector - INFO - no boards connected
2024-11-07 11:15:01 - __main__ - INFO - gui built
2024-11-07 11:15:03 - __main__ - INFO - start button clicked
2024-11-07 11:15:03 - __main__ - INFO - check if ports are selected
2024-11-07 11:15:03 - __main__ - INFO - timer worker started
2024-11-07 11:15:03 - testBoardWorker - ERROR - error
Traceback (most recent call last):
  File "C:\Users\owenk\OneDrive\Desktop\Arduino\temperature chamber\temperature_chamber\interface\pyqt5\t-chamber\testBoardWorker.py", line 33, in serial_setup
    self.ser = serial.Serial(self.port, self.baudrate, timeout=self.timeout)
               ^^^^^^^^^^^^^^^^^^^^^^^^^^^^^^^^^^^^^^^^^^^^^^^^^^^^^^^^^^^^^
  File "C:\Users\owenk\anaconda3\Lib\site-packages\serial\serialwin32.py", line 33, in __init__
    super(Serial, self).__init__(*args, **kwargs)
  File "C:\Users\owenk\anaconda3\Lib\site-packages\serial\serialutil.py", line 244, in __init__
    self.open()
  File "C:\Users\owenk\anaconda3\Lib\site-packages\serial\serialwin32.py", line 64, in open
    raise SerialException("could not open port {!r}: {!r}".format(self.portstr, ctypes.WinError()))
serial.serialutil.SerialException: could not open port 'COM7': FileNotFoundError(2, 'The system cannot find the file specified.', None, 2)
2024-11-07 11:15:03 - testBoardWorker - ERROR - test board worker failed to connect to COM7
2024-11-07 11:15:03 - serialCaptureWorker - ERROR - error
Traceback (most recent call last):
  File "C:\Users\owenk\OneDrive\Desktop\Arduino\temperature chamber\temperature_chamber\interface\pyqt5\t-chamber\serialCaptureWorker.py", line 65, in serial_setup
    self.ser = serial.Serial(self.port, self.baudrate, timeout=self.timeout)
               ^^^^^^^^^^^^^^^^^^^^^^^^^^^^^^^^^^^^^^^^^^^^^^^^^^^^^^^^^^^^^
  File "C:\Users\owenk\anaconda3\Lib\site-packages\serial\serialwin32.py", line 33, in __init__
    super(Serial, self).__init__(*args, **kwargs)
  File "C:\Users\owenk\anaconda3\Lib\site-packages\serial\serialutil.py", line 244, in __init__
    self.open()
  File "C:\Users\owenk\anaconda3\Lib\site-packages\serial\serialwin32.py", line 64, in open
    raise SerialException("could not open port {!r}: {!r}".format(self.portstr, ctypes.WinError()))
serial.serialutil.SerialException: could not open port 'COM15': FileNotFoundError(2, 'The system cannot find the file specified.', None, 2)
2024-11-07 11:15:03 - serialCaptureWorker - ERROR - failed to connect to COM15
2024-11-07 11:15:40 - __main__ - INFO - app started
2024-11-07 11:15:40 - portSelector - INFO - ports refreshed
2024-11-07 11:15:42 - portSelector - INFO - no boards connected
2024-11-07 11:15:43 - __main__ - INFO - gui built
2024-11-07 11:15:45 - __main__ - INFO - start button clicked
2024-11-07 11:15:45 - __main__ - INFO - check if ports are selected
2024-11-07 11:15:45 - __main__ - INFO - timer worker started
2024-11-07 11:15:45 - testBoardWorker - ERROR - error
Traceback (most recent call last):
  File "C:\Users\owenk\OneDrive\Desktop\Arduino\temperature chamber\temperature_chamber\interface\pyqt5\t-chamber\testBoardWorker.py", line 33, in serial_setup
    self.ser = serial.Serial(self.port, self.baudrate, timeout=self.timeout)
               ^^^^^^^^^^^^^^^^^^^^^^^^^^^^^^^^^^^^^^^^^^^^^^^^^^^^^^^^^^^^^
  File "C:\Users\owenk\anaconda3\Lib\site-packages\serial\serialwin32.py", line 33, in __init__
    super(Serial, self).__init__(*args, **kwargs)
  File "C:\Users\owenk\anaconda3\Lib\site-packages\serial\serialutil.py", line 244, in __init__
    self.open()
  File "C:\Users\owenk\anaconda3\Lib\site-packages\serial\serialwin32.py", line 64, in open
    raise SerialException("could not open port {!r}: {!r}".format(self.portstr, ctypes.WinError()))
serial.serialutil.SerialException: could not open port 'COM7': FileNotFoundError(2, 'The system cannot find the file specified.', None, 2)
2024-11-07 11:15:45 - testBoardWorker - ERROR - test board worker failed to connect to COM7
2024-11-07 11:15:45 - serialCaptureWorker - ERROR - error
Traceback (most recent call last):
  File "C:\Users\owenk\OneDrive\Desktop\Arduino\temperature chamber\temperature_chamber\interface\pyqt5\t-chamber\serialCaptureWorker.py", line 65, in serial_setup
    self.ser = serial.Serial(self.port, self.baudrate, timeout=self.timeout)
               ^^^^^^^^^^^^^^^^^^^^^^^^^^^^^^^^^^^^^^^^^^^^^^^^^^^^^^^^^^^^^
  File "C:\Users\owenk\anaconda3\Lib\site-packages\serial\serialwin32.py", line 33, in __init__
    super(Serial, self).__init__(*args, **kwargs)
  File "C:\Users\owenk\anaconda3\Lib\site-packages\serial\serialutil.py", line 244, in __init__
    self.open()
  File "C:\Users\owenk\anaconda3\Lib\site-packages\serial\serialwin32.py", line 64, in open
    raise SerialException("could not open port {!r}: {!r}".format(self.portstr, ctypes.WinError()))
serial.serialutil.SerialException: could not open port 'COM15': FileNotFoundError(2, 'The system cannot find the file specified.', None, 2)
2024-11-07 11:15:45 - serialCaptureWorker - ERROR - failed to connect to COM15
2024-11-07 11:19:09 - __main__ - INFO - app started
2024-11-07 11:19:09 - portSelector - INFO - ports refreshed
2024-11-07 11:19:11 - portSelector - INFO - [('COM15', 'Arduino UNO R4 WiFi'), ('COM7', 'Arduino Uno')]
2024-11-07 11:19:12 - __main__ - INFO - gui built
2024-11-07 11:19:14 - __main__ - INFO - start button clicked
2024-11-07 11:19:14 - __main__ - INFO - check if ports are selected
2024-11-07 11:19:14 - __main__ - INFO - timer worker started
2024-11-07 11:19:14 - testBoardWorker - INFO - test board worker connected to arduino port: COM7
2024-11-07 11:19:14 - serialCaptureWorker - INFO - connected to arduino port: COM15
2024-11-07 11:19:15 - testBoardWorker - INFO - test board thread is running
2024-11-07 11:19:15 - serialCaptureWorker - INFO - thread is running
2024-11-07 11:19:15 - serialCaptureWorker - INFO - attempting handshake, sent_handshake: False
2024-11-07 11:19:15 - serialCaptureWorker - INFO - sending handshake: {'handshake': {'timestamp': '2024-11-07T11:19:15'}}
2024-11-07 11:19:15 - serialCaptureWorker - INFO - sent to arduino: {"handshake": {"timestamp": "2024-11-07T11:19:15"}}
2024-11-07 11:19:15 - serialCaptureWorker - INFO - handshake sent to arduino: {'handshake': {'timestamp': '2024-11-07T11:19:15'}}
2024-11-07 11:19:15 - serialCaptureWorker - INFO - RTC updated with initial timestamp from python app.
2024-11-07 11:19:15 - serialCaptureWorker - INFO - sent to arduino: {"commands": {"PING": {}}}
2024-11-07 11:19:15 - serialCaptureWorker - INFO - arduino says: {"handshake":{"timestamp":"2024-11-07T11:19:15","machine_state":"RESET","last_shutdown_cause":"Unknown","last_heat_time":"N/A"}}
2024-11-07 11:19:16 - __main__ - DEBUG - raw timestamp received: 2024-11-07T11:19:15
2024-11-07 11:19:16 - __main__ - INFO - timestamp from ping: 2024-11-07 11:19:15
2024-11-07 11:22:24 - __main__ - INFO - app started
2024-11-07 11:22:24 - portSelector - INFO - ports refreshed
2024-11-07 11:22:26 - portSelector - INFO - [('COM7', 'Arduino Uno'), ('COM15', 'Arduino UNO R4 WiFi')]
2024-11-07 11:22:28 - __main__ - INFO - gui built
2024-11-07 11:22:34 - __main__ - INFO - start button clicked
2024-11-07 11:22:34 - __main__ - INFO - check if ports are selected
2024-11-07 11:22:34 - __main__ - INFO - timer worker started
2024-11-07 11:22:34 - testBoardWorker - INFO - test board worker connected to arduino port: COM7
2024-11-07 11:22:34 - serialCaptureWorker - INFO - connected to arduino port: COM15
2024-11-07 11:22:35 - testBoardWorker - INFO - test board thread is running
2024-11-07 11:22:35 - serialCaptureWorker - INFO - thread is running
2024-11-07 11:22:35 - serialCaptureWorker - INFO - attempting handshake, sent_handshake: False
2024-11-07 11:22:35 - serialCaptureWorker - INFO - sending handshake: {'handshake': {'timestamp': '2024-11-07T11:22:35'}}
2024-11-07 11:22:35 - serialCaptureWorker - INFO - sent to arduino: {"handshake": {"timestamp": "2024-11-07T11:22:35"}}
2024-11-07 11:22:35 - serialCaptureWorker - INFO - handshake sent to arduino: {'handshake': {'timestamp': '2024-11-07T11:22:35'}}
2024-11-07 11:22:35 - serialCaptureWorker - ERROR - failed to parse arduino response
Traceback (most recent call last):
  File "C:\Users\owenk\OneDrive\Desktop\Arduino\temperature chamber\temperature_chamber\interface\pyqt5\t-chamber\serialCaptureWorker.py", line 132, in handshake
    parsed_response = json.loads(handshake_response)
                      ^^^^^^^^^^^^^^^^^^^^^^^^^^^^^^
  File "C:\Users\owenk\anaconda3\Lib\json\__init__.py", line 346, in loads
    return _default_decoder.decode(s)
           ^^^^^^^^^^^^^^^^^^^^^^^^^^
  File "C:\Users\owenk\anaconda3\Lib\json\decoder.py", line 337, in decode
    obj, end = self.raw_decode(s, idx=_w(s, 0).end())
               ^^^^^^^^^^^^^^^^^^^^^^^^^^^^^^^^^^^^^^
  File "C:\Users\owenk\anaconda3\Lib\json\decoder.py", line 355, in raw_decode
    raise JSONDecodeError("Expecting value", s, err.value) from None
json.decoder.JSONDecodeError: Expecting value: line 1 column 1 (char 0)
2024-11-07 11:22:35 - serialCaptureWorker - INFO - {"handshake":{"timestamp":"2024-11-07T11:22:36","machine_state":"RESET","last_shutdown_cause":"Unknown","last_heat_time":"N/A"}}
2024-11-07 11:22:35 - serialCaptureWorker - INFO - sent to arduino: {"commands": {"PING": {}}}
2024-11-07 11:22:36 - __main__ - DEBUG - raw timestamp received: 2024-11-07T11:22:36
2024-11-07 11:22:36 - __main__ - INFO - timestamp from ping: 2024-11-07 11:22:36
2024-11-07 11:40:08 - __main__ - INFO - app started
2024-11-07 11:40:08 - portSelector - INFO - ports refreshed
2024-11-07 11:40:10 - portSelector - INFO - [('COM7', 'Arduino Uno'), ('COM15', 'Arduino UNO R4 WiFi')]
2024-11-07 11:40:11 - __main__ - INFO - gui built
2024-11-07 11:40:13 - __main__ - INFO - start button clicked
2024-11-07 11:40:13 - __main__ - INFO - check if ports are selected
2024-11-07 11:40:13 - __main__ - INFO - timer worker started
2024-11-07 11:40:13 - testBoardWorker - INFO - test board worker connected to arduino port: COM7
2024-11-07 11:40:13 - serialCaptureWorker - INFO - connected to arduino port: COM15
2024-11-07 11:40:14 - testBoardWorker - INFO - test board thread is running
2024-11-07 11:40:14 - serialCaptureWorker - INFO - thread is running
2024-11-07 11:40:14 - serialCaptureWorker - INFO - attempting handshake, sent_handshake: False
2024-11-07 11:40:14 - serialCaptureWorker - INFO - sending handshake: {'handshake': {'timestamp': '2024-11-07T11:40:14'}}
2024-11-07 11:40:14 - serialCaptureWorker - INFO - sent to arduino: {"handshake": {"timestamp": "2024-11-07T11:40:14"}}
2024-11-07 11:40:14 - serialCaptureWorker - INFO - handshake sent to arduino: {'handshake': {'timestamp': '2024-11-07T11:40:14'}}
2024-11-07 11:40:15 - serialCaptureWorker - ERROR - failed to parse arduino response
Traceback (most recent call last):
  File "C:\Users\owenk\OneDrive\Desktop\Arduino\temperature chamber\temperature_chamber\interface\pyqt5\t-chamber\serialCaptureWorker.py", line 132, in handshake
    parsed_response = json.loads(handshake_response)
                      ^^^^^^^^^^^^^^^^^^^^^^^^^^^^^^
  File "C:\Users\owenk\anaconda3\Lib\json\__init__.py", line 346, in loads
    return _default_decoder.decode(s)
           ^^^^^^^^^^^^^^^^^^^^^^^^^^
  File "C:\Users\owenk\anaconda3\Lib\json\decoder.py", line 337, in decode
    obj, end = self.raw_decode(s, idx=_w(s, 0).end())
               ^^^^^^^^^^^^^^^^^^^^^^^^^^^^^^^^^^^^^^
  File "C:\Users\owenk\anaconda3\Lib\json\decoder.py", line 355, in raw_decode
    raise JSONDecodeError("Expecting value", s, err.value) from None
json.decoder.JSONDecodeError: Expecting value: line 1 column 1 (char 0)
2024-11-07 11:40:15 - serialCaptureWorker - INFO - {"handshake":{"timestamp":"2024-11-07T11:40:14","machine_state":"RESET","last_shutdown_cause":"Unknown","last_heat_time":"N/A"}}
2024-11-07 11:40:15 - serialCaptureWorker - INFO - sent to arduino: {"commands": {"PING": {}}}
2024-11-07 11:40:15 - serialCaptureWorker - INFO - True
2024-11-07 11:40:15 - serialCaptureWorker - INFO - RESET
2024-11-07 11:40:15 - __main__ - DEBUG - raw timestamp received: 2024-11-07T11:40:14
2024-11-07 11:40:15 - __main__ - INFO - timestamp from ping: 2024-11-07 11:40:14
2024-11-07 11:42:43 - __main__ - INFO - app started
2024-11-07 11:42:43 - portSelector - INFO - ports refreshed
2024-11-07 11:42:45 - portSelector - INFO - [('COM7', 'Arduino Uno'), ('COM15', 'Arduino UNO R4 WiFi')]
2024-11-07 11:42:45 - __main__ - INFO - gui built
2024-11-07 11:42:48 - __main__ - INFO - start button clicked
2024-11-07 11:42:48 - __main__ - INFO - check if ports are selected
2024-11-07 11:42:48 - __main__ - INFO - timer worker started
2024-11-07 11:42:48 - testBoardWorker - INFO - test board worker connected to arduino port: COM7
2024-11-07 11:42:48 - serialCaptureWorker - INFO - connected to arduino port: COM15
2024-11-07 11:42:49 - testBoardWorker - INFO - test board thread is running
2024-11-07 11:42:49 - serialCaptureWorker - INFO - thread is running
2024-11-07 11:42:49 - serialCaptureWorker - INFO - attempting handshake, sent_handshake: False
2024-11-07 11:42:49 - serialCaptureWorker - INFO - sending handshake: {'handshake': {'timestamp': '2024-11-07T11:42:49'}}
2024-11-07 11:42:49 - serialCaptureWorker - INFO - sent to arduino: {"handshake": {"timestamp": "2024-11-07T11:42:49"}}
2024-11-07 11:42:49 - serialCaptureWorker - INFO - handshake sent to arduino: {'handshake': {'timestamp': '2024-11-07T11:42:49'}}
2024-11-07 11:42:49 - serialCaptureWorker - ERROR - failed to parse arduino response
Traceback (most recent call last):
  File "C:\Users\owenk\OneDrive\Desktop\Arduino\temperature chamber\temperature_chamber\interface\pyqt5\t-chamber\serialCaptureWorker.py", line 132, in handshake
    parsed_response = json.loads(handshake_response)
                      ^^^^^^^^^^^^^^^^^^^^^^^^^^^^^^
  File "C:\Users\owenk\anaconda3\Lib\json\__init__.py", line 346, in loads
    return _default_decoder.decode(s)
           ^^^^^^^^^^^^^^^^^^^^^^^^^^
  File "C:\Users\owenk\anaconda3\Lib\json\decoder.py", line 337, in decode
    obj, end = self.raw_decode(s, idx=_w(s, 0).end())
               ^^^^^^^^^^^^^^^^^^^^^^^^^^^^^^^^^^^^^^
  File "C:\Users\owenk\anaconda3\Lib\json\decoder.py", line 355, in raw_decode
    raise JSONDecodeError("Expecting value", s, err.value) from None
json.decoder.JSONDecodeError: Expecting value: line 1 column 1 (char 0)
2024-11-07 11:42:49 - serialCaptureWorker - INFO - {"handshake":{"timestamp":"2024-11-07T11:42:49","machine_state":"RESET","last_shutdown_cause":"","last_heat_time":"N/A"}}
2024-11-07 11:42:49 - serialCaptureWorker - INFO - sent to arduino: {"commands": {"PING": {}}}
2024-11-07 11:42:49 - serialCaptureWorker - INFO - True
2024-11-07 11:42:49 - serialCaptureWorker - INFO - RESET
2024-11-07 11:42:49 - __main__ - DEBUG - raw timestamp received: 2024-11-07T11:42:49
2024-11-07 11:42:49 - __main__ - INFO - timestamp from ping: 2024-11-07 11:42:49
2024-11-07 11:42:49 - __main__ - INFO - RESET
2024-11-07 11:42:49 - serialCaptureWorker - INFO - attempting handshake, sent_handshake: True
2024-11-07 11:42:55 - serialCaptureWorker - INFO - sent to arduino: {"commands": {"PING": {}}}
2024-11-07 11:42:55 - serialCaptureWorker - INFO - True
2024-11-07 11:42:55 - serialCaptureWorker - INFO - RESET
2024-11-07 11:42:55 - __main__ - DEBUG - raw timestamp received: 2024-11-07T11:42:55
2024-11-07 11:42:55 - __main__ - INFO - timestamp from ping: 2024-11-07 11:42:55
2024-11-07 11:42:55 - __main__ - INFO - RESET
2024-11-07 11:42:55 - serialCaptureWorker - INFO - attempting handshake, sent_handshake: True
2024-11-07 11:43:00 - serialCaptureWorker - INFO - sent to arduino: {"commands": {"PING": {}}}
2024-11-07 11:43:00 - serialCaptureWorker - INFO - True
2024-11-07 11:43:00 - serialCaptureWorker - INFO - RESET
2024-11-07 11:43:00 - __main__ - DEBUG - raw timestamp received: 2024-11-07T11:43:01
2024-11-07 11:43:00 - __main__ - INFO - timestamp from ping: 2024-11-07 11:43:01
2024-11-07 11:43:00 - __main__ - INFO - RESET
2024-11-07 11:43:00 - serialCaptureWorker - INFO - attempting handshake, sent_handshake: True
2024-11-07 11:43:02 - testBoardWorker - INFO - test worker thread is running
2024-11-07 11:43:06 - serialCaptureWorker - INFO - sent to arduino: {"commands": {"PING": {}}}
2024-11-07 11:43:06 - serialCaptureWorker - INFO - True
2024-11-07 11:43:06 - serialCaptureWorker - INFO - RESET
2024-11-07 11:43:06 - __main__ - DEBUG - raw timestamp received: 2024-11-07T11:43:06
2024-11-07 11:43:06 - __main__ - INFO - timestamp from ping: 2024-11-07 11:43:06
2024-11-07 11:43:06 - __main__ - INFO - RESET
2024-11-07 11:43:06 - serialCaptureWorker - INFO - attempting handshake, sent_handshake: True
2024-11-07 11:43:11 - serialCaptureWorker - INFO - sent to arduino: {"commands": {"PING": {}}}
2024-11-07 11:43:11 - serialCaptureWorker - INFO - True
2024-11-07 11:43:11 - serialCaptureWorker - INFO - RESET
2024-11-07 11:43:11 - __main__ - DEBUG - raw timestamp received: 2024-11-07T11:43:12
2024-11-07 11:43:11 - __main__ - INFO - timestamp from ping: 2024-11-07 11:43:12
2024-11-07 11:43:11 - __main__ - INFO - RESET
2024-11-07 11:43:11 - serialCaptureWorker - INFO - attempting handshake, sent_handshake: True
2024-11-07 11:43:16 - testBoardWorker - INFO - test worker thread is running
2024-11-07 11:43:17 - serialCaptureWorker - INFO - sent to arduino: {"commands": {"PING": {}}}
2024-11-07 11:43:17 - serialCaptureWorker - INFO - True
2024-11-07 11:43:17 - serialCaptureWorker - INFO - RESET
2024-11-07 11:43:17 - __main__ - DEBUG - raw timestamp received: 2024-11-07T11:43:18
2024-11-07 11:43:17 - __main__ - INFO - timestamp from ping: 2024-11-07 11:43:18
2024-11-07 11:43:17 - __main__ - INFO - RESET
2024-11-07 11:43:17 - serialCaptureWorker - INFO - attempting handshake, sent_handshake: True
2024-11-07 11:43:22 - serialCaptureWorker - INFO - sent to arduino: {"commands": {"PING": {}}}
2024-11-07 11:43:22 - serialCaptureWorker - INFO - True
2024-11-07 11:43:22 - __main__ - DEBUG - raw timestamp received: 2024-11-07T11:43:23
2024-11-07 11:43:22 - serialCaptureWorker - INFO - RESET
2024-11-07 11:43:22 - __main__ - INFO - timestamp from ping: 2024-11-07 11:43:23
2024-11-07 11:43:22 - __main__ - INFO - RESET
2024-11-07 11:43:22 - serialCaptureWorker - INFO - attempting handshake, sent_handshake: True
2024-11-07 11:43:28 - serialCaptureWorker - INFO - sent to arduino: {"commands": {"PING": {}}}
2024-11-07 11:43:28 - serialCaptureWorker - INFO - True
2024-11-07 11:43:28 - serialCaptureWorker - INFO - RESET
2024-11-07 11:43:28 - __main__ - DEBUG - raw timestamp received: 2024-11-07T11:43:29
2024-11-07 11:43:28 - __main__ - INFO - timestamp from ping: 2024-11-07 11:43:29
2024-11-07 11:43:28 - __main__ - INFO - RESET
2024-11-07 11:43:28 - serialCaptureWorker - INFO - attempting handshake, sent_handshake: True
2024-11-07 11:43:30 - testBoardWorker - INFO - test worker thread is running
2024-11-07 11:43:33 - serialCaptureWorker - INFO - sent to arduino: {"commands": {"PING": {}}}
2024-11-07 11:43:33 - serialCaptureWorker - INFO - True
2024-11-07 11:43:33 - serialCaptureWorker - INFO - RESET
2024-11-07 11:43:33 - __main__ - DEBUG - raw timestamp received: 2024-11-07T11:43:35
2024-11-07 11:43:33 - __main__ - INFO - timestamp from ping: 2024-11-07 11:43:35
2024-11-07 11:43:33 - __main__ - INFO - RESET
2024-11-07 11:43:33 - serialCaptureWorker - INFO - attempting handshake, sent_handshake: True
2024-11-07 11:43:39 - serialCaptureWorker - INFO - sent to arduino: {"commands": {"PING": {}}}
2024-11-07 11:43:39 - serialCaptureWorker - INFO - True
2024-11-07 11:43:39 - serialCaptureWorker - INFO - RESET
2024-11-07 11:43:39 - __main__ - DEBUG - raw timestamp received: 2024-11-07T11:43:40
2024-11-07 11:43:39 - __main__ - INFO - timestamp from ping: 2024-11-07 11:43:40
2024-11-07 11:43:39 - __main__ - INFO - RESET
2024-11-07 11:43:39 - serialCaptureWorker - INFO - attempting handshake, sent_handshake: True
2024-11-07 11:43:44 - serialCaptureWorker - INFO - sent to arduino: {"commands": {"PING": {}}}
2024-11-07 11:43:44 - testBoardWorker - INFO - test worker thread is running
2024-11-07 11:43:44 - serialCaptureWorker - INFO - True
2024-11-07 11:43:44 - __main__ - DEBUG - raw timestamp received: 2024-11-07T11:43:46
2024-11-07 11:43:44 - serialCaptureWorker - INFO - RESET
2024-11-07 11:43:44 - __main__ - INFO - timestamp from ping: 2024-11-07 11:43:46
2024-11-07 11:43:44 - __main__ - INFO - RESET
2024-11-07 11:43:44 - serialCaptureWorker - INFO - attempting handshake, sent_handshake: True
2024-11-07 11:43:50 - serialCaptureWorker - INFO - sent to arduino: {"commands": {"PING": {}}}
2024-11-07 11:43:50 - serialCaptureWorker - INFO - True
2024-11-07 11:43:50 - __main__ - DEBUG - raw timestamp received: 2024-11-07T11:43:52
2024-11-07 11:43:50 - serialCaptureWorker - INFO - RESET
2024-11-07 11:43:50 - __main__ - INFO - timestamp from ping: 2024-11-07 11:43:52
2024-11-07 11:43:50 - __main__ - INFO - RESET
2024-11-07 11:43:50 - serialCaptureWorker - INFO - attempting handshake, sent_handshake: True
2024-11-07 11:43:55 - jsonFunctionality - INFO - C:/Users/owenk/OneDrive/Desktop/Arduino/temperature chamber/temperature_chamber/tests/alphabet/alphabet_test.json
2024-11-07 11:43:55 - jsonFunctionality - INFO - test directory updated to: C:\Users\owenk\OneDrive\Desktop\Arduino\temperature chamber\temperature_chamber\tests but with correct forward slashes
2024-11-07 11:43:55 - serialCaptureWorker - INFO - sent to arduino: {"commands": {"PING": {}}}
2024-11-07 11:43:55 - serialCaptureWorker - INFO - True
2024-11-07 11:43:55 - serialCaptureWorker - INFO - RESET
2024-11-07 11:43:55 - __main__ - DEBUG - raw timestamp received: 2024-11-07T11:43:57
2024-11-07 11:43:55 - __main__ - INFO - timestamp from ping: 2024-11-07 11:43:57
2024-11-07 11:43:55 - __main__ - INFO - RESET
2024-11-07 11:43:55 - serialCaptureWorker - INFO - attempting handshake, sent_handshake: True
2024-11-07 11:43:57 - __main__ - INFO - test starting
2024-11-07 11:43:57 - serialCaptureWorker - INFO - sent to arduino: {"tests": {"test_1": {"chamber_sequences": [{"temp": 20, "duration": 60000}, {"temp": 40, "duration": 60000}], "sketch": "./alphabet.ino", "expected_output": "ABCDEFGHIJKLMNOPQRSTUVWXYZ"}, "test_2": {"chamber_sequences": [{"temp": 60, "duration": 60000}, {"temp": 70, "duration": 60000}], "sketch": "./alphabet.ino", "expected output": "ABCDEFGHIJKLMNOPQRSTUVWXYZ"}}}
2024-11-07 11:43:57 - serialCaptureWorker - INFO - Sending full tests data with 2 tests
2024-11-07 11:43:57 - testBoardWorker - INFO - test worker thread is running
2024-11-07 11:43:57 - testBoardWorker - INFO - connection to COM7 closed now
2024-11-07 11:43:57 - __main__ - INFO - test board worker temporarily deleted
2024-11-07 11:43:57 - __main__ - INFO - cli worker started
2024-11-07 11:43:57 - cliWorker - INFO - cli worker connected to arduino port: COM7
2024-11-07 11:43:58 - serialCaptureWorker - INFO - Queued test: test_1
2024-11-07 11:43:58 - serialCaptureWorker - INFO - sent to arduino: {"commands": {"PING": {}}}
2024-11-07 11:43:58 - serialCaptureWorker - INFO - arduino says: Queued test: test_2
2024-11-07 11:43:58 - serialCaptureWorker - INFO - arduino says: Setting temperature to 20.00
2024-11-07 11:43:58 - serialCaptureWorker - INFO - arduino says: Running test: test_1
2024-11-07 11:43:58 - serialCaptureWorker - ERROR - failed to decode ping response as json
Traceback (most recent call last):
  File "C:\Users\owenk\OneDrive\Desktop\Arduino\temperature chamber\temperature_chamber\interface\pyqt5\t-chamber\serialCaptureWorker.py", line 151, in ping
    parsed_response = json.loads(ping_response)
                      ^^^^^^^^^^^^^^^^^^^^^^^^^
  File "C:\Users\owenk\anaconda3\Lib\json\__init__.py", line 346, in loads
    return _default_decoder.decode(s)
           ^^^^^^^^^^^^^^^^^^^^^^^^^^
  File "C:\Users\owenk\anaconda3\Lib\json\decoder.py", line 337, in decode
    obj, end = self.raw_decode(s, idx=_w(s, 0).end())
               ^^^^^^^^^^^^^^^^^^^^^^^^^^^^^^^^^^^^^^
  File "C:\Users\owenk\anaconda3\Lib\json\decoder.py", line 355, in raw_decode
    raise JSONDecodeError("Expecting value", s, err.value) from None
json.decoder.JSONDecodeError: Expecting value: line 1 column 1 (char 0)
2024-11-07 11:43:58 - serialCaptureWorker - INFO - attempting handshake, sent_handshake: True
2024-11-07 11:43:58 - serialCaptureWorker - INFO - Waiting for target temp to be reached
2024-11-07 11:43:58 - serialCaptureWorker - INFO - attempting handshake, sent_handshake: True
2024-11-07 11:43:58 - serialCaptureWorker - INFO - {"ping_response":{"alive":true,"timestamp":"2024-11-07T11:44:00","machine_state":"REPORT","current_temp":20.40625,"test_status":{"is_test_running":true,"current_test":"test_1","current_sequence":1,"desired_temp":20,"current_duration":60000,"time_left":0}}}
2024-11-07 11:43:58 - cliWorker - INFO - cli worker thread is running
2024-11-07 11:43:58 - cliWorker - INFO - running test with testdata filepath: C:/Users/owenk/OneDrive/Desktop/Arduino/temperature chamber/temperature_chamber/tests/alphabet/alphabet_test.json
2024-11-07 11:43:58 - serialCaptureWorker - INFO - attempting handshake, sent_handshake: True
2024-11-07 11:44:00 - cliWorker - INFO - command succeeded: arduino-cli board list --format json
2024-11-07 11:44:00 - cliWorker - INFO - detected fqbn: arduino:avr:uno
2024-11-07 11:44:01 - cliWorker - INFO - command succeeded: arduino-cli core list
2024-11-07 11:44:01 - cliWorker - INFO - core arduino is already installed.
2024-11-07 11:44:01 - cliWorker - INFO - compiling sketch for the board with fqbn arduino:avr:uno...
2024-11-07 11:44:03 - serialCaptureWorker - INFO - sent to arduino: {"commands": {"PING": {}}}
2024-11-07 11:44:04 - serialCaptureWorker - INFO - True
2024-11-07 11:44:04 - serialCaptureWorker - INFO - COOLING
2024-11-07 11:44:04 - __main__ - DEBUG - raw timestamp received: 2024-11-07T11:44:06
2024-11-07 11:44:04 - __main__ - INFO - timestamp from ping: 2024-11-07 11:44:06
2024-11-07 11:44:04 - __main__ - INFO - COOLING
2024-11-07 11:44:04 - __main__ - INFO - parsing test info to update running test label
2024-11-07 11:44:04 - serialCaptureWorker - INFO - attempting handshake, sent_handshake: True
2024-11-07 11:44:06 - cliWorker - INFO - command succeeded: arduino-cli compile --fqbn arduino:avr:uno C:/Users/owenk/OneDrive/Desktop/Arduino/temperature chamber/temperature_chamber/tests/alphabet/alphabet.ino
2024-11-07 11:44:06 - cliWorker - INFO - compilation successful!
2024-11-07 11:44:07 - cliWorker - INFO - uploading sketch to board with fqbn arduino:avr:uno on port COM7...
2024-11-07 11:44:09 - serialCaptureWorker - INFO - sent to arduino: {"commands": {"PING": {}}}
2024-11-07 11:44:09 - serialCaptureWorker - INFO - True
2024-11-07 11:44:09 - serialCaptureWorker - INFO - COOLING
2024-11-07 11:44:09 - __main__ - DEBUG - raw timestamp received: 2024-11-07T11:44:11
2024-11-07 11:44:09 - __main__ - INFO - timestamp from ping: 2024-11-07 11:44:11
2024-11-07 11:44:09 - __main__ - INFO - COOLING
2024-11-07 11:44:09 - __main__ - INFO - parsing test info to update running test label
2024-11-07 11:44:09 - serialCaptureWorker - INFO - attempting handshake, sent_handshake: True
2024-11-07 11:44:11 - manualTab - INFO - [{'temp': 50.0, 'duration': 600000}]
2024-11-07 11:44:11 - cliWorker - INFO - command succeeded: arduino-cli upload -p COM7 --fqbn arduino:avr:uno C:/Users/owenk/OneDrive/Desktop/Arduino/temperature chamber/temperature_chamber/tests/alphabet/alphabet.ino
2024-11-07 11:44:11 - cliWorker - INFO - upload successful!
2024-11-07 11:44:12 - serialCaptureWorker - INFO - sent to arduino: {"commands": {"INTERRUPT_TEST": {}}}
2024-11-07 11:44:12 - manualTab - WARNING - test interrupted
2024-11-07 11:44:12 - serialCaptureWorker - INFO - [{'duration': 600000, 'temp': 50.0}]
2024-11-07 11:44:12 - serialCaptureWorker - INFO - sent to arduino: {"commands": {"SET_TEMP": {"duration": 600000, "temp": 50.0}}}
2024-11-07 11:44:12 - manualTab - INFO - sent to arduino: [{'temp': 50.0, 'duration': 600000}]
2024-11-07 11:44:12 - serialCaptureWorker - INFO - All tests cleared. Ready for new tests.
2024-11-07 11:44:12 - serialCaptureWorker - INFO - sent to arduino: {"commands": {"PING": {}}}
2024-11-07 11:44:12 - serialCaptureWorker - INFO - arduino says: Test interrupted and system reset.
2024-11-07 11:44:13 - serialCaptureWorker - ERROR - failed to decode ping response as json
Traceback (most recent call last):
  File "C:\Users\owenk\OneDrive\Desktop\Arduino\temperature chamber\temperature_chamber\interface\pyqt5\t-chamber\serialCaptureWorker.py", line 151, in ping
    parsed_response = json.loads(ping_response)
                      ^^^^^^^^^^^^^^^^^^^^^^^^^
  File "C:\Users\owenk\anaconda3\Lib\json\__init__.py", line 346, in loads
    return _default_decoder.decode(s)
           ^^^^^^^^^^^^^^^^^^^^^^^^^^
  File "C:\Users\owenk\anaconda3\Lib\json\decoder.py", line 337, in decode
    obj, end = self.raw_decode(s, idx=_w(s, 0).end())
               ^^^^^^^^^^^^^^^^^^^^^^^^^^^^^^^^^^^^^^
  File "C:\Users\owenk\anaconda3\Lib\json\decoder.py", line 355, in raw_decode
    raise JSONDecodeError("Expecting value", s, err.value) from None
json.decoder.JSONDecodeError: Expecting value: line 1 column 1 (char 0)
2024-11-07 11:44:13 - serialCaptureWorker - INFO - attempting handshake, sent_handshake: True
2024-11-07 11:44:13 - serialCaptureWorker - INFO - Manual temp set to 50.00
2024-11-07 11:44:13 - serialCaptureWorker - INFO - attempting handshake, sent_handshake: True
2024-11-07 11:44:13 - serialCaptureWorker - INFO - Duration: 600000
2024-11-07 11:44:13 - serialCaptureWorker - INFO - attempting handshake, sent_handshake: True
2024-11-07 11:44:13 - cliWorker - WARNING - boards already detected: skipping new detect request
2024-11-07 11:44:13 - cliWorker - WARNING - failed to detect board on port COM7.
2024-11-07 11:44:13 - serialCaptureWorker - INFO - {"ping_response":{"alive":true,"timestamp":"2024-11-07T11:44:16","machine_state":"RESET","current_temp":20.4375,"test_status":{"is_test_running":false,"current_test":"","current_sequence":1,"desired_temp":50,"current_duration":0,"time_left":0}}}
2024-11-07 11:44:13 - __main__ - INFO - cli worker quit
2024-11-07 11:44:13 - __main__ - INFO - cli worker deleted
2024-11-07 11:44:13 - serialCaptureWorker - INFO - attempting handshake, sent_handshake: True
2024-11-07 11:44:15 - __main__ - INFO - test board worker restarted
2024-11-07 11:44:15 - testBoardWorker - INFO - test board worker connected to arduino port: COM7
2024-11-07 11:44:16 - testBoardWorker - INFO - test board thread is running
2024-11-07 11:44:19 - serialCaptureWorker - INFO - sent to arduino: {"commands": {"PING": {}}}
2024-11-07 11:44:19 - serialCaptureWorker - INFO - True
2024-11-07 11:44:19 - serialCaptureWorker - INFO - RESET
2024-11-07 11:44:19 - __main__ - DEBUG - raw timestamp received: 2024-11-07T11:44:21
2024-11-07 11:44:19 - __main__ - INFO - timestamp from ping: 2024-11-07 11:44:21
2024-11-07 11:44:19 - __main__ - INFO - RESET
2024-11-07 11:44:19 - serialCaptureWorker - INFO - attempting handshake, sent_handshake: True
2024-11-07 11:44:24 - serialCaptureWorker - INFO - sent to arduino: {"commands": {"PING": {}}}
2024-11-07 11:44:24 - serialCaptureWorker - INFO - True
2024-11-07 11:44:24 - serialCaptureWorker - INFO - RESET
2024-11-07 11:44:24 - __main__ - DEBUG - raw timestamp received: 2024-11-07T11:44:27
2024-11-07 11:44:24 - __main__ - INFO - timestamp from ping: 2024-11-07 11:44:27
2024-11-07 11:44:24 - __main__ - INFO - RESET
2024-11-07 11:44:24 - serialCaptureWorker - INFO - attempting handshake, sent_handshake: True
2024-11-07 11:44:26 - serialCaptureWorker - ERROR - error sending JSON: WriteFile failed (PermissionError(13, 'The device does not recognize the command.', None, 22))
2024-11-07 11:44:26 - serialCaptureWorker - ERROR - serial error: ClearCommError failed (PermissionError(13, 'The device does not recognize the command.', None, 22))
Traceback (most recent call last):
  File "C:\Users\owenk\OneDrive\Desktop\Arduino\temperature chamber\temperature_chamber\interface\pyqt5\t-chamber\serialCaptureWorker.py", line 97, in run
    self.trigger_ping()
  File "C:\Users\owenk\OneDrive\Desktop\Arduino\temperature chamber\temperature_chamber\interface\pyqt5\t-chamber\serialCaptureWorker.py", line 142, in trigger_ping
    self.ping()
  File "C:\Users\owenk\OneDrive\Desktop\Arduino\temperature chamber\temperature_chamber\interface\pyqt5\t-chamber\serialCaptureWorker.py", line 149, in ping
    ping_response = self.ser.readline().decode('utf-8').strip()
                    ^^^^^^^^^^^^^^^^^^^
  File "C:\Users\owenk\anaconda3\Lib\site-packages\serial\serialwin32.py", line 275, in read
    raise SerialException("ClearCommError failed ({!r})".format(ctypes.WinError()))
serial.serialutil.SerialException: ClearCommError failed (PermissionError(13, 'The device does not recognize the command.', None, 22))
2024-11-07 11:44:26 - serialCaptureWorker - INFO - connection to COM15 closed
2024-11-07 11:44:29 - testBoardWorker - INFO - test worker thread is running
2024-11-07 11:44:29 - mainTab - INFO - correct test output
2024-11-07 11:44:43 - testBoardWorker - INFO - test worker thread is running
2024-11-07 11:44:43 - mainTab - INFO - correct test output
2024-11-07 11:44:57 - testBoardWorker - INFO - test worker thread is running
2024-11-07 11:44:57 - mainTab - INFO - correct test output
2024-11-07 11:45:11 - mainTab - INFO - correct test output
2024-11-07 11:45:11 - testBoardWorker - INFO - test worker thread is running
2024-11-07 11:45:25 - testBoardWorker - INFO - test worker thread is running
2024-11-07 11:45:25 - mainTab - INFO - correct test output
2024-11-07 11:45:39 - testBoardWorker - INFO - test worker thread is running
2024-11-07 11:45:39 - mainTab - INFO - correct test output
2024-11-07 11:45:53 - testBoardWorker - INFO - test worker thread is running
2024-11-07 11:45:53 - mainTab - INFO - correct test output
2024-11-07 11:46:07 - testBoardWorker - INFO - test worker thread is running
2024-11-07 11:46:07 - mainTab - INFO - correct test output
2024-11-07 11:46:21 - testBoardWorker - INFO - test worker thread is running
2024-11-07 11:46:21 - mainTab - INFO - correct test output
2024-11-07 11:46:35 - testBoardWorker - INFO - test worker thread is running
2024-11-07 11:46:35 - mainTab - INFO - correct test output
2024-11-07 11:46:49 - testBoardWorker - INFO - test worker thread is running
2024-11-07 11:46:49 - mainTab - INFO - correct test output
2024-11-07 11:47:03 - testBoardWorker - INFO - test worker thread is running
2024-11-07 11:47:03 - mainTab - INFO - correct test output
2024-11-07 11:47:17 - testBoardWorker - INFO - test worker thread is running
2024-11-07 11:47:17 - mainTab - INFO - correct test output
2024-11-07 11:47:31 - testBoardWorker - INFO - test worker thread is running
2024-11-07 11:47:31 - mainTab - INFO - correct test output
2024-11-07 11:47:45 - testBoardWorker - INFO - test worker thread is running
2024-11-07 11:47:45 - mainTab - INFO - correct test output
2024-11-07 11:47:59 - testBoardWorker - INFO - test worker thread is running
2024-11-07 11:47:59 - mainTab - INFO - correct test output
2024-11-07 11:48:13 - testBoardWorker - INFO - test worker thread is running
2024-11-07 11:48:13 - mainTab - INFO - correct test output
2024-11-07 11:48:27 - testBoardWorker - INFO - test worker thread is running
2024-11-07 11:48:27 - mainTab - INFO - correct test output
2024-11-07 11:48:41 - testBoardWorker - INFO - test worker thread is running
2024-11-07 11:48:41 - mainTab - INFO - correct test output
2024-11-07 11:48:55 - testBoardWorker - INFO - test worker thread is running
2024-11-07 11:49:09 - testBoardWorker - INFO - test worker thread is running
2024-11-07 11:49:09 - mainTab - INFO - correct test output
2024-11-07 11:49:23 - testBoardWorker - INFO - test worker thread is running
2024-11-07 11:49:23 - mainTab - INFO - correct test output
2024-11-07 11:49:28 - __main__ - WARNING - no ping received for 5 minutes or more
2024-11-07 11:49:28 - __main__ - INFO - changing gui to no ping for 5
2024-11-07 11:49:33 - __main__ - WARNING - no ping received for 5 minutes or more
2024-11-07 11:49:33 - __main__ - INFO - changing gui to no ping for 5
2024-11-07 11:49:37 - testBoardWorker - INFO - test worker thread is running
2024-11-07 11:49:37 - mainTab - INFO - correct test output
2024-11-07 11:49:38 - __main__ - WARNING - no ping received for 5 minutes or more
2024-11-07 11:49:38 - __main__ - INFO - changing gui to no ping for 5
2024-11-07 11:49:44 - __main__ - WARNING - no ping received for 5 minutes or more
2024-11-07 11:49:44 - __main__ - INFO - changing gui to no ping for 5
2024-11-07 11:49:46 - __main__ - WARNING - due to lack of communication for at least 5 minutes, control board is reset
 you can reconnect the board(s) and click start again
2024-11-07 11:49:46 - __main__ - INFO - start button re-enabled
2024-11-07 11:49:47 - __main__ - WARNING - due to lack of communication for at least 5 minutes, control board is reset
 you can reconnect the board(s) and click start again
2024-11-07 11:49:47 - __main__ - INFO - start button re-enabled
2024-11-07 11:49:48 - __main__ - WARNING - due to lack of communication for at least 5 minutes, control board is reset
 you can reconnect the board(s) and click start again
2024-11-07 11:49:48 - __main__ - INFO - start button re-enabled
2024-11-07 11:49:49 - __main__ - WARNING - no ping received for 5 minutes or more
2024-11-07 11:49:49 - __main__ - INFO - changing gui to no ping for 5
2024-11-07 11:49:51 - __main__ - WARNING - due to lack of communication for at least 5 minutes, control board is reset
 you can reconnect the board(s) and click start again
2024-11-07 11:49:51 - __main__ - INFO - start button re-enabled
2024-11-07 11:49:51 - testBoardWorker - INFO - test worker thread is running
2024-11-07 11:49:51 - mainTab - INFO - correct test output
