2024-11-01 09:08:07 - __main__ - INFO - app started
2024-11-01 09:08:07 - portSelector - INFO - ports refreshed
2024-11-01 09:08:14 - testBoardWorker - INFO - test board worker connected to arduino port: COM7
2024-11-01 09:08:14 - serialCaptureWorker - INFO - connected to arduino port: COM15
2024-11-01 09:08:15 - testBoardWorker - INFO - test board thread is running
2024-11-01 09:08:15 - serialCaptureWorker - INFO - thread is running
2024-11-01 09:08:20 - serialCaptureWorker - INFO - sent command: SHOW DATA
2024-11-01 09:08:20 - serialCaptureWorker - INFO - arduino says: Room_temp: 20.84 | Desired_temp: - | Heater: 0 | Cooler: 0 | LH Indicator: 0
2024-11-01 09:08:25 - serialCaptureWorker - INFO - sent command: SHOW DATA
2024-11-01 09:08:25 - serialCaptureWorker - INFO - arduino says: Room_temp: 20.87 | Desired_temp: - | Heater: 0 | Cooler: 0 | LH Indicator: 0
2024-11-01 09:08:27 - jsonFunctionality - INFO - C:/Users/owenk/OneDrive/Desktop/Arduino/temperature chamber/temperature_chamber/tests/alphabet/alphabet_test.json
2024-11-01 09:08:27 - jsonFunctionality - INFO - test directory updated to: C:\Users\owenk\OneDrive\Desktop\Arduino\temperature chamber\temperature_chamber\tests but with correct forward slashes
2024-11-01 09:08:28 - testBoardWorker - INFO - test worker thread is running
2024-11-01 09:08:29 - __main__ - INFO - test starting
2024-11-01 09:08:29 - serialCaptureWorker - INFO - all tests: ['test_1', 'test_2']
2024-11-01 09:08:29 - serialCaptureWorker - INFO - test data for test_1: {'chamber_sequences': [{'temp': 50, 'duration': 60000}, {'temp': 40, 'duration': 60000}], 'sketch': './alphabet.ino', 'expected_output': 'ABCDEFGHIJKLMNOPQRSTUVWXYZ'}
2024-11-01 09:08:29 - serialCaptureWorker - INFO - sent to arduino: {"temp": 50, "duration": 60000}
2024-11-01 09:08:29 - serialCaptureWorker - INFO - sending sequence {'temp': 50, 'duration': 60000} for test test_1
2024-11-01 09:08:29 - serialCaptureWorker - INFO - sent to arduino: {"temp": 40, "duration": 60000}
2024-11-01 09:08:29 - serialCaptureWorker - INFO - sending sequence {'temp': 40, 'duration': 60000} for test test_1
2024-11-01 09:08:29 - serialCaptureWorker - INFO - test data for test_2: {'chamber_sequences': [{'temp': 60, 'duration': 60000}, {'temp': 70, 'duration': 60000}], 'sketch': './alphabet.ino', 'expected output': 'ABCDEFGHIJKLMNOPQRSTUVWXYZ'}
2024-11-01 09:08:29 - serialCaptureWorker - INFO - sent to arduino: {"temp": 60, "duration": 60000}
2024-11-01 09:08:29 - serialCaptureWorker - INFO - sending sequence {'temp': 60, 'duration': 60000} for test test_2
2024-11-01 09:08:29 - serialCaptureWorker - INFO - sent to arduino: {"temp": 70, "duration": 60000}
2024-11-01 09:08:29 - serialCaptureWorker - INFO - sending sequence {'temp': 70, 'duration': 60000} for test test_2
2024-11-01 09:08:29 - testBoardWorker - INFO - connection to COM7 closed now
2024-11-01 09:08:29 - __main__ - INFO - test board worker temporarily deleted
2024-11-01 09:08:29 - __main__ - INFO - cli worker started
2024-11-01 09:08:29 - cliWorker - INFO - cli worker connected to arduino port: COM7
2024-11-01 09:08:29 - serialCaptureWorker - INFO - Setting temperature to 50.00°
2024-11-01 09:08:29 - serialCaptureWorker - INFO - sent command: SHOW DATA
2024-11-01 09:08:29 - serialCaptureWorker - INFO - arduino says: Setting temperature to 40.00°
2024-11-01 09:08:29 - serialCaptureWorker - INFO - Manual temp set to 40.00
2024-11-01 09:08:29 - serialCaptureWorker - INFO - Duration: 60000
2024-11-01 09:08:29 - serialCaptureWorker - INFO - Setting temperature to 60.00°
2024-11-01 09:08:30 - serialCaptureWorker - INFO - Manual temp set to 60.00
2024-11-01 09:08:30 - serialCaptureWorker - INFO - Duration: 60000
2024-11-01 09:08:30 - serialCaptureWorker - INFO - Setting temperature to 70.00°
2024-11-01 09:08:30 - serialCaptureWorker - INFO - Manual temp set to 70.00
2024-11-01 09:08:30 - cliWorker - INFO - cli worker thread is running
2024-11-01 09:08:30 - cliWorker - INFO - running test with testdata filepath: C:/Users/owenk/OneDrive/Desktop/Arduino/temperature chamber/temperature_chamber/tests/alphabet/alphabet_test.json
2024-11-01 09:08:30 - serialCaptureWorker - INFO - Duration: 60000
2024-11-01 09:08:30 - serialCaptureWorker - INFO - Room_temp: 20.91 | Desired_temp: 70 | Heater: 0 | Cooler: 0 | LH Indicator: 0
2024-11-01 09:08:30 - serialCaptureWorker - INFO - sent command: SHOW DATA
2024-11-01 09:08:30 - serialCaptureWorker - INFO - arduino says: Room_temp: 20.87 | Desired_temp: 70 | Heater: 0 | Cooler: 0 | LH Indicator: 0
2024-11-01 09:08:32 - cliWorker - INFO - command succeeded: arduino-cli board list --format json
2024-11-01 09:08:32 - cliWorker - INFO - detected fqbn: arduino:avr:uno
2024-11-01 09:08:33 - cliWorker - INFO - command succeeded: arduino-cli core list
2024-11-01 09:08:33 - cliWorker - INFO - core arduino is already installed.
2024-11-01 09:08:33 - cliWorker - INFO - compiling sketch for the board with fqbn arduino:avr:uno...
2024-11-01 09:08:35 - serialCaptureWorker - INFO - sent command: SHOW DATA
2024-11-01 09:08:35 - serialCaptureWorker - INFO - arduino says: Room_temp: 20.91 | Desired_temp: 70 | Heater: 0 | Cooler: 0 | LH Indicator: 0
2024-11-01 09:08:38 - cliWorker - INFO - command succeeded: arduino-cli compile --fqbn arduino:avr:uno C:/Users/owenk/OneDrive/Desktop/Arduino/temperature chamber/temperature_chamber/tests/alphabet/alphabet.ino
2024-11-01 09:08:38 - cliWorker - INFO - compilation successful!
2024-11-01 09:08:38 - cliWorker - INFO - uploading sketch to board with fqbn arduino:avr:uno on port COM7...
2024-11-01 09:08:40 - serialCaptureWorker - INFO - sent command: SHOW DATA
2024-11-01 09:08:41 - serialCaptureWorker - INFO - arduino says: Room_temp: 20.91 | Desired_temp: 70 | Heater: 0 | Cooler: 0 | LH Indicator: 0
2024-11-01 09:08:43 - cliWorker - INFO - command succeeded: arduino-cli upload -p COM7 --fqbn arduino:avr:uno C:/Users/owenk/OneDrive/Desktop/Arduino/temperature chamber/temperature_chamber/tests/alphabet/alphabet.ino
2024-11-01 09:08:43 - cliWorker - INFO - upload successful!
2024-11-01 09:08:45 - cliWorker - WARNING - boards already detected: skipping new detect request
2024-11-01 09:08:45 - cliWorker - WARNING - failed to detect board on port COM7.
2024-11-01 09:08:45 - __main__ - INFO - cli worker quit
2024-11-01 09:08:45 - __main__ - INFO - cli worker deleted
2024-11-01 09:08:46 - serialCaptureWorker - INFO - sent command: SHOW DATA
2024-11-01 09:08:46 - serialCaptureWorker - INFO - arduino says: Room_temp: 20.94 | Desired_temp: 70 | Heater: 0 | Cooler: 0 | LH Indicator: 0
2024-11-01 09:08:47 - __main__ - INFO - test board worker restarted
2024-11-01 09:08:47 - testBoardWorker - INFO - test board worker connected to arduino port: COM7
2024-11-01 09:08:48 - testBoardWorker - INFO - test board thread is running
2024-11-01 09:08:51 - serialCaptureWorker - INFO - sent command: SHOW DATA
2024-11-01 09:08:51 - serialCaptureWorker - INFO - arduino says: Room_temp: 20.94 | Desired_temp: 70 | Heater: 0 | Cooler: 0 | LH Indicator: 0
2024-11-01 09:08:56 - serialCaptureWorker - INFO - sent command: SHOW DATA
2024-11-01 09:08:56 - serialCaptureWorker - INFO - arduino says: Room_temp: 20.94 | Desired_temp: 70 | Heater: 0 | Cooler: 0 | LH Indicator: 0
2024-11-01 09:09:01 - testBoardWorker - INFO - test worker thread is running
2024-11-01 09:09:01 - mainTab - INFO - correct test output
2024-11-01 09:09:01 - serialCaptureWorker - INFO - sent command: SHOW DATA
2024-11-01 09:09:01 - serialCaptureWorker - INFO - arduino says: Room_temp: 20.91 | Desired_temp: 70 | Heater: 0 | Cooler: 0 | LH Indicator: 0
2024-11-01 09:09:05 - __main__ - WARNING - test interrupted
2024-11-01 09:09:05 - __main__ - INFO - test starting
2024-11-01 09:09:05 - serialCaptureWorker - INFO - all tests: ['test_1', 'test_2']
2024-11-01 09:09:05 - serialCaptureWorker - INFO - test data for test_1: {'chamber_sequences': [{'temp': 50, 'duration': 60000}, {'temp': 40, 'duration': 60000}], 'sketch': './alphabet.ino', 'expected_output': 'ABCDEFGHIJKLMNOPQRSTUVWXYZ'}
2024-11-01 09:09:05 - serialCaptureWorker - INFO - sent to arduino: {"temp": 50, "duration": 60000}
2024-11-01 09:09:05 - serialCaptureWorker - INFO - sending sequence {'temp': 50, 'duration': 60000} for test test_1
2024-11-01 09:09:05 - serialCaptureWorker - INFO - sent to arduino: {"temp": 40, "duration": 60000}
2024-11-01 09:09:05 - serialCaptureWorker - INFO - sending sequence {'temp': 40, 'duration': 60000} for test test_1
2024-11-01 09:09:05 - serialCaptureWorker - INFO - test data for test_2: {'chamber_sequences': [{'temp': 60, 'duration': 60000}, {'temp': 70, 'duration': 60000}], 'sketch': './alphabet.ino', 'expected output': 'ABCDEFGHIJKLMNOPQRSTUVWXYZ'}
2024-11-01 09:09:05 - serialCaptureWorker - INFO - sent to arduino: {"temp": 60, "duration": 60000}
2024-11-01 09:09:05 - serialCaptureWorker - INFO - sending sequence {'temp': 60, 'duration': 60000} for test test_2
2024-11-01 09:09:05 - serialCaptureWorker - INFO - sent to arduino: {"temp": 70, "duration": 60000}
2024-11-01 09:09:05 - serialCaptureWorker - INFO - sending sequence {'temp': 70, 'duration': 60000} for test test_2
2024-11-01 09:09:05 - testBoardWorker - INFO - connection to COM7 closed now
2024-11-01 09:09:05 - __main__ - INFO - test board worker temporarily deleted
2024-11-01 09:09:05 - __main__ - INFO - cli worker started
2024-11-01 09:09:05 - cliWorker - INFO - cli worker connected to arduino port: COM7
2024-11-01 09:09:05 - serialCaptureWorker - INFO - Setting temperature to 50.00°
2024-11-01 09:09:05 - serialCaptureWorker - INFO - sent command: SHOW DATA
2024-11-01 09:09:05 - mainTab - ERROR - ABCDEF
2024-11-01 09:09:05 - serialCaptureWorker - INFO - arduino says: Setting temperature to 40.00°
2024-11-01 09:09:05 - serialCaptureWorker - INFO - Manual temp set to 40.00
2024-11-01 09:09:05 - serialCaptureWorker - INFO - Duration: 60000
2024-11-01 09:09:05 - serialCaptureWorker - INFO - Setting temperature to 60.00°
2024-11-01 09:09:06 - serialCaptureWorker - INFO - Manual temp set to 60.00
2024-11-01 09:09:06 - serialCaptureWorker - INFO - Duration: 60000
2024-11-01 09:09:06 - serialCaptureWorker - INFO - Setting temperature to 70.00°
2024-11-01 09:09:06 - serialCaptureWorker - INFO - Manual temp set to 70.00
2024-11-01 09:09:06 - cliWorker - INFO - cli worker thread is running
2024-11-01 09:09:06 - cliWorker - INFO - running test with testdata filepath: C:/Users/owenk/OneDrive/Desktop/Arduino/temperature chamber/temperature_chamber/tests/alphabet/alphabet_test.json
2024-11-01 09:09:06 - serialCaptureWorker - INFO - Duration: 60000
2024-11-01 09:09:06 - serialCaptureWorker - INFO - sent command: SHOW DATA
2024-11-01 09:09:06 - serialCaptureWorker - INFO - arduino says: Room_temp: 20.94 | Desired_temp: 70 | Heater: 0 | Cooler: 0 | LH Indicator: 0
2024-11-01 09:09:08 - cliWorker - INFO - command succeeded: arduino-cli board list --format json
2024-11-01 09:09:08 - cliWorker - INFO - detected fqbn: arduino:avr:uno
2024-11-01 09:09:09 - cliWorker - INFO - command succeeded: arduino-cli core list
2024-11-01 09:09:09 - cliWorker - INFO - core arduino is already installed.
2024-11-01 09:09:09 - cliWorker - INFO - compiling sketch for the board with fqbn arduino:avr:uno...
2024-11-01 09:09:11 - serialCaptureWorker - INFO - sent command: SHOW DATA
2024-11-01 09:09:12 - serialCaptureWorker - INFO - arduino says: Room_temp: 20.94 | Desired_temp: 70 | Heater: 0 | Cooler: 0 | LH Indicator: 0
2024-11-01 09:09:12 - cliWorker - INFO - command succeeded: arduino-cli compile --fqbn arduino:avr:uno C:/Users/owenk/OneDrive/Desktop/Arduino/temperature chamber/temperature_chamber/tests/alphabet/alphabet.ino
2024-11-01 09:09:12 - cliWorker - INFO - compilation successful!
2024-11-01 09:09:13 - cliWorker - INFO - uploading sketch to board with fqbn arduino:avr:uno on port COM7...
2024-11-01 09:09:17 - serialCaptureWorker - INFO - sent command: SHOW DATA
2024-11-01 09:09:17 - serialCaptureWorker - INFO - arduino says: Room_temp: 20.94 | Desired_temp: 70 | Heater: 0 | Cooler: 0 | LH Indicator: 0
2024-11-01 09:09:17 - cliWorker - INFO - command succeeded: arduino-cli upload -p COM7 --fqbn arduino:avr:uno C:/Users/owenk/OneDrive/Desktop/Arduino/temperature chamber/temperature_chamber/tests/alphabet/alphabet.ino
2024-11-01 09:09:17 - cliWorker - INFO - upload successful!
2024-11-01 09:09:19 - cliWorker - WARNING - boards already detected: skipping new detect request
2024-11-01 09:09:19 - cliWorker - WARNING - failed to detect board on port COM7.
2024-11-01 09:09:20 - __main__ - INFO - cli worker quit
2024-11-01 09:09:20 - __main__ - INFO - cli worker deleted
2024-11-01 09:09:21 - __main__ - INFO - test board worker restarted
2024-11-01 09:09:21 - testBoardWorker - INFO - test board worker connected to arduino port: COM7
2024-11-01 09:09:22 - serialCaptureWorker - INFO - sent command: SHOW DATA
2024-11-01 09:09:22 - serialCaptureWorker - INFO - arduino says: Room_temp: 20.94 | Desired_temp: 70 | Heater: 0 | Cooler: 0 | LH Indicator: 0
2024-11-01 09:09:22 - testBoardWorker - INFO - test board thread is running
2024-11-01 09:09:27 - serialCaptureWorker - INFO - sent command: SHOW DATA
2024-11-01 09:09:27 - serialCaptureWorker - INFO - arduino says: Room_temp: 20.94 | Desired_temp: 70 | Heater: 0 | Cooler: 0 | LH Indicator: 0
2024-11-01 09:09:32 - serialCaptureWorker - INFO - sent command: SHOW DATA
2024-11-01 09:09:32 - serialCaptureWorker - INFO - arduino says: Room_temp: 20.94 | Desired_temp: 70 | Heater: 0 | Cooler: 0 | LH Indicator: 0
2024-11-01 09:09:36 - testBoardWorker - INFO - test worker thread is running
2024-11-01 09:09:36 - mainTab - INFO - correct test output
2024-11-01 09:09:38 - serialCaptureWorker - INFO - sent command: SHOW DATA
2024-11-01 09:09:38 - serialCaptureWorker - INFO - arduino says: Room_temp: 20.94 | Desired_temp: 70 | Heater: 0 | Cooler: 0 | LH Indicator: 0
2024-11-01 09:09:43 - serialCaptureWorker - INFO - sent command: SHOW DATA
2024-11-01 09:09:43 - serialCaptureWorker - INFO - arduino says: Room_temp: 20.97 | Desired_temp: 70 | Heater: 0 | Cooler: 0 | LH Indicator: 0
2024-11-01 09:09:44 - manualTab - INFO - [{'temp': 1.0, 'duration': 60000}]
2024-11-01 09:09:46 - manualTab - WARNING - test interrupted
2024-11-01 09:09:46 - serialCaptureWorker - INFO - [{'duration': 60000, 'temp': 1.0}]
2024-11-01 09:09:46 - serialCaptureWorker - INFO - sent to arduino: {"duration": 60000, "temp": 1.0}
2024-11-01 09:09:46 - manualTab - INFO - sent to arduino: [{'temp': 1.0, 'duration': 60000}]
2024-11-01 09:09:46 - serialCaptureWorker - INFO - Setting temperature to 1.00°
2024-11-01 09:09:46 - serialCaptureWorker - INFO - sent command: SHOW DATA
2024-11-01 09:09:46 - serialCaptureWorker - INFO - arduino says: Room_temp: 20.97 | Desired_temp: 1 | Heater: 0 | Cooler: 0 | LH Indicator: 0
2024-11-01 09:09:50 - mainTab - INFO - correct test output
2024-11-01 09:09:50 - testBoardWorker - INFO - test worker thread is running
2024-11-01 09:09:51 - serialCaptureWorker - INFO - sent command: SHOW DATA
2024-11-01 09:09:51 - serialCaptureWorker - INFO - arduino says: Room_temp: 20.97 | Desired_temp: 1 | Heater: 0 | Cooler: 0 | LH Indicator: 0
2024-11-01 09:09:51 - __main__ - INFO - test starting
2024-11-01 09:09:51 - serialCaptureWorker - INFO - all tests: ['test_1', 'test_2']
2024-11-01 09:09:51 - serialCaptureWorker - INFO - test data for test_1: {'chamber_sequences': [{'temp': 50, 'duration': 60000}, {'temp': 40, 'duration': 60000}], 'sketch': './alphabet.ino', 'expected_output': 'ABCDEFGHIJKLMNOPQRSTUVWXYZ'}
2024-11-01 09:09:51 - serialCaptureWorker - INFO - sent to arduino: {"temp": 50, "duration": 60000}
2024-11-01 09:09:51 - serialCaptureWorker - INFO - sending sequence {'temp': 50, 'duration': 60000} for test test_1
2024-11-01 09:09:51 - serialCaptureWorker - INFO - sent to arduino: {"temp": 40, "duration": 60000}
2024-11-01 09:09:51 - serialCaptureWorker - INFO - sending sequence {'temp': 40, 'duration': 60000} for test test_1
2024-11-01 09:09:51 - serialCaptureWorker - INFO - test data for test_2: {'chamber_sequences': [{'temp': 60, 'duration': 60000}, {'temp': 70, 'duration': 60000}], 'sketch': './alphabet.ino', 'expected output': 'ABCDEFGHIJKLMNOPQRSTUVWXYZ'}
2024-11-01 09:09:51 - serialCaptureWorker - INFO - sent to arduino: {"temp": 60, "duration": 60000}
2024-11-01 09:09:51 - serialCaptureWorker - INFO - sending sequence {'temp': 60, 'duration': 60000} for test test_2
2024-11-01 09:09:51 - serialCaptureWorker - INFO - sent to arduino: {"temp": 70, "duration": 60000}
2024-11-01 09:09:51 - serialCaptureWorker - INFO - sending sequence {'temp': 70, 'duration': 60000} for test test_2
2024-11-01 09:09:51 - testBoardWorker - INFO - connection to COM7 closed now
2024-11-01 09:09:51 - __main__ - INFO - test board worker temporarily deleted
2024-11-01 09:09:51 - __main__ - INFO - cli worker started
2024-11-01 09:09:52 - cliWorker - INFO - cli worker connected to arduino port: COM7
2024-11-01 09:09:52 - serialCaptureWorker - INFO - Setting temperature to 50.00°
2024-11-01 09:09:52 - mainTab - ERROR - AB
2024-11-01 09:09:52 - serialCaptureWorker - INFO - Manual temp set to 50.00
2024-11-01 09:09:52 - serialCaptureWorker - INFO - Duration: 60000
2024-11-01 09:09:52 - serialCaptureWorker - INFO - Setting temperature to 40.00°
2024-11-01 09:09:52 - serialCaptureWorker - INFO - Manual temp set to 40.00
2024-11-01 09:09:52 - serialCaptureWorker - INFO - Duration: 60000
2024-11-01 09:09:52 - serialCaptureWorker - INFO - sent command: SHOW DATA
2024-11-01 09:09:52 - serialCaptureWorker - INFO - arduino says: Setting temperature to 70.00°
2024-11-01 09:09:52 - serialCaptureWorker - INFO - Manual temp set to 70.00
2024-11-01 09:09:52 - serialCaptureWorker - INFO - Duration: 60000
2024-11-01 09:09:52 - serialCaptureWorker - INFO - Room_temp: 20.97 | Desired_temp: 70 | Heater: 0 | Cooler: 0 | LH Indicator: 0
2024-11-01 09:09:53 - cliWorker - INFO - cli worker thread is running
2024-11-01 09:09:53 - cliWorker - INFO - running test with testdata filepath: C:/Users/owenk/OneDrive/Desktop/Arduino/temperature chamber/temperature_chamber/tests/alphabet/alphabet_test.json
2024-11-01 09:09:55 - cliWorker - INFO - command succeeded: arduino-cli board list --format json
2024-11-01 09:09:55 - cliWorker - INFO - detected fqbn: arduino:avr:uno
2024-11-01 09:09:56 - cliWorker - INFO - command succeeded: arduino-cli core list
2024-11-01 09:09:56 - cliWorker - INFO - core arduino is already installed.
2024-11-01 09:09:56 - cliWorker - INFO - compiling sketch for the board with fqbn arduino:avr:uno...
2024-11-01 09:09:58 - serialCaptureWorker - INFO - sent command: SHOW DATA
2024-11-01 09:09:58 - serialCaptureWorker - INFO - arduino says: Room_temp: 20.97 | Desired_temp: 70 | Heater: 0 | Cooler: 0 | LH Indicator: 0
2024-11-01 09:09:58 - cliWorker - INFO - command succeeded: arduino-cli compile --fqbn arduino:avr:uno C:/Users/owenk/OneDrive/Desktop/Arduino/temperature chamber/temperature_chamber/tests/alphabet/alphabet.ino
2024-11-01 09:09:58 - cliWorker - INFO - compilation successful!
2024-11-01 09:09:59 - cliWorker - INFO - uploading sketch to board with fqbn arduino:avr:uno on port COM7...
2024-11-01 09:10:03 - serialCaptureWorker - INFO - sent command: SHOW DATA
2024-11-01 09:10:03 - serialCaptureWorker - INFO - arduino says: Room_temp: 21.00 | Desired_temp: 70 | Heater: 0 | Cooler: 0 | LH Indicator: 0
2024-11-01 09:10:03 - cliWorker - INFO - command succeeded: arduino-cli upload -p COM7 --fqbn arduino:avr:uno C:/Users/owenk/OneDrive/Desktop/Arduino/temperature chamber/temperature_chamber/tests/alphabet/alphabet.ino
2024-11-01 09:10:03 - cliWorker - INFO - upload successful!
2024-11-01 09:10:06 - cliWorker - WARNING - boards already detected: skipping new detect request
2024-11-01 09:10:06 - cliWorker - WARNING - failed to detect board on port COM7.
2024-11-01 09:10:06 - __main__ - INFO - cli worker quit
2024-11-01 09:10:06 - __main__ - INFO - cli worker deleted
2024-11-01 09:10:07 - __main__ - INFO - test board worker restarted
2024-11-01 09:10:07 - testBoardWorker - INFO - test board worker connected to arduino port: COM7
2024-11-01 09:10:08 - serialCaptureWorker - INFO - sent command: SHOW DATA
2024-11-01 09:10:08 - serialCaptureWorker - INFO - arduino says: Room_temp: 21.00 | Desired_temp: 70 | Heater: 0 | Cooler: 0 | LH Indicator: 0
2024-11-01 09:10:08 - testBoardWorker - INFO - test board thread is running
2024-11-01 09:10:13 - serialCaptureWorker - INFO - sent command: SHOW DATA
2024-11-01 09:10:13 - serialCaptureWorker - INFO - arduino says: Room_temp: 20.97 | Desired_temp: 70 | Heater: 0 | Cooler: 0 | LH Indicator: 0
2024-11-01 09:10:19 - serialCaptureWorker - INFO - sent command: SHOW DATA
2024-11-01 09:10:19 - serialCaptureWorker - INFO - arduino says: Room_temp: 21.00 | Desired_temp: 70 | Heater: 0 | Cooler: 0 | LH Indicator: 0
2024-11-01 09:10:22 - testBoardWorker - INFO - test worker thread is running
2024-11-01 09:10:22 - mainTab - INFO - correct test output
2024-11-01 09:10:24 - serialCaptureWorker - INFO - sent command: SHOW DATA
2024-11-01 09:10:24 - serialCaptureWorker - INFO - arduino says: Room_temp: 21.00 | Desired_temp: 70 | Heater: 0 | Cooler: 0 | LH Indicator: 0
2024-11-01 09:10:29 - serialCaptureWorker - INFO - sent command: SHOW DATA
2024-11-01 09:10:29 - serialCaptureWorker - INFO - arduino says: Room_temp: 21.00 | Desired_temp: 70 | Heater: 0 | Cooler: 0 | LH Indicator: 0
2024-11-01 09:10:32 - __main__ - WARNING - test interrupted
2024-11-01 09:10:32 - __main__ - INFO - test starting
2024-11-01 09:10:32 - serialCaptureWorker - INFO - all tests: ['test_1', 'test_2']
2024-11-01 09:10:32 - serialCaptureWorker - INFO - test data for test_1: {'chamber_sequences': [{'temp': 50, 'duration': 60000}, {'temp': 40, 'duration': 60000}], 'sketch': './alphabet.ino', 'expected_output': 'ABCDEFGHIJKLMNOPQRSTUVWXYZ'}
2024-11-01 09:10:32 - serialCaptureWorker - INFO - sent to arduino: {"temp": 50, "duration": 60000}
2024-11-01 09:10:32 - serialCaptureWorker - INFO - sending sequence {'temp': 50, 'duration': 60000} for test test_1
2024-11-01 09:10:32 - serialCaptureWorker - INFO - sent to arduino: {"temp": 40, "duration": 60000}
2024-11-01 09:10:32 - serialCaptureWorker - INFO - sending sequence {'temp': 40, 'duration': 60000} for test test_1
2024-11-01 09:10:32 - serialCaptureWorker - INFO - test data for test_2: {'chamber_sequences': [{'temp': 60, 'duration': 60000}, {'temp': 70, 'duration': 60000}], 'sketch': './alphabet.ino', 'expected output': 'ABCDEFGHIJKLMNOPQRSTUVWXYZ'}
2024-11-01 09:10:32 - serialCaptureWorker - INFO - sent to arduino: {"temp": 60, "duration": 60000}
2024-11-01 09:10:32 - serialCaptureWorker - INFO - sending sequence {'temp': 60, 'duration': 60000} for test test_2
2024-11-01 09:10:32 - serialCaptureWorker - INFO - sent to arduino: {"temp": 70, "duration": 60000}
2024-11-01 09:10:32 - serialCaptureWorker - INFO - sending sequence {'temp': 70, 'duration': 60000} for test test_2
2024-11-01 09:10:32 - testBoardWorker - INFO - test worker thread is running
2024-11-01 09:10:32 - testBoardWorker - INFO - connection to COM7 closed now
2024-11-01 09:10:33 - __main__ - INFO - test board worker temporarily deleted
2024-11-01 09:10:33 - __main__ - INFO - cli worker started
2024-11-01 09:10:33 - cliWorker - INFO - cli worker connected to arduino port: COM7
2024-11-01 09:10:33 - serialCaptureWorker - INFO - Setting temperature to 50.00°
2024-11-01 09:10:33 - serialCaptureWorker - INFO - sent command: SHOW DATA
2024-11-01 09:10:33 - mainTab - ERROR - ABCDEFGHIJKLMNOPQRST
2024-11-01 09:10:33 - serialCaptureWorker - INFO - arduino says: Setting temperature to 40.00°
2024-11-01 09:10:33 - serialCaptureWorker - INFO - Manual temp set to 40.00
2024-11-01 09:10:33 - serialCaptureWorker - INFO - Duration: 60000
2024-11-01 09:10:33 - serialCaptureWorker - INFO - Setting temperature to 60.00°
2024-11-01 09:10:33 - serialCaptureWorker - INFO - Manual temp set to 60.00
2024-11-01 09:10:33 - serialCaptureWorker - INFO - Duration: 60000
2024-11-01 09:10:33 - serialCaptureWorker - INFO - Setting temperature to 70.00°
2024-11-01 09:10:34 - serialCaptureWorker - INFO - Manual temp set to 70.00
2024-11-01 09:10:34 - cliWorker - INFO - cli worker thread is running
2024-11-01 09:10:34 - cliWorker - INFO - running test with testdata filepath: C:/Users/owenk/OneDrive/Desktop/Arduino/temperature chamber/temperature_chamber/tests/alphabet/alphabet_test.json
2024-11-01 09:10:34 - serialCaptureWorker - INFO - Duration: 60000
2024-11-01 09:10:34 - serialCaptureWorker - INFO - sent command: SHOW DATA
2024-11-01 09:10:34 - serialCaptureWorker - INFO - arduino says: Room_temp: 21.00 | Desired_temp: 70 | Heater: 0 | Cooler: 0 | LH Indicator: 0
2024-11-01 09:10:36 - cliWorker - INFO - command succeeded: arduino-cli board list --format json
2024-11-01 09:10:36 - cliWorker - INFO - detected fqbn: arduino:avr:uno
2024-11-01 09:10:37 - cliWorker - INFO - command succeeded: arduino-cli core list
2024-11-01 09:10:37 - cliWorker - INFO - core arduino is already installed.
2024-11-01 09:10:37 - cliWorker - INFO - compiling sketch for the board with fqbn arduino:avr:uno...
2024-11-01 09:10:38 - __main__ - WARNING - test interrupted
2024-11-01 09:10:38 - __main__ - INFO - cli being interrupted
2024-11-01 09:10:38 - cliWorker - INFO - connection to COM7 closed now
2024-11-01 09:10:39 - serialCaptureWorker - INFO - sent command: SHOW DATA
2024-11-01 09:10:39 - serialCaptureWorker - INFO - arduino says: Room_temp: 21.00 | Desired_temp: 70 | Heater: 0 | Cooler: 0 | LH Indicator: 0
2024-11-01 09:10:39 - cliWorker - INFO - command succeeded: arduino-cli compile --fqbn arduino:avr:uno C:/Users/owenk/OneDrive/Desktop/Arduino/temperature chamber/temperature_chamber/tests/alphabet/alphabet.ino
2024-11-01 09:10:39 - cliWorker - INFO - compilation successful!
2024-11-01 09:10:40 - cliWorker - INFO - uploading sketch to board with fqbn arduino:avr:uno on port COM7...
2024-11-01 09:10:44 - cliWorker - INFO - command succeeded: arduino-cli upload -p COM7 --fqbn arduino:avr:uno C:/Users/owenk/OneDrive/Desktop/Arduino/temperature chamber/temperature_chamber/tests/alphabet/alphabet.ino
2024-11-01 09:10:44 - cliWorker - INFO - upload successful!
2024-11-01 09:10:44 - serialCaptureWorker - INFO - sent command: SHOW DATA
2024-11-01 09:10:44 - serialCaptureWorker - INFO - arduino says: Room_temp: 21.00 | Desired_temp: 70 | Heater: 0 | Cooler: 0 | LH Indicator: 0
2024-11-01 09:10:47 - cliWorker - WARNING - boards already detected: skipping new detect request
2024-11-01 09:10:47 - cliWorker - WARNING - failed to detect board on port COM7.
2024-11-01 09:10:47 - __main__ - INFO - cli worker quit bcs interrupted
2024-11-01 09:10:47 - __main__ - INFO - cli worker deleted bcs interrupted
2024-11-01 09:10:48 - __main__ - INFO - test board worker restarted through cli interrupted
2024-11-01 09:10:48 - __main__ - INFO - test starting
2024-11-01 09:10:48 - serialCaptureWorker - INFO - all tests: ['test_1', 'test_2']
2024-11-01 09:10:48 - serialCaptureWorker - INFO - test data for test_1: {'chamber_sequences': [{'temp': 50, 'duration': 60000}, {'temp': 40, 'duration': 60000}], 'sketch': './alphabet.ino', 'expected_output': 'ABCDEFGHIJKLMNOPQRSTUVWXYZ'}
2024-11-01 09:10:48 - testBoardWorker - INFO - test board worker connected to arduino port: COM7
2024-11-01 09:10:48 - serialCaptureWorker - INFO - sent to arduino: {"temp": 50, "duration": 60000}
2024-11-01 09:10:48 - serialCaptureWorker - INFO - sending sequence {'temp': 50, 'duration': 60000} for test test_1
2024-11-01 09:10:48 - serialCaptureWorker - INFO - sent to arduino: {"temp": 40, "duration": 60000}
2024-11-01 09:10:48 - serialCaptureWorker - INFO - sending sequence {'temp': 40, 'duration': 60000} for test test_1
2024-11-01 09:10:48 - serialCaptureWorker - INFO - test data for test_2: {'chamber_sequences': [{'temp': 60, 'duration': 60000}, {'temp': 70, 'duration': 60000}], 'sketch': './alphabet.ino', 'expected output': 'ABCDEFGHIJKLMNOPQRSTUVWXYZ'}
2024-11-01 09:10:48 - serialCaptureWorker - INFO - sent to arduino: {"temp": 60, "duration": 60000}
2024-11-01 09:10:48 - serialCaptureWorker - INFO - sending sequence {'temp': 60, 'duration': 60000} for test test_2
2024-11-01 09:10:48 - serialCaptureWorker - INFO - sent to arduino: {"temp": 70, "duration": 60000}
2024-11-01 09:10:48 - serialCaptureWorker - INFO - sending sequence {'temp': 70, 'duration': 60000} for test test_2
2024-11-01 09:10:48 - testBoardWorker - INFO - connection to COM7 closed now
2024-11-01 09:10:48 - serialCaptureWorker - INFO - Setting temperature to 50.00°
2024-11-01 09:10:48 - serialCaptureWorker - INFO - sent command: SHOW DATA
2024-11-01 09:10:49 - serialCaptureWorker - INFO - arduino says: Setting temperature to 40.00°
2024-11-01 09:10:49 - serialCaptureWorker - INFO - Manual temp set to 40.00
2024-11-01 09:10:49 - serialCaptureWorker - INFO - Duration: 60000
2024-11-01 09:10:49 - serialCaptureWorker - INFO - Setting temperature to 60.00°
2024-11-01 09:10:49 - serialCaptureWorker - INFO - Manual temp set to 60.00
2024-11-01 09:10:49 - serialCaptureWorker - INFO - Duration: 60000
2024-11-01 09:10:49 - serialCaptureWorker - INFO - Setting temperature to 70.00°
2024-11-01 09:10:49 - testBoardWorker - INFO - test board thread is running
2024-11-01 09:10:49 - __main__ - INFO - test board worker temporarily deleted
2024-11-01 09:10:49 - __main__ - INFO - cli worker started
2024-11-01 09:10:49 - cliWorker - INFO - cli worker connected to arduino port: COM7
2024-11-01 09:10:49 - serialCaptureWorker - INFO - Manual temp set to 70.00
2024-11-01 09:10:49 - serialCaptureWorker - INFO - Duration: 60000
2024-11-01 09:10:49 - serialCaptureWorker - INFO - sent command: SHOW DATA
2024-11-01 09:10:50 - serialCaptureWorker - INFO - arduino says: Room_temp: 21.00 | Desired_temp: 70 | Heater: 0 | Cooler: 0 | LH Indicator: 0
2024-11-01 09:10:50 - cliWorker - INFO - cli worker thread is running
2024-11-01 09:10:50 - cliWorker - INFO - running test with testdata filepath: C:/Users/owenk/OneDrive/Desktop/Arduino/temperature chamber/temperature_chamber/tests/alphabet/alphabet_test.json
2024-11-01 09:10:52 - cliWorker - INFO - command succeeded: arduino-cli board list --format json
2024-11-01 09:10:52 - cliWorker - INFO - detected fqbn: arduino:avr:uno
2024-11-01 09:10:53 - cliWorker - INFO - command succeeded: arduino-cli core list
2024-11-01 09:10:53 - cliWorker - INFO - core arduino is already installed.
2024-11-01 09:10:53 - cliWorker - INFO - compiling sketch for the board with fqbn arduino:avr:uno...
2024-11-01 09:10:55 - serialCaptureWorker - INFO - sent command: SHOW DATA
2024-11-01 09:10:55 - serialCaptureWorker - INFO - arduino says: Room_temp: 21.00 | Desired_temp: 70 | Heater: 0 | Cooler: 0 | LH Indicator: 0
2024-11-01 09:10:56 - cliWorker - INFO - command succeeded: arduino-cli compile --fqbn arduino:avr:uno C:/Users/owenk/OneDrive/Desktop/Arduino/temperature chamber/temperature_chamber/tests/alphabet/alphabet.ino
2024-11-01 09:10:56 - cliWorker - INFO - compilation successful!
2024-11-01 09:10:57 - cliWorker - INFO - uploading sketch to board with fqbn arduino:avr:uno on port COM7...
2024-11-01 09:11:00 - serialCaptureWorker - INFO - sent command: SHOW DATA
2024-11-01 09:11:00 - serialCaptureWorker - INFO - arduino says: Room_temp: 21.00 | Desired_temp: 70 | Heater: 0 | Cooler: 0 | LH Indicator: 0
2024-11-01 09:11:01 - cliWorker - INFO - command succeeded: arduino-cli upload -p COM7 --fqbn arduino:avr:uno C:/Users/owenk/OneDrive/Desktop/Arduino/temperature chamber/temperature_chamber/tests/alphabet/alphabet.ino
2024-11-01 09:11:01 - cliWorker - INFO - upload successful!
2024-11-01 09:11:03 - cliWorker - WARNING - boards already detected: skipping new detect request
2024-11-01 09:11:03 - cliWorker - WARNING - failed to detect board on port COM7.
2024-11-01 09:11:04 - __main__ - INFO - cli worker quit
2024-11-01 09:11:04 - __main__ - INFO - cli worker deleted
2024-11-01 09:11:05 - __main__ - INFO - test board worker restarted
2024-11-01 09:11:05 - testBoardWorker - INFO - test board worker connected to arduino port: COM7
2024-11-01 09:11:05 - serialCaptureWorker - INFO - sent command: SHOW DATA
2024-11-01 09:11:05 - serialCaptureWorker - INFO - arduino says: Room_temp: 21.00 | Desired_temp: 70 | Heater: 0 | Cooler: 0 | LH Indicator: 0
2024-11-01 09:11:06 - testBoardWorker - INFO - test board thread is running
2024-11-01 09:11:10 - serialCaptureWorker - INFO - sent command: SHOW DATA
2024-11-01 09:11:10 - serialCaptureWorker - INFO - arduino says: Room_temp: 21.03 | Desired_temp: 70 | Heater: 0 | Cooler: 0 | LH Indicator: 0
2024-11-01 09:11:16 - serialCaptureWorker - INFO - sent command: SHOW DATA
2024-11-01 09:11:16 - serialCaptureWorker - INFO - arduino says: Room_temp: 21.03 | Desired_temp: 70 | Heater: 0 | Cooler: 0 | LH Indicator: 0
2024-11-01 09:11:18 - serialCaptureWorker - INFO - sent command: SHOW DATA
2024-11-01 09:11:18 - serialCaptureWorker - INFO - connection to COM15 closed
2024-11-01 09:11:18 - serialCaptureWorker - ERROR - error reading data from control board serial: Attempting to use a port that is not open
Traceback (most recent call last):
  File "C:\Users\owenk\OneDrive\Desktop\Arduino\temperature chamber\temperature_chamber\interface\pyqt5\t-chamber\serialCaptureWorker.py", line 119, in read_data
    response = self.ser.readline().decode('utf-8').strip()
               ^^^^^^^^^^^^^^^^^^^
  File "C:\Users\owenk\anaconda3\Lib\site-packages\serial\serialwin32.py", line 269, in read
    raise PortNotOpenError()
serial.serialutil.PortNotOpenError: Attempting to use a port that is not open
2024-11-01 09:11:18 - testBoardWorker - INFO - test worker thread is running
2024-11-01 09:11:18 - testBoardWorker - INFO - connection to COM7 closed now
2024-11-01 09:11:18 - mainTab - ERROR - ABCDEFGHIJKLMNOPQRSTUVW
2024-11-01 10:18:56 - __main__ - INFO - app started
2024-11-01 10:18:56 - portSelector - INFO - ports refreshed
2024-11-01 10:19:02 - testBoardWorker - INFO - test board worker connected to arduino port: COM7
2024-11-01 10:19:02 - serialCaptureWorker - INFO - connected to arduino port: COM15
2024-11-01 10:19:03 - testBoardWorker - INFO - test board thread is running
2024-11-01 10:19:03 - serialCaptureWorker - INFO - thread is running
2024-11-01 10:19:07 - jsonFunctionality - INFO - C:/Users/owenk/OneDrive/Desktop/Arduino/temperature chamber/temperature_chamber/tests/alphabet/alphabet_test.json
2024-11-01 10:19:07 - jsonFunctionality - INFO - test directory updated to: C:\Users\owenk\OneDrive\Desktop\Arduino\temperature chamber\temperature_chamber\tests but with correct forward slashes
2024-11-01 10:19:08 - __main__ - INFO - test starting
2024-11-01 10:19:08 - serialCaptureWorker - INFO - all tests: ['test_1', 'test_2']
2024-11-01 10:19:08 - serialCaptureWorker - INFO - test data for test_1: {'chamber_sequences': [{'temp': 50, 'duration': 60000}, {'temp': 40, 'duration': 60000}], 'sketch': './alphabet.ino', 'expected_output': 'ABCDEFGHIJKLMNOPQRSTUVWXYZ'}
2024-11-01 10:19:08 - serialCaptureWorker - INFO - sent to arduino: {"temp": 50, "duration": 60000}
2024-11-01 10:19:08 - serialCaptureWorker - INFO - sending sequence {'temp': 50, 'duration': 60000} for test test_1
2024-11-01 10:19:08 - serialCaptureWorker - INFO - sent to arduino: {"temp": 40, "duration": 60000}
2024-11-01 10:19:08 - serialCaptureWorker - INFO - sending sequence {'temp': 40, 'duration': 60000} for test test_1
2024-11-01 10:19:08 - serialCaptureWorker - INFO - test data for test_2: {'chamber_sequences': [{'temp': 60, 'duration': 60000}, {'temp': 70, 'duration': 60000}], 'sketch': './alphabet.ino', 'expected output': 'ABCDEFGHIJKLMNOPQRSTUVWXYZ'}
2024-11-01 10:19:08 - serialCaptureWorker - INFO - sent to arduino: {"temp": 60, "duration": 60000}
2024-11-01 10:19:08 - serialCaptureWorker - INFO - sending sequence {'temp': 60, 'duration': 60000} for test test_2
2024-11-01 10:19:08 - serialCaptureWorker - INFO - sent to arduino: {"temp": 70, "duration": 60000}
2024-11-01 10:19:08 - serialCaptureWorker - INFO - sending sequence {'temp': 70, 'duration': 60000} for test test_2
2024-11-01 10:19:08 - testBoardWorker - INFO - test worker thread is running
2024-11-01 10:19:08 - testBoardWorker - INFO - connection to COM7 closed now
2024-11-01 10:19:08 - serialCaptureWorker - INFO - sent command: SHOW DATA
2024-11-01 10:19:08 - serialCaptureWorker - INFO - arduino says: Setting temperature to 50.00°
2024-11-01 10:19:08 - __main__ - INFO - test board worker temporarily deleted
2024-11-01 10:19:08 - __main__ - INFO - cli worker started
2024-11-01 10:19:09 - cliWorker - INFO - cli worker connected to arduino port: COM7
2024-11-01 10:19:09 - serialCaptureWorker - INFO - Manual temp set to 50.00
2024-11-01 10:19:09 - serialCaptureWorker - INFO - Duration: 60000
2024-11-01 10:19:09 - serialCaptureWorker - INFO - Setting temperature to 40.00°
2024-11-01 10:19:09 - serialCaptureWorker - INFO - Manual temp set to 40.00
2024-11-01 10:19:09 - serialCaptureWorker - INFO - Duration: 60000
2024-11-01 10:19:09 - serialCaptureWorker - INFO - Setting temperature to 60.00°
2024-11-01 10:19:09 - serialCaptureWorker - INFO - Manual temp set to 60.00
2024-11-01 10:19:09 - serialCaptureWorker - INFO - Duration: 60000
2024-11-01 10:19:09 - serialCaptureWorker - INFO - Setting temperature to 70.00°
2024-11-01 10:19:09 - serialCaptureWorker - INFO - Manual temp set to 70.00
2024-11-01 10:19:09 - serialCaptureWorker - INFO - sent command: SHOW DATA
2024-11-01 10:19:10 - cliWorker - INFO - cli worker thread is running
2024-11-01 10:19:10 - cliWorker - INFO - running test with testdata filepath: C:/Users/owenk/OneDrive/Desktop/Arduino/temperature chamber/temperature_chamber/tests/alphabet/alphabet_test.json
2024-11-01 10:19:10 - serialCaptureWorker - INFO - arduino says: Room_temp: 20.91 | Desired_temp: 70 | Heater: 0 | Cooler: 0 | LH Indicator: 0
2024-11-01 10:19:12 - cliWorker - INFO - command succeeded: arduino-cli board list --format json
2024-11-01 10:19:12 - cliWorker - INFO - detected fqbn: arduino:avr:uno
2024-11-01 10:19:13 - cliWorker - INFO - command succeeded: arduino-cli core list
2024-11-01 10:19:13 - cliWorker - INFO - core arduino is already installed.
2024-11-01 10:19:13 - cliWorker - INFO - compiling sketch for the board with fqbn arduino:avr:uno...
2024-11-01 10:19:15 - serialCaptureWorker - INFO - sent command: SHOW DATA
2024-11-01 10:19:15 - serialCaptureWorker - INFO - arduino says: Room_temp: 20.94 | Desired_temp: 70 | Heater: 0 | Cooler: 0 | LH Indicator: 0
2024-11-01 10:19:15 - cliWorker - INFO - command succeeded: arduino-cli compile --fqbn arduino:avr:uno C:/Users/owenk/OneDrive/Desktop/Arduino/temperature chamber/temperature_chamber/tests/alphabet/alphabet.ino
2024-11-01 10:19:15 - cliWorker - INFO - compilation successful!
2024-11-01 10:19:16 - cliWorker - INFO - uploading sketch to board with fqbn arduino:avr:uno on port COM7...
2024-11-01 10:19:20 - serialCaptureWorker - INFO - sent command: SHOW DATA
2024-11-01 10:19:20 - serialCaptureWorker - INFO - arduino says: Room_temp: 20.94 | Desired_temp: 70 | Heater: 0 | Cooler: 0 | LH Indicator: 0
2024-11-01 10:19:20 - cliWorker - INFO - command succeeded: arduino-cli upload -p COM7 --fqbn arduino:avr:uno C:/Users/owenk/OneDrive/Desktop/Arduino/temperature chamber/temperature_chamber/tests/alphabet/alphabet.ino
2024-11-01 10:19:20 - cliWorker - INFO - upload successful!
2024-11-01 10:19:23 - cliWorker - WARNING - boards already detected: skipping new detect request
2024-11-01 10:19:23 - cliWorker - WARNING - failed to detect board on port COM7.
2024-11-01 10:19:23 - __main__ - INFO - cli worker quit
2024-11-01 10:19:23 - __main__ - INFO - cli worker deleted
2024-11-01 10:21:14 - __main__ - INFO - app started
2024-11-01 10:21:14 - portSelector - INFO - ports refreshed
2024-11-01 10:21:19 - testBoardWorker - INFO - test board worker connected to arduino port: COM7
2024-11-01 10:21:19 - serialCaptureWorker - INFO - connected to arduino port: COM15
2024-11-01 10:21:20 - testBoardWorker - INFO - test board thread is running
2024-11-01 10:21:20 - serialCaptureWorker - INFO - thread is running
2024-11-01 10:21:23 - jsonFunctionality - INFO - C:/Users/owenk/OneDrive/Desktop/Arduino/temperature chamber/temperature_chamber/tests/alphabet/alphabet_test.json
2024-11-01 10:21:23 - jsonFunctionality - INFO - test directory updated to: C:\Users\owenk\OneDrive\Desktop\Arduino\temperature chamber\temperature_chamber\tests but with correct forward slashes
2024-11-01 10:21:25 - serialCaptureWorker - INFO - sent command: SHOW DATA
2024-11-01 10:21:25 - serialCaptureWorker - INFO - arduino says: Room_temp: 21.06 | Desired_temp: - | Heater: 0 | Cooler: 0 | LH Indicator: 0
2024-11-01 10:21:26 - __main__ - INFO - test starting
2024-11-01 10:21:26 - serialCaptureWorker - INFO - all tests: ['test_1', 'test_2']
2024-11-01 10:21:26 - serialCaptureWorker - INFO - test data for test_1: {'chamber_sequences': [{'temp': 50, 'duration': 60000}, {'temp': 40, 'duration': 60000}], 'sketch': './alphabet.ino', 'expected_output': 'ABCDEFGHIJKLMNOPQRSTUVWXYZ'}
2024-11-01 10:21:26 - serialCaptureWorker - INFO - sent to arduino: {"temp": 50, "duration": 60000}
2024-11-01 10:21:26 - serialCaptureWorker - INFO - sending sequence {'temp': 50, 'duration': 60000} for test test_1
2024-11-01 10:21:26 - serialCaptureWorker - INFO - sent to arduino: {"temp": 40, "duration": 60000}
2024-11-01 10:21:26 - serialCaptureWorker - INFO - sending sequence {'temp': 40, 'duration': 60000} for test test_1
2024-11-01 10:21:26 - serialCaptureWorker - INFO - test data for test_2: {'chamber_sequences': [{'temp': 60, 'duration': 60000}, {'temp': 70, 'duration': 60000}], 'sketch': './alphabet.ino', 'expected output': 'ABCDEFGHIJKLMNOPQRSTUVWXYZ'}
2024-11-01 10:21:26 - serialCaptureWorker - INFO - sent to arduino: {"temp": 60, "duration": 60000}
2024-11-01 10:21:26 - serialCaptureWorker - INFO - sending sequence {'temp': 60, 'duration': 60000} for test test_2
2024-11-01 10:21:26 - serialCaptureWorker - INFO - sent to arduino: {"temp": 70, "duration": 60000}
2024-11-01 10:21:26 - serialCaptureWorker - INFO - sending sequence {'temp': 70, 'duration': 60000} for test test_2
2024-11-01 10:21:26 - testBoardWorker - INFO - test worker thread is running
2024-11-01 10:21:26 - testBoardWorker - INFO - connection to COM7 closed now
2024-11-01 10:21:26 - serialCaptureWorker - INFO - Setting temperature to 50.00°
2024-11-01 10:21:26 - __main__ - INFO - test board worker temporarily deleted
2024-11-01 10:21:26 - __main__ - INFO - cli worker started
2024-11-01 10:21:26 - cliWorker - INFO - cli worker connected to arduino port: COM7
2024-11-01 10:21:26 - serialCaptureWorker - INFO - Manual temp set to 50.00
2024-11-01 10:21:26 - serialCaptureWorker - INFO - Duration: 60000
2024-11-01 10:21:26 - serialCaptureWorker - INFO - Setting temperature to 40.00°
2024-11-01 10:21:26 - serialCaptureWorker - INFO - Manual temp set to 40.00
2024-11-01 10:21:26 - serialCaptureWorker - INFO - Duration: 60000
2024-11-01 10:21:26 - serialCaptureWorker - INFO - sent command: SHOW DATA
2024-11-01 10:21:26 - serialCaptureWorker - INFO - arduino says: Setting temperature to 70.00°
2024-11-01 10:21:26 - serialCaptureWorker - INFO - Manual temp set to 70.00
2024-11-01 10:21:27 - serialCaptureWorker - INFO - Duration: 60000
2024-11-01 10:21:27 - serialCaptureWorker - INFO - Room_temp: 21.06 | Desired_temp: 70 | Heater: 0 | Cooler: 0 | LH Indicator: 0
2024-11-01 10:21:27 - cliWorker - INFO - cli worker thread is running
2024-11-01 10:21:27 - cliWorker - INFO - running test with testdata filepath: C:/Users/owenk/OneDrive/Desktop/Arduino/temperature chamber/temperature_chamber/tests/alphabet/alphabet_test.json
2024-11-01 10:21:29 - cliWorker - INFO - command succeeded: arduino-cli board list --format json
2024-11-01 10:21:29 - cliWorker - INFO - detected fqbn: arduino:avr:uno
2024-11-01 10:21:30 - cliWorker - INFO - command succeeded: arduino-cli core list
2024-11-01 10:21:30 - cliWorker - INFO - core arduino is already installed.
2024-11-01 10:21:30 - cliWorker - INFO - compiling sketch for the board with fqbn arduino:avr:uno...
2024-11-01 10:21:32 - serialCaptureWorker - INFO - sent command: SHOW DATA
2024-11-01 10:21:32 - serialCaptureWorker - INFO - arduino says: Room_temp: 21.06 | Desired_temp: 70 | Heater: 0 | Cooler: 0 | LH Indicator: 0
2024-11-01 10:21:33 - cliWorker - INFO - command succeeded: arduino-cli compile --fqbn arduino:avr:uno C:/Users/owenk/OneDrive/Desktop/Arduino/temperature chamber/temperature_chamber/tests/alphabet/alphabet.ino
2024-11-01 10:21:33 - cliWorker - INFO - compilation successful!
2024-11-01 10:21:33 - cliWorker - INFO - uploading sketch to board with fqbn arduino:avr:uno on port COM7...
2024-11-01 10:21:37 - serialCaptureWorker - INFO - sent command: SHOW DATA
2024-11-01 10:21:37 - cliWorker - INFO - command succeeded: arduino-cli upload -p COM7 --fqbn arduino:avr:uno C:/Users/owenk/OneDrive/Desktop/Arduino/temperature chamber/temperature_chamber/tests/alphabet/alphabet.ino
2024-11-01 10:21:37 - serialCaptureWorker - INFO - arduino says: Room_temp: 21.03 | Desired_temp: 70 | Heater: 0 | Cooler: 0 | LH Indicator: 0
2024-11-01 10:21:37 - cliWorker - INFO - upload successful!
2024-11-01 10:21:40 - cliWorker - WARNING - boards already detected: skipping new detect request
2024-11-01 10:21:40 - cliWorker - WARNING - failed to detect board on port COM7.
2024-11-01 10:21:40 - __main__ - INFO - cli worker quit
2024-11-01 10:21:40 - __main__ - INFO - cli worker deleted
2024-11-01 10:21:41 - __main__ - INFO - test board worker restarted
2024-11-01 10:28:43 - __main__ - INFO - app started
2024-11-01 10:28:43 - portSelector - INFO - ports refreshed
2024-11-01 10:28:47 - testBoardWorker - INFO - test board worker connected to arduino port: COM7
2024-11-01 10:28:48 - serialCaptureWorker - INFO - connected to arduino port: COM15
2024-11-01 10:28:48 - testBoardWorker - INFO - test board thread is running
2024-11-01 10:28:49 - serialCaptureWorker - INFO - thread is running
2024-11-01 10:28:54 - serialCaptureWorker - INFO - sent command: SHOW DATA
2024-11-01 10:28:54 - serialCaptureWorker - INFO - arduino says: Room_temp: 21.19 | Desired_temp: - | Heater: 0 | Cooler: 0 | LH Indicator: 0
2024-11-01 10:28:54 - jsonFunctionality - INFO - C:/Users/owenk/OneDrive/Desktop/Arduino/temperature chamber/temperature_chamber/tests/alphabet/alphabet_test.json
2024-11-01 10:28:54 - jsonFunctionality - INFO - test directory updated to: C:\Users\owenk\OneDrive\Desktop\Arduino\temperature chamber\temperature_chamber\tests but with correct forward slashes
2024-11-01 10:28:56 - __main__ - INFO - test starting
2024-11-01 10:28:56 - serialCaptureWorker - INFO - all tests: ['test_1', 'test_2']
2024-11-01 10:28:56 - serialCaptureWorker - INFO - test data for test_1: {'chamber_sequences': [{'temp': 50, 'duration': 60000}, {'temp': 40, 'duration': 60000}], 'sketch': './alphabet.ino', 'expected_output': 'ABCDEFGHIJKLMNOPQRSTUVWXYZ'}
2024-11-01 10:28:56 - serialCaptureWorker - INFO - sent to arduino: {"temp": 50, "duration": 60000}
2024-11-01 10:28:56 - serialCaptureWorker - INFO - sending sequence {'temp': 50, 'duration': 60000} for test test_1
2024-11-01 10:28:56 - serialCaptureWorker - INFO - sent to arduino: {"temp": 40, "duration": 60000}
2024-11-01 10:28:56 - serialCaptureWorker - INFO - sending sequence {'temp': 40, 'duration': 60000} for test test_1
2024-11-01 10:28:56 - serialCaptureWorker - INFO - test data for test_2: {'chamber_sequences': [{'temp': 60, 'duration': 60000}, {'temp': 70, 'duration': 60000}], 'sketch': './alphabet.ino', 'expected output': 'ABCDEFGHIJKLMNOPQRSTUVWXYZ'}
2024-11-01 10:28:56 - serialCaptureWorker - INFO - sent to arduino: {"temp": 60, "duration": 60000}
2024-11-01 10:28:56 - serialCaptureWorker - INFO - sending sequence {'temp': 60, 'duration': 60000} for test test_2
2024-11-01 10:28:56 - serialCaptureWorker - INFO - sent to arduino: {"temp": 70, "duration": 60000}
2024-11-01 10:28:56 - serialCaptureWorker - INFO - sending sequence {'temp': 70, 'duration': 60000} for test test_2
2024-11-01 10:28:56 - testBoardWorker - INFO - test worker thread is running
2024-11-01 10:28:56 - testBoardWorker - INFO - connection to COM7 closed now
2024-11-01 10:28:56 - __main__ - INFO - test board worker temporarily deleted
2024-11-01 10:28:56 - __main__ - INFO - cli worker started
2024-11-01 10:28:56 - serialCaptureWorker - INFO - Setting temperature to 50.00°
2024-11-01 10:28:56 - serialCaptureWorker - INFO - sent command: SHOW DATA
2024-11-01 10:28:56 - cliWorker - INFO - cli worker connected to arduino port: COM7
2024-11-01 10:28:57 - serialCaptureWorker - INFO - arduino says: Setting temperature to 40.00°
2024-11-01 10:28:57 - serialCaptureWorker - INFO - Manual temp set to 40.00
2024-11-01 10:28:57 - serialCaptureWorker - INFO - Duration: 60000
2024-11-01 10:28:57 - serialCaptureWorker - INFO - Setting temperature to 60.00°
2024-11-01 10:28:57 - serialCaptureWorker - INFO - Manual temp set to 60.00
2024-11-01 10:28:57 - serialCaptureWorker - INFO - Duration: 60000
2024-11-01 10:28:57 - serialCaptureWorker - INFO - Setting temperature to 70.00°
2024-11-01 10:28:57 - serialCaptureWorker - INFO - Manual temp set to 70.00
2024-11-01 10:28:57 - cliWorker - INFO - cli worker thread is running
2024-11-01 10:28:57 - cliWorker - INFO - running test with testdata filepath: C:/Users/owenk/OneDrive/Desktop/Arduino/temperature chamber/temperature_chamber/tests/alphabet/alphabet_test.json
2024-11-01 10:28:57 - serialCaptureWorker - INFO - Duration: 60000
2024-11-01 10:28:57 - serialCaptureWorker - INFO - sent command: SHOW DATA
2024-11-01 10:28:58 - serialCaptureWorker - INFO - arduino says: Room_temp: 21.19 | Desired_temp: 70 | Heater: 0 | Cooler: 0 | LH Indicator: 0
2024-11-01 10:28:59 - cliWorker - INFO - command succeeded: arduino-cli board list --format json
2024-11-01 10:28:59 - cliWorker - INFO - detected fqbn: arduino:avr:uno
2024-11-01 10:29:01 - cliWorker - INFO - command succeeded: arduino-cli core list
2024-11-01 10:29:01 - cliWorker - INFO - core arduino is already installed.
2024-11-01 10:29:01 - cliWorker - INFO - compiling sketch for the board with fqbn arduino:avr:uno...
2024-11-01 10:29:03 - serialCaptureWorker - INFO - sent command: SHOW DATA
2024-11-01 10:29:03 - serialCaptureWorker - INFO - arduino says: Room_temp: 21.19 | Desired_temp: 70 | Heater: 0 | Cooler: 0 | LH Indicator: 0
2024-11-01 10:29:03 - cliWorker - INFO - command succeeded: arduino-cli compile --fqbn arduino:avr:uno C:/Users/owenk/OneDrive/Desktop/Arduino/temperature chamber/temperature_chamber/tests/alphabet/alphabet.ino
2024-11-01 10:29:03 - cliWorker - INFO - compilation successful!
2024-11-01 10:29:04 - cliWorker - INFO - uploading sketch to board with fqbn arduino:avr:uno on port COM7...
2024-11-01 10:29:08 - serialCaptureWorker - INFO - sent command: SHOW DATA
2024-11-01 10:29:08 - serialCaptureWorker - INFO - arduino says: Room_temp: 21.19 | Desired_temp: 70 | Heater: 0 | Cooler: 0 | LH Indicator: 0
2024-11-01 10:29:08 - cliWorker - INFO - command succeeded: arduino-cli upload -p COM7 --fqbn arduino:avr:uno C:/Users/owenk/OneDrive/Desktop/Arduino/temperature chamber/temperature_chamber/tests/alphabet/alphabet.ino
2024-11-01 10:29:08 - cliWorker - INFO - upload successful!
2024-11-01 10:29:11 - cliWorker - WARNING - boards already detected: skipping new detect request
2024-11-01 10:29:11 - cliWorker - WARNING - failed to detect board on port COM7.
2024-11-01 10:29:11 - __main__ - INFO - cli worker quit
2024-11-01 10:29:11 - __main__ - INFO - cli worker deleted
2024-11-01 10:29:12 - __main__ - INFO - test board worker restarted
2024-11-01 10:30:31 - __main__ - INFO - app started
2024-11-01 10:30:31 - portSelector - INFO - ports refreshed
2024-11-01 10:30:36 - testBoardWorker - INFO - test board worker connected to arduino port: COM7
2024-11-01 10:30:36 - serialCaptureWorker - INFO - connected to arduino port: COM15
2024-11-01 10:30:37 - testBoardWorker - INFO - test board thread is running
2024-11-01 10:30:37 - serialCaptureWorker - INFO - thread is running
2024-11-01 10:30:42 - serialCaptureWorker - INFO - sent command: SHOW DATA
2024-11-01 10:30:42 - serialCaptureWorker - INFO - arduino says: Room_temp: 21.19 | Desired_temp: - | Heater: 0 | Cooler: 0 | LH Indicator: 0
2024-11-01 10:30:44 - jsonFunctionality - INFO - C:/Users/owenk/OneDrive/Desktop/Arduino/temperature chamber/temperature_chamber/tests/alphabet/alphabet_test.json
2024-11-01 10:30:44 - jsonFunctionality - INFO - test directory updated to: C:\Users\owenk\OneDrive\Desktop\Arduino\temperature chamber\temperature_chamber\tests but with correct forward slashes
2024-11-01 10:30:46 - __main__ - INFO - test starting
2024-11-01 10:30:46 - serialCaptureWorker - INFO - all tests: ['test_1', 'test_2']
2024-11-01 10:30:46 - serialCaptureWorker - INFO - test data for test_1: {'chamber_sequences': [{'temp': 50, 'duration': 60000}, {'temp': 40, 'duration': 60000}], 'sketch': './alphabet.ino', 'expected_output': 'ABCDEFGHIJKLMNOPQRSTUVWXYZ'}
2024-11-01 10:30:46 - serialCaptureWorker - INFO - sent to arduino: {"temp": 50, "duration": 60000}
2024-11-01 10:30:46 - serialCaptureWorker - INFO - sending sequence {'temp': 50, 'duration': 60000} for test test_1
2024-11-01 10:30:46 - serialCaptureWorker - INFO - sent to arduino: {"temp": 40, "duration": 60000}
2024-11-01 10:30:46 - serialCaptureWorker - INFO - sending sequence {'temp': 40, 'duration': 60000} for test test_1
2024-11-01 10:30:46 - serialCaptureWorker - INFO - test data for test_2: {'chamber_sequences': [{'temp': 60, 'duration': 60000}, {'temp': 70, 'duration': 60000}], 'sketch': './alphabet.ino', 'expected output': 'ABCDEFGHIJKLMNOPQRSTUVWXYZ'}
2024-11-01 10:30:46 - serialCaptureWorker - INFO - sent to arduino: {"temp": 60, "duration": 60000}
2024-11-01 10:30:46 - serialCaptureWorker - INFO - sending sequence {'temp': 60, 'duration': 60000} for test test_2
2024-11-01 10:30:46 - serialCaptureWorker - INFO - sent to arduino: {"temp": 70, "duration": 60000}
2024-11-01 10:30:46 - serialCaptureWorker - INFO - sending sequence {'temp': 70, 'duration': 60000} for test test_2
2024-11-01 10:30:46 - testBoardWorker - INFO - test worker thread is running
2024-11-01 10:30:46 - testBoardWorker - INFO - connection to COM7 closed now
2024-11-01 10:30:46 - serialCaptureWorker - INFO - Setting temperature to 50.00°
2024-11-01 10:30:46 - serialCaptureWorker - INFO - sent command: SHOW DATA
2024-11-01 10:30:46 - __main__ - INFO - test board worker temporarily deleted
2024-11-01 10:30:46 - __main__ - INFO - cli worker started
2024-11-01 10:30:46 - cliWorker - INFO - cli worker connected to arduino port: COM7
2024-11-01 10:30:46 - serialCaptureWorker - INFO - arduino says: Setting temperature to 40.00°
2024-11-01 10:30:46 - serialCaptureWorker - INFO - Manual temp set to 40.00
2024-11-01 10:30:46 - serialCaptureWorker - INFO - Duration: 60000
2024-11-01 10:30:46 - serialCaptureWorker - INFO - Setting temperature to 60.00°
2024-11-01 10:30:47 - serialCaptureWorker - INFO - Manual temp set to 60.00
2024-11-01 10:30:47 - serialCaptureWorker - INFO - Duration: 60000
2024-11-01 10:30:47 - serialCaptureWorker - INFO - Setting temperature to 70.00°
2024-11-01 10:30:47 - serialCaptureWorker - INFO - Manual temp set to 70.00
2024-11-01 10:30:47 - serialCaptureWorker - INFO - Duration: 60000
2024-11-01 10:30:47 - serialCaptureWorker - INFO - sent command: SHOW DATA
2024-11-01 10:30:47 - cliWorker - INFO - cli worker thread is running
2024-11-01 10:30:47 - cliWorker - INFO - running test with testdata filepath: C:/Users/owenk/OneDrive/Desktop/Arduino/temperature chamber/temperature_chamber/tests/alphabet/alphabet_test.json
2024-11-01 10:30:47 - serialCaptureWorker - INFO - arduino says: Room_temp: 21.19 | Desired_temp: 70 | Heater: 0 | Cooler: 0 | LH Indicator: 0
2024-11-01 10:30:49 - cliWorker - INFO - command succeeded: arduino-cli board list --format json
2024-11-01 10:30:49 - cliWorker - INFO - detected fqbn: arduino:avr:uno
2024-11-01 10:30:50 - cliWorker - INFO - command succeeded: arduino-cli core list
2024-11-01 10:30:50 - cliWorker - INFO - core arduino is already installed.
2024-11-01 10:30:50 - cliWorker - INFO - compiling sketch for the board with fqbn arduino:avr:uno...
2024-11-01 10:30:52 - serialCaptureWorker - INFO - sent command: SHOW DATA
2024-11-01 10:30:52 - serialCaptureWorker - INFO - arduino says: Room_temp: 21.19 | Desired_temp: 70 | Heater: 0 | Cooler: 0 | LH Indicator: 0
2024-11-01 10:30:53 - cliWorker - INFO - command succeeded: arduino-cli compile --fqbn arduino:avr:uno C:/Users/owenk/OneDrive/Desktop/Arduino/temperature chamber/temperature_chamber/tests/alphabet/alphabet.ino
2024-11-01 10:30:53 - cliWorker - INFO - compilation successful!
2024-11-01 10:30:53 - cliWorker - INFO - uploading sketch to board with fqbn arduino:avr:uno on port COM7...
2024-11-01 10:30:58 - serialCaptureWorker - INFO - sent command: SHOW DATA
2024-11-01 10:30:58 - serialCaptureWorker - INFO - arduino says: Room_temp: 21.19 | Desired_temp: 70 | Heater: 0 | Cooler: 0 | LH Indicator: 0
2024-11-01 10:30:58 - cliWorker - INFO - command succeeded: arduino-cli upload -p COM7 --fqbn arduino:avr:uno C:/Users/owenk/OneDrive/Desktop/Arduino/temperature chamber/temperature_chamber/tests/alphabet/alphabet.ino
2024-11-01 10:30:58 - cliWorker - INFO - upload successful!
2024-11-01 10:31:00 - cliWorker - WARNING - boards already detected: skipping new detect request
2024-11-01 10:31:00 - cliWorker - WARNING - failed to detect board on port COM7.
2024-11-01 10:31:00 - __main__ - INFO - cli worker quit
2024-11-01 10:31:00 - __main__ - INFO - cli worker deleted
2024-11-01 10:31:30 - __main__ - INFO - app started
2024-11-01 10:31:30 - portSelector - INFO - ports refreshed
2024-11-01 10:31:35 - testBoardWorker - INFO - test board worker connected to arduino port: COM7
2024-11-01 10:31:35 - serialCaptureWorker - INFO - connected to arduino port: COM15
2024-11-01 10:31:36 - testBoardWorker - INFO - test board thread is running
2024-11-01 10:31:36 - serialCaptureWorker - INFO - thread is running
2024-11-01 10:31:39 - jsonFunctionality - INFO - C:/Users/owenk/OneDrive/Desktop/Arduino/temperature chamber/temperature_chamber/tests/alphabet/alphabet_test.json
2024-11-01 10:31:39 - jsonFunctionality - INFO - test directory updated to: C:\Users\owenk\OneDrive\Desktop\Arduino\temperature chamber\temperature_chamber\tests but with correct forward slashes
2024-11-01 10:31:40 - __main__ - INFO - test starting
2024-11-01 10:31:40 - serialCaptureWorker - INFO - all tests: ['test_1', 'test_2']
2024-11-01 10:31:40 - serialCaptureWorker - INFO - test data for test_1: {'chamber_sequences': [{'temp': 50, 'duration': 60000}, {'temp': 40, 'duration': 60000}], 'sketch': './alphabet.ino', 'expected_output': 'ABCDEFGHIJKLMNOPQRSTUVWXYZ'}
2024-11-01 10:31:40 - serialCaptureWorker - INFO - sent to arduino: {"temp": 50, "duration": 60000}
2024-11-01 10:31:40 - serialCaptureWorker - INFO - sending sequence {'temp': 50, 'duration': 60000} for test test_1
2024-11-01 10:31:40 - serialCaptureWorker - INFO - sent to arduino: {"temp": 40, "duration": 60000}
2024-11-01 10:31:40 - serialCaptureWorker - INFO - sending sequence {'temp': 40, 'duration': 60000} for test test_1
2024-11-01 10:31:40 - serialCaptureWorker - INFO - test data for test_2: {'chamber_sequences': [{'temp': 60, 'duration': 60000}, {'temp': 70, 'duration': 60000}], 'sketch': './alphabet.ino', 'expected output': 'ABCDEFGHIJKLMNOPQRSTUVWXYZ'}
2024-11-01 10:31:40 - serialCaptureWorker - INFO - sent to arduino: {"temp": 60, "duration": 60000}
2024-11-01 10:31:40 - serialCaptureWorker - INFO - sending sequence {'temp': 60, 'duration': 60000} for test test_2
2024-11-01 10:31:40 - serialCaptureWorker - INFO - sent to arduino: {"temp": 70, "duration": 60000}
2024-11-01 10:31:40 - serialCaptureWorker - INFO - sending sequence {'temp': 70, 'duration': 60000} for test test_2
2024-11-01 10:31:40 - testBoardWorker - INFO - test worker thread is running
2024-11-01 10:31:40 - testBoardWorker - INFO - connection to COM7 closed now
2024-11-01 10:31:40 - serialCaptureWorker - INFO - Setting temperature to 50.00°
2024-11-01 10:31:40 - __main__ - INFO - test board worker temporarily deleted
2024-11-01 10:31:40 - serialCaptureWorker - INFO - sent command: SHOW DATA
2024-11-01 10:31:40 - __main__ - INFO - cli worker started
2024-11-01 10:31:40 - cliWorker - INFO - cli worker connected to arduino port: COM7
2024-11-01 10:31:40 - serialCaptureWorker - INFO - arduino says: Setting temperature to 40.00°
2024-11-01 10:31:41 - serialCaptureWorker - INFO - Manual temp set to 40.00
2024-11-01 10:31:41 - serialCaptureWorker - INFO - Duration: 60000
2024-11-01 10:31:41 - serialCaptureWorker - INFO - Setting temperature to 60.00°
2024-11-01 10:31:41 - serialCaptureWorker - INFO - Manual temp set to 60.00
2024-11-01 10:31:41 - serialCaptureWorker - INFO - Duration: 60000
2024-11-01 10:31:41 - serialCaptureWorker - INFO - Setting temperature to 70.00°
2024-11-01 10:31:41 - serialCaptureWorker - INFO - Manual temp set to 70.00
2024-11-01 10:31:41 - cliWorker - INFO - cli worker thread is running
2024-11-01 10:31:41 - cliWorker - INFO - running test with testdata filepath: C:/Users/owenk/OneDrive/Desktop/Arduino/temperature chamber/temperature_chamber/tests/alphabet/alphabet_test.json
2024-11-01 10:31:41 - serialCaptureWorker - INFO - Duration: 60000
2024-11-01 10:31:41 - serialCaptureWorker - INFO - sent command: SHOW DATA
2024-11-01 10:31:41 - serialCaptureWorker - INFO - arduino says: Room_temp: 21.19 | Desired_temp: 70 | Heater: 0 | Cooler: 0 | LH Indicator: 0
2024-11-01 10:31:43 - cliWorker - INFO - command succeeded: arduino-cli board list --format json
2024-11-01 10:31:43 - cliWorker - INFO - detected fqbn: arduino:avr:uno
2024-11-01 10:31:44 - cliWorker - INFO - command succeeded: arduino-cli core list
2024-11-01 10:31:44 - cliWorker - INFO - core arduino is already installed.
2024-11-01 10:31:44 - cliWorker - INFO - compiling sketch for the board with fqbn arduino:avr:uno...
2024-11-01 10:31:47 - serialCaptureWorker - INFO - sent command: SHOW DATA
2024-11-01 10:31:47 - serialCaptureWorker - INFO - arduino says: Room_temp: 21.19 | Desired_temp: 70 | Heater: 0 | Cooler: 0 | LH Indicator: 0
2024-11-01 10:31:47 - cliWorker - INFO - command succeeded: arduino-cli compile --fqbn arduino:avr:uno C:/Users/owenk/OneDrive/Desktop/Arduino/temperature chamber/temperature_chamber/tests/alphabet/alphabet.ino
2024-11-01 10:31:47 - cliWorker - INFO - compilation successful!
2024-11-01 10:31:48 - cliWorker - INFO - uploading sketch to board with fqbn arduino:avr:uno on port COM7...
2024-11-01 10:31:52 - serialCaptureWorker - INFO - sent command: SHOW DATA
2024-11-01 10:31:52 - serialCaptureWorker - INFO - arduino says: Room_temp: 21.19 | Desired_temp: 70 | Heater: 0 | Cooler: 0 | LH Indicator: 0
2024-11-01 10:31:52 - cliWorker - INFO - command succeeded: arduino-cli upload -p COM7 --fqbn arduino:avr:uno C:/Users/owenk/OneDrive/Desktop/Arduino/temperature chamber/temperature_chamber/tests/alphabet/alphabet.ino
2024-11-01 10:31:52 - cliWorker - INFO - upload successful!
2024-11-01 10:31:55 - cliWorker - WARNING - boards already detected: skipping new detect request
2024-11-01 10:31:55 - cliWorker - WARNING - failed to detect board on port COM7.
2024-11-01 10:31:55 - __main__ - INFO - cli worker quit
2024-11-01 10:31:55 - __main__ - INFO - cli worker deleted
2024-11-01 10:42:40 - __main__ - INFO - app started
2024-11-01 10:42:40 - portSelector - INFO - ports refreshed
2024-11-01 10:42:45 - testBoardWorker - INFO - test board worker connected to arduino port: COM7
2024-11-01 10:42:45 - serialCaptureWorker - INFO - connected to arduino port: COM15
2024-11-01 10:42:46 - testBoardWorker - INFO - test board thread is running
2024-11-01 10:42:46 - serialCaptureWorker - INFO - thread is running
2024-11-01 10:42:49 - jsonFunctionality - INFO - C:/Users/owenk/OneDrive/Desktop/Arduino/temperature chamber/temperature_chamber/tests/alphabet/alphabet_test.json
2024-11-01 10:42:49 - jsonFunctionality - INFO - test directory updated to: C:\Users\owenk\OneDrive\Desktop\Arduino\temperature chamber\temperature_chamber\tests but with correct forward slashes
2024-11-01 10:42:50 - __main__ - INFO - test starting
2024-11-01 10:42:50 - serialCaptureWorker - INFO - all tests: ['test_1', 'test_2']
2024-11-01 10:42:50 - serialCaptureWorker - INFO - test data for test_1: {'chamber_sequences': [{'temp': 50, 'duration': 60000}, {'temp': 40, 'duration': 60000}], 'sketch': './alphabet.ino', 'expected_output': 'ABCDEFGHIJKLMNOPQRSTUVWXYZ'}
2024-11-01 10:42:50 - serialCaptureWorker - INFO - sent to arduino: {"temp": 50, "duration": 60000}
2024-11-01 10:42:50 - serialCaptureWorker - INFO - sending sequence {'temp': 50, 'duration': 60000} for test test_1
2024-11-01 10:42:50 - serialCaptureWorker - INFO - sent to arduino: {"temp": 40, "duration": 60000}
2024-11-01 10:42:50 - serialCaptureWorker - INFO - sending sequence {'temp': 40, 'duration': 60000} for test test_1
2024-11-01 10:42:50 - serialCaptureWorker - INFO - test data for test_2: {'chamber_sequences': [{'temp': 60, 'duration': 60000}, {'temp': 70, 'duration': 60000}], 'sketch': './alphabet.ino', 'expected output': 'ABCDEFGHIJKLMNOPQRSTUVWXYZ'}
2024-11-01 10:42:50 - serialCaptureWorker - INFO - sent to arduino: {"temp": 60, "duration": 60000}
2024-11-01 10:42:50 - serialCaptureWorker - INFO - sending sequence {'temp': 60, 'duration': 60000} for test test_2
2024-11-01 10:42:50 - serialCaptureWorker - INFO - sent to arduino: {"temp": 70, "duration": 60000}
2024-11-01 10:42:50 - serialCaptureWorker - INFO - sending sequence {'temp': 70, 'duration': 60000} for test test_2
2024-11-01 10:42:50 - testBoardWorker - INFO - test worker thread is running
2024-11-01 10:42:50 - testBoardWorker - INFO - connection to COM7 closed now
2024-11-01 10:42:50 - __main__ - INFO - test board worker temporarily deleted
2024-11-01 10:42:50 - __main__ - INFO - cli worker started
2024-11-01 10:42:50 - cliWorker - INFO - cli worker connected to arduino port: COM7
2024-11-01 10:42:50 - serialCaptureWorker - INFO - Setting temperature to 50.00°
2024-11-01 10:42:50 - serialCaptureWorker - INFO - sent command: SHOW DATA
2024-11-01 10:42:50 - serialCaptureWorker - INFO - arduino says: Setting temperature to 40.00°
2024-11-01 10:42:50 - serialCaptureWorker - INFO - Manual temp set to 40.00
2024-11-01 10:42:51 - serialCaptureWorker - INFO - Duration: 60000
2024-11-01 10:42:51 - serialCaptureWorker - INFO - Setting temperature to 60.00°
2024-11-01 10:42:51 - serialCaptureWorker - INFO - Manual temp set to 60.00
2024-11-01 10:42:51 - serialCaptureWorker - INFO - Duration: 60000
2024-11-01 10:42:51 - serialCaptureWorker - INFO - Setting temperature to 70.00°
2024-11-01 10:42:51 - serialCaptureWorker - INFO - Manual temp set to 70.00
2024-11-01 10:42:51 - cliWorker - INFO - cli worker thread is running
2024-11-01 10:42:51 - cliWorker - INFO - running test with testdata filepath: C:/Users/owenk/OneDrive/Desktop/Arduino/temperature chamber/temperature_chamber/tests/alphabet/alphabet_test.json
2024-11-01 10:42:51 - serialCaptureWorker - INFO - Duration: 60000
2024-11-01 10:42:51 - serialCaptureWorker - INFO - sent command: SHOW DATA
2024-11-01 10:42:51 - serialCaptureWorker - INFO - arduino says: Room_temp: 21.31 | Desired_temp: 70 | Heater: 0 | Cooler: 0 | LH Indicator: 0
2024-11-01 10:42:53 - cliWorker - INFO - command succeeded: arduino-cli board list --format json
2024-11-01 10:42:53 - cliWorker - INFO - detected fqbn: arduino:avr:uno
2024-11-01 10:42:54 - cliWorker - INFO - command succeeded: arduino-cli core list
2024-11-01 10:42:54 - cliWorker - INFO - core arduino is already installed.
2024-11-01 10:42:54 - cliWorker - INFO - compiling sketch for the board with fqbn arduino:avr:uno...
2024-11-01 10:42:55 - __main__ - WARNING - test interrupted
2024-11-01 10:42:55 - __main__ - INFO - cli being interrupted
2024-11-01 10:42:56 - cliWorker - INFO - connection to COM7 closed now
2024-11-01 10:42:57 - serialCaptureWorker - INFO - sent command: SHOW DATA
2024-11-01 10:42:57 - serialCaptureWorker - INFO - arduino says: Room_temp: 21.31 | Desired_temp: 70 | Heater: 0 | Cooler: 0 | LH Indicator: 0
2024-11-01 10:42:57 - cliWorker - INFO - command succeeded: arduino-cli compile --fqbn arduino:avr:uno C:/Users/owenk/OneDrive/Desktop/Arduino/temperature chamber/temperature_chamber/tests/alphabet/alphabet.ino
2024-11-01 10:42:57 - cliWorker - INFO - compilation successful!
2024-11-01 10:42:58 - cliWorker - INFO - uploading sketch to board with fqbn arduino:avr:uno on port COM7...
2024-11-01 10:43:02 - serialCaptureWorker - INFO - sent command: SHOW DATA
2024-11-01 10:43:02 - serialCaptureWorker - INFO - arduino says: Room_temp: 21.31 | Desired_temp: 70 | Heater: 0 | Cooler: 0 | LH Indicator: 0
2024-11-01 10:43:02 - cliWorker - INFO - command succeeded: arduino-cli upload -p COM7 --fqbn arduino:avr:uno C:/Users/owenk/OneDrive/Desktop/Arduino/temperature chamber/temperature_chamber/tests/alphabet/alphabet.ino
2024-11-01 10:43:02 - cliWorker - INFO - upload successful!
2024-11-01 10:43:05 - cliWorker - WARNING - boards already detected: skipping new detect request
2024-11-01 10:43:05 - cliWorker - WARNING - failed to detect board on port COM7.
2024-11-01 10:43:05 - __main__ - INFO - cli worker quit bcs interrupted
2024-11-01 10:43:05 - __main__ - INFO - cli worker deleted bcs interrupted
2024-11-01 10:43:06 - __main__ - INFO - test board worker restarted through cli interrupted
2024-11-01 10:43:06 - __main__ - INFO - test starting
2024-11-01 10:43:06 - serialCaptureWorker - INFO - all tests: ['test_1', 'test_2']
2024-11-01 10:43:06 - serialCaptureWorker - INFO - test data for test_1: {'chamber_sequences': [{'temp': 50, 'duration': 60000}, {'temp': 40, 'duration': 60000}], 'sketch': './alphabet.ino', 'expected_output': 'ABCDEFGHIJKLMNOPQRSTUVWXYZ'}
2024-11-01 10:43:06 - testBoardWorker - INFO - test board worker connected to arduino port: COM7
2024-11-01 10:43:06 - serialCaptureWorker - INFO - sent to arduino: {"temp": 50, "duration": 60000}
2024-11-01 10:43:06 - serialCaptureWorker - INFO - sending sequence {'temp': 50, 'duration': 60000} for test test_1
2024-11-01 10:43:06 - serialCaptureWorker - INFO - sent to arduino: {"temp": 40, "duration": 60000}
2024-11-01 10:43:06 - serialCaptureWorker - INFO - sending sequence {'temp': 40, 'duration': 60000} for test test_1
2024-11-01 10:43:06 - serialCaptureWorker - INFO - test data for test_2: {'chamber_sequences': [{'temp': 60, 'duration': 60000}, {'temp': 70, 'duration': 60000}], 'sketch': './alphabet.ino', 'expected output': 'ABCDEFGHIJKLMNOPQRSTUVWXYZ'}
2024-11-01 10:43:06 - serialCaptureWorker - INFO - sent to arduino: {"temp": 60, "duration": 60000}
2024-11-01 10:43:06 - serialCaptureWorker - INFO - sending sequence {'temp': 60, 'duration': 60000} for test test_2
2024-11-01 10:43:06 - serialCaptureWorker - INFO - sent to arduino: {"temp": 70, "duration": 60000}
2024-11-01 10:43:06 - serialCaptureWorker - INFO - sending sequence {'temp': 70, 'duration': 60000} for test test_2
2024-11-01 10:43:06 - testBoardWorker - INFO - connection to COM7 closed now
2024-11-01 10:43:07 - serialCaptureWorker - INFO - Setting temperature to 50.00°
2024-11-01 10:43:07 - serialCaptureWorker - INFO - sent command: SHOW DATA
2024-11-01 10:43:07 - serialCaptureWorker - INFO - arduino says: Setting temperature to 40.00°
2024-11-01 10:43:07 - serialCaptureWorker - INFO - Manual temp set to 40.00
2024-11-01 10:43:07 - serialCaptureWorker - INFO - Duration: 60000
2024-11-01 10:43:07 - serialCaptureWorker - INFO - Setting temperature to 60.00°
2024-11-01 10:43:07 - serialCaptureWorker - INFO - Manual temp set to 60.00
2024-11-01 10:43:07 - serialCaptureWorker - INFO - Duration: 60000
2024-11-01 10:43:07 - serialCaptureWorker - INFO - Setting temperature to 70.00°
2024-11-01 10:43:07 - testBoardWorker - INFO - test board thread is running
2024-11-01 10:43:07 - __main__ - INFO - test board worker temporarily deleted
2024-11-01 10:43:07 - __main__ - INFO - cli worker started
2024-11-01 10:43:07 - cliWorker - INFO - cli worker connected to arduino port: COM7
2024-11-01 10:43:07 - serialCaptureWorker - INFO - Manual temp set to 70.00
2024-11-01 10:43:08 - serialCaptureWorker - INFO - Duration: 60000
2024-11-01 10:43:08 - serialCaptureWorker - INFO - sent command: SHOW DATA
2024-11-01 10:43:08 - serialCaptureWorker - INFO - arduino says: Room_temp: 21.31 | Desired_temp: 70 | Heater: 0 | Cooler: 0 | LH Indicator: 0
2024-11-01 10:43:08 - cliWorker - INFO - cli worker thread is running
2024-11-01 10:43:08 - cliWorker - INFO - running test with testdata filepath: C:/Users/owenk/OneDrive/Desktop/Arduino/temperature chamber/temperature_chamber/tests/alphabet/alphabet_test.json
2024-11-01 10:43:10 - cliWorker - INFO - command succeeded: arduino-cli board list --format json
2024-11-01 10:43:10 - cliWorker - INFO - detected fqbn: arduino:avr:uno
2024-11-01 10:43:12 - cliWorker - INFO - command succeeded: arduino-cli core list
2024-11-01 10:43:12 - cliWorker - INFO - core arduino is already installed.
2024-11-01 10:43:12 - cliWorker - INFO - compiling sketch for the board with fqbn arduino:avr:uno...
2024-11-01 10:43:13 - serialCaptureWorker - INFO - sent command: SHOW DATA
2024-11-01 10:43:13 - serialCaptureWorker - INFO - arduino says: Room_temp: 21.31 | Desired_temp: 70 | Heater: 0 | Cooler: 0 | LH Indicator: 0
2024-11-01 10:43:16 - cliWorker - INFO - command succeeded: arduino-cli compile --fqbn arduino:avr:uno C:/Users/owenk/OneDrive/Desktop/Arduino/temperature chamber/temperature_chamber/tests/alphabet/alphabet.ino
2024-11-01 10:43:16 - cliWorker - INFO - compilation successful!
2024-11-01 10:43:16 - cliWorker - INFO - uploading sketch to board with fqbn arduino:avr:uno on port COM7...
2024-11-01 10:43:18 - serialCaptureWorker - INFO - sent command: SHOW DATA
2024-11-01 10:43:18 - serialCaptureWorker - INFO - arduino says: Room_temp: 21.31 | Desired_temp: 70 | Heater: 0 | Cooler: 0 | LH Indicator: 0
2024-11-01 10:43:20 - cliWorker - INFO - command succeeded: arduino-cli upload -p COM7 --fqbn arduino:avr:uno C:/Users/owenk/OneDrive/Desktop/Arduino/temperature chamber/temperature_chamber/tests/alphabet/alphabet.ino
2024-11-01 10:43:20 - cliWorker - INFO - upload successful!
2024-11-01 10:43:23 - cliWorker - WARNING - boards already detected: skipping new detect request
2024-11-01 10:43:23 - cliWorker - WARNING - failed to detect board on port COM7.
2024-11-01 10:43:23 - __main__ - INFO - cli worker quit
2024-11-01 10:43:23 - __main__ - INFO - cli worker deleted
2024-11-01 10:43:23 - serialCaptureWorker - INFO - sent command: SHOW DATA
2024-11-01 10:43:23 - serialCaptureWorker - INFO - arduino says: Room_temp: 21.31 | Desired_temp: 70 | Heater: 0 | Cooler: 0 | LH Indicator: 0
2024-11-01 11:23:57 - __main__ - INFO - app started
2024-11-01 11:23:57 - portSelector - INFO - ports refreshed
2024-11-01 11:24:02 - testBoardWorker - INFO - test board worker connected to arduino port: COM7
2024-11-01 11:24:02 - serialCaptureWorker - INFO - connected to arduino port: COM15
2024-11-01 11:24:03 - testBoardWorker - INFO - test board thread is running
2024-11-01 11:24:03 - serialCaptureWorker - INFO - thread is running
2024-11-01 11:24:06 - jsonFunctionality - INFO - C:/Users/owenk/OneDrive/Desktop/Arduino/temperature chamber/temperature_chamber/tests/alphabet/alphabet_test.json
2024-11-01 11:24:06 - jsonFunctionality - INFO - test directory updated to: C:\Users\owenk\OneDrive\Desktop\Arduino\temperature chamber\temperature_chamber\tests but with correct forward slashes
2024-11-01 11:24:08 - serialCaptureWorker - INFO - sent command: SHOW DATA
2024-11-01 11:24:08 - serialCaptureWorker - INFO - arduino says: Room_temp: 21.12 | Desired_temp: - | Heater: 0 | Cooler: 0 | LH Indicator: 0
2024-11-01 11:24:09 - __main__ - INFO - test starting
2024-11-01 11:24:09 - serialCaptureWorker - INFO - all tests: ['test_1', 'test_2']
2024-11-01 11:24:09 - serialCaptureWorker - INFO - test data for test_1: {'chamber_sequences': [{'temp': 50, 'duration': 60000}, {'temp': 40, 'duration': 60000}], 'sketch': './alphabet.ino', 'expected_output': 'ABCDEFGHIJKLMNOPQRSTUVWXYZ'}
2024-11-01 11:24:09 - serialCaptureWorker - INFO - sent to arduino: {"temp": 50, "duration": 60000}
2024-11-01 11:24:09 - serialCaptureWorker - INFO - sending sequence {'temp': 50, 'duration': 60000} for test test_1
2024-11-01 11:24:09 - serialCaptureWorker - INFO - sent to arduino: {"temp": 40, "duration": 60000}
2024-11-01 11:24:09 - serialCaptureWorker - INFO - sending sequence {'temp': 40, 'duration': 60000} for test test_1
2024-11-01 11:24:09 - serialCaptureWorker - INFO - test data for test_2: {'chamber_sequences': [{'temp': 60, 'duration': 60000}, {'temp': 70, 'duration': 60000}], 'sketch': './alphabet.ino', 'expected output': 'ABCDEFGHIJKLMNOPQRSTUVWXYZ'}
2024-11-01 11:24:09 - serialCaptureWorker - INFO - sent to arduino: {"temp": 60, "duration": 60000}
2024-11-01 11:24:09 - serialCaptureWorker - INFO - sending sequence {'temp': 60, 'duration': 60000} for test test_2
2024-11-01 11:24:09 - serialCaptureWorker - INFO - sent to arduino: {"temp": 70, "duration": 60000}
2024-11-01 11:24:09 - serialCaptureWorker - INFO - sending sequence {'temp': 70, 'duration': 60000} for test test_2
2024-11-01 11:24:09 - testBoardWorker - INFO - connection to COM7 closed now
2024-11-01 11:49:20 - __main__ - INFO - app started
2024-11-01 11:49:20 - portSelector - INFO - ports refreshed
