2024-10-30 09:37:53 - __main__ - INFO - app started
2024-10-30 09:38:13 - jsonFunctionality - INFO - C:/Users/owenk/OneDrive/Desktop/Arduino/temperature chamber/temperature_chamber/tests/alphabet/alphabet_test.json
2024-10-30 09:38:13 - jsonFunctionality - INFO - test directory updated to: C:\Users\owenk\OneDrive\Desktop\Arduino\temperature chamber\temperature_chamber\tests but with correct forward slashes
2024-10-30 09:41:02 - __main__ - INFO - app started
2024-10-30 09:48:05 - __main__ - INFO - app started
2024-10-30 09:48:37 - testBoardWorker - INFO - test board worker connected to arduino port: COM7
2024-10-30 09:48:37 - serialCaptureWorker - INFO - connected to arduino port: COM15
2024-10-30 09:48:38 - testBoardWorker - INFO - test board thread is running
2024-10-30 09:48:38 - serialCaptureWorker - INFO - thread is running
2024-10-30 09:48:43 - serialCaptureWorker - INFO - sent command: SHOW DATA
2024-10-30 09:48:44 - serialCaptureWorker - INFO - arduino says: Room_temp: 20.94 | Desired_temp: - | Heater: 0 | Cooler: 0 | LH Indicator: 0
2024-10-30 09:48:49 - serialCaptureWorker - INFO - sent command: SHOW DATA
2024-10-30 09:48:49 - serialCaptureWorker - INFO - arduino says: Room_temp: 20.91 | Desired_temp: - | Heater: 0 | Cooler: 0 | LH Indicator: 0
2024-10-30 09:48:52 - testBoardWorker - INFO - test worker thread is running
2024-10-30 09:48:54 - manualTab - INFO - [{'temp': 33.0, 'duration': 120000}]
2024-10-30 09:48:54 - serialCaptureWorker - INFO - [{'duration': 120000, 'temp': 33.0}]
2024-10-30 09:48:54 - serialCaptureWorker - INFO - sent to arduino: {"duration": 120000, "temp": 33.0}
2024-10-30 09:48:54 - manualTab - INFO - sent to arduino: [{'temp': 33.0, 'duration': 120000}]
2024-10-30 09:48:54 - serialCaptureWorker - INFO - Setting temperature to 33.00°
2024-10-30 09:48:54 - serialCaptureWorker - INFO - sent command: SHOW DATA
2024-10-30 09:48:54 - serialCaptureWorker - INFO - arduino says: Room_temp: 20.94 | Desired_temp: 33 | Heater: 0 | Cooler: 0 | LH Indicator: 0
2024-10-30 09:48:59 - serialCaptureWorker - INFO - sent command: SHOW DATA
2024-10-30 09:48:59 - serialCaptureWorker - INFO - arduino says: Room_temp: 20.94 | Desired_temp: 33 | Heater: 0 | Cooler: 0 | LH Indicator: 0
2024-10-30 09:49:02 - jsonFunctionality - INFO - C:/Users/owenk/OneDrive/Desktop/Arduino/temperature chamber/temperature_chamber/tests/alphabet/alphabet_test.json
2024-10-30 09:49:02 - jsonFunctionality - INFO - test directory updated to: C:\Users\owenk\OneDrive\Desktop\Arduino\temperature chamber\temperature_chamber\tests but with correct forward slashes
2024-10-30 09:49:04 - serialCaptureWorker - INFO - sent to arduino: {"test_1": {"chamber_sequences": [{"temp": 50, "duration": 60000}, {"temp": 40, "duration": 60000}], "sketch": "./alphabet.ino", "expected output": "ABCDEFGHIJKLMNOPQRSTUVWXYZ"}}
2024-10-30 09:49:04 - serialCaptureWorker - INFO - sending full test test_1
2024-10-30 09:49:04 - serialCaptureWorker - INFO - sent to arduino: {"test_2": {"chamber_sequences": [{"temp": 60, "duration": 60000}, {"temp": 70, "duration": 60000}], "sketch": "./alphabet.ino", "expected output": "ABCDEFGHIJKLMNOPQRSTUVWXYZ"}}
2024-10-30 09:49:04 - serialCaptureWorker - INFO - sending full test test_2
2024-10-30 09:49:04 - testBoardWorker - INFO - test worker thread is running
2024-10-30 09:49:04 - testBoardWorker - INFO - connection to COM7 closed now
2024-10-30 09:49:04 - __main__ - INFO - test board worker temporarily deleted
2024-10-30 09:49:04 - cliWorker - INFO - cli worker connected to arduino port: COM7
2024-10-30 09:49:04 - serialCaptureWorker - INFO - sent command: SHOW DATA
2024-10-30 09:49:04 - serialCaptureWorker - INFO - arduino says: Setting temperature to 50.00°
2024-10-30 09:49:05 - serialCaptureWorker - INFO - Error: Invalid JSON format
2024-10-30 09:49:05 - serialCaptureWorker - INFO - Running sequence: Target temp = 50.00 Duration = 60000
2024-10-30 09:49:05 - serialCaptureWorker - INFO - Waiting for target temp to be reached
2024-10-30 09:49:05 - serialCaptureWorker - INFO - Room_temp: 20.94 | Desired_temp: 50 | Heater: 0 | Cooler: 0 | LH Indicator: 0
2024-10-30 09:49:05 - cliWorker - INFO - cli worker thread is running
2024-10-30 09:49:05 - cliWorker - INFO - running test with testdata filepath: C:/Users/owenk/OneDrive/Desktop/Arduino/temperature chamber/temperature_chamber/tests/alphabet/alphabet_test.json
2024-10-30 09:49:07 - cliWorker - INFO - command succeeded: arduino-cli board list --format json
2024-10-30 09:49:07 - cliWorker - INFO - detected fqbn: arduino:avr:uno
2024-10-30 09:49:08 - cliWorker - INFO - command succeeded: arduino-cli core list
2024-10-30 09:49:08 - cliWorker - INFO - core arduino is already installed.
2024-10-30 09:49:08 - cliWorker - INFO - compiling sketch for the board with fqbn arduino:avr:uno...
2024-10-30 09:49:10 - serialCaptureWorker - INFO - sent command: SHOW DATA
2024-10-30 09:49:10 - serialCaptureWorker - INFO - arduino says: Room_temp: 20.94 | Desired_temp: 50 | Heater: 1 | Cooler: 0 | LH Indicator: 1
2024-10-30 09:49:13 - cliWorker - INFO - command succeeded: arduino-cli compile --fqbn arduino:avr:uno C:/Users/owenk/OneDrive/Desktop/Arduino/temperature chamber/temperature_chamber/tests/alphabet/alphabet.ino
2024-10-30 09:49:13 - cliWorker - INFO - compilation successful!
2024-10-30 09:49:13 - cliWorker - INFO - uploading sketch to board with fqbn arduino:avr:uno on port COM7...
2024-10-30 09:49:15 - serialCaptureWorker - INFO - sent command: SHOW DATA
2024-10-30 09:49:16 - serialCaptureWorker - INFO - arduino says: Room_temp: 20.97 | Desired_temp: 50 | Heater: 1 | Cooler: 0 | LH Indicator: 1
2024-10-30 09:49:17 - cliWorker - INFO - command succeeded: arduino-cli upload -p COM7 --fqbn arduino:avr:uno C:/Users/owenk/OneDrive/Desktop/Arduino/temperature chamber/temperature_chamber/tests/alphabet/alphabet.ino
2024-10-30 09:49:17 - cliWorker - INFO - upload successful!
2024-10-30 09:49:20 - cliWorker - WARNING - boards already detected: skipping new detect request
2024-10-30 09:49:20 - cliWorker - WARNING - failed to detect board on port COM7.
2024-10-30 09:49:20 - __main__ - INFO - cli worker quit
2024-10-30 09:49:20 - __main__ - INFO - cli worker deleted
2024-10-30 09:49:21 - serialCaptureWorker - INFO - sent command: SHOW DATA
2024-10-30 09:49:21 - serialCaptureWorker - INFO - arduino says: Room_temp: 20.97 | Desired_temp: 50 | Heater: 1 | Cooler: 0 | LH Indicator: 1
2024-10-30 09:49:22 - __main__ - INFO - test board worker restarted
2024-10-30 09:49:22 - testBoardWorker - INFO - test board worker connected to arduino port: COM7
2024-10-30 09:49:23 - testBoardWorker - INFO - test board thread is running
2024-10-30 09:49:26 - serialCaptureWorker - INFO - sent command: SHOW DATA
2024-10-30 09:49:26 - serialCaptureWorker - INFO - arduino says: Room_temp: 20.97 | Desired_temp: 50 | Heater: 1 | Cooler: 0 | LH Indicator: 1
2024-10-30 09:49:31 - serialCaptureWorker - INFO - sent command: SHOW DATA
2024-10-30 09:49:31 - serialCaptureWorker - INFO - arduino says: Room_temp: 20.97 | Desired_temp: 50 | Heater: 1 | Cooler: 0 | LH Indicator: 1
2024-10-30 09:49:36 - testBoardWorker - INFO - test worker thread is running
2024-10-30 09:49:36 - serialCaptureWorker - INFO - sent command: SHOW DATA
2024-10-30 09:49:36 - serialCaptureWorker - INFO - arduino says: Room_temp: 20.97 | Desired_temp: 50 | Heater: 1 | Cooler: 0 | LH Indicator: 1
2024-10-30 09:49:41 - serialCaptureWorker - INFO - sent command: SHOW DATA
2024-10-30 09:49:42 - serialCaptureWorker - INFO - arduino says: Room_temp: 20.94 | Desired_temp: 50 | Heater: 1 | Cooler: 0 | LH Indicator: 1
2024-10-30 09:49:47 - serialCaptureWorker - INFO - sent command: SHOW DATA
2024-10-30 09:49:47 - manualTab - INFO - [{'temp': 77.0, 'duration': 180000}]
2024-10-30 09:49:47 - serialCaptureWorker - INFO - arduino says: Room_temp: 20.97 | Desired_temp: 50 | Heater: 1 | Cooler: 0 | LH Indicator: 1
2024-10-30 09:49:50 - testBoardWorker - INFO - test worker thread is running
2024-10-30 09:49:52 - serialCaptureWorker - INFO - sent command: SHOW DATA
2024-10-30 09:49:52 - serialCaptureWorker - INFO - arduino says: Room_temp: 20.97 | Desired_temp: 50 | Heater: 1 | Cooler: 0 | LH Indicator: 1
2024-10-30 09:49:53 - serialCaptureWorker - INFO - [{'duration': 180000, 'temp': 77.0}]
2024-10-30 09:49:53 - serialCaptureWorker - INFO - sent to arduino: {"duration": 180000, "temp": 77.0}
2024-10-30 09:49:53 - manualTab - INFO - sent to arduino: [{'temp': 77.0, 'duration': 180000}]
2024-10-30 09:49:53 - serialCaptureWorker - INFO - Setting temperature to 77.00°
2024-10-30 09:49:53 - serialCaptureWorker - INFO - sent command: SHOW DATA
2024-10-30 09:49:53 - serialCaptureWorker - INFO - arduino says: Room_temp: 20.97 | Desired_temp: 77 | Heater: 1 | Cooler: 0 | LH Indicator: 1
2024-10-30 09:49:58 - serialCaptureWorker - INFO - sent command: SHOW DATA
2024-10-30 09:49:58 - serialCaptureWorker - INFO - arduino says: Room_temp: 20.97 | Desired_temp: 77 | Heater: 1 | Cooler: 0 | LH Indicator: 1
2024-10-30 09:50:03 - serialCaptureWorker - INFO - sent command: SHOW DATA
2024-10-30 09:50:04 - serialCaptureWorker - INFO - arduino says: Room_temp: 20.97 | Desired_temp: 77 | Heater: 1 | Cooler: 0 | LH Indicator: 1
2024-10-30 09:50:04 - testBoardWorker - INFO - test worker thread is running
2024-10-30 09:50:06 - serialCaptureWorker - INFO - sent to arduino: {"test_1": {"chamber_sequences": [{"temp": 50, "duration": 60000}, {"temp": 40, "duration": 60000}], "sketch": "./alphabet.ino", "expected output": "ABCDEFGHIJKLMNOPQRSTUVWXYZ"}}
2024-10-30 09:50:06 - serialCaptureWorker - INFO - sending full test test_1
2024-10-30 09:50:06 - serialCaptureWorker - INFO - sent to arduino: {"test_2": {"chamber_sequences": [{"temp": 60, "duration": 60000}, {"temp": 70, "duration": 60000}], "sketch": "./alphabet.ino", "expected output": "ABCDEFGHIJKLMNOPQRSTUVWXYZ"}}
2024-10-30 09:50:06 - serialCaptureWorker - INFO - sending full test test_2
2024-10-30 09:50:06 - testBoardWorker - INFO - connection to COM7 closed now
2024-10-30 09:50:06 - __main__ - INFO - test board worker temporarily deleted
2024-10-30 09:50:06 - cliWorker - INFO - cli worker connected to arduino port: COM7
2024-10-30 09:50:06 - serialCaptureWorker - INFO - Setting temperature to 50.00°
2024-10-30 09:50:06 - serialCaptureWorker - INFO - sent command: SHOW DATA
2024-10-30 09:50:07 - serialCaptureWorker - INFO - Error: Invalid JSON format
2024-10-30 09:50:07 - serialCaptureWorker - INFO - Room_temp: 20.97 | Desired_temp: 50 | Heater: 1 | Cooler: 0 | LH Indicator: 1
2024-10-30 09:50:07 - cliWorker - INFO - cli worker thread is running
2024-10-30 09:50:07 - cliWorker - INFO - running test with testdata filepath: C:/Users/owenk/OneDrive/Desktop/Arduino/temperature chamber/temperature_chamber/tests/alphabet/alphabet_test.json
2024-10-30 09:50:09 - cliWorker - INFO - command succeeded: arduino-cli board list --format json
2024-10-30 09:50:09 - cliWorker - INFO - detected fqbn: arduino:avr:uno
2024-10-30 09:50:10 - cliWorker - INFO - command succeeded: arduino-cli core list
2024-10-30 09:50:10 - cliWorker - INFO - core arduino is already installed.
2024-10-30 09:50:10 - cliWorker - INFO - compiling sketch for the board with fqbn arduino:avr:uno...
2024-10-30 09:50:12 - serialCaptureWorker - INFO - sent command: SHOW DATA
2024-10-30 09:50:12 - serialCaptureWorker - INFO - arduino says: Room_temp: 20.97 | Desired_temp: 50 | Heater: 1 | Cooler: 0 | LH Indicator: 1
2024-10-30 09:50:13 - cliWorker - INFO - command succeeded: arduino-cli compile --fqbn arduino:avr:uno C:/Users/owenk/OneDrive/Desktop/Arduino/temperature chamber/temperature_chamber/tests/alphabet/alphabet.ino
2024-10-30 09:50:13 - cliWorker - INFO - compilation successful!
2024-10-30 09:50:14 - cliWorker - INFO - uploading sketch to board with fqbn arduino:avr:uno on port COM7...
2024-10-30 09:50:17 - serialCaptureWorker - INFO - sent command: SHOW DATA
2024-10-30 09:50:17 - serialCaptureWorker - INFO - arduino says: Room_temp: 20.97 | Desired_temp: 50 | Heater: 1 | Cooler: 0 | LH Indicator: 1
2024-10-30 09:50:18 - cliWorker - INFO - command succeeded: arduino-cli upload -p COM7 --fqbn arduino:avr:uno C:/Users/owenk/OneDrive/Desktop/Arduino/temperature chamber/temperature_chamber/tests/alphabet/alphabet.ino
2024-10-30 09:50:18 - cliWorker - INFO - upload successful!
2024-10-30 09:50:20 - cliWorker - WARNING - boards already detected: skipping new detect request
2024-10-30 09:50:20 - cliWorker - WARNING - failed to detect board on port COM7.
2024-10-30 09:50:20 - __main__ - INFO - cli worker quit
2024-10-30 09:50:20 - __main__ - INFO - cli worker deleted
2024-10-30 09:50:22 - __main__ - INFO - test board worker restarted
2024-10-30 09:50:22 - testBoardWorker - INFO - test board worker connected to arduino port: COM7
2024-10-30 09:50:22 - serialCaptureWorker - INFO - sent command: SHOW DATA
2024-10-30 09:50:22 - serialCaptureWorker - INFO - arduino says: Room_temp: 20.97 | Desired_temp: 50 | Heater: 1 | Cooler: 0 | LH Indicator: 1
2024-10-30 09:50:23 - testBoardWorker - INFO - test board thread is running
2024-10-30 09:50:28 - serialCaptureWorker - INFO - sent command: SHOW DATA
2024-10-30 09:50:28 - serialCaptureWorker - INFO - arduino says: Room_temp: 20.97 | Desired_temp: 50 | Heater: 1 | Cooler: 0 | LH Indicator: 1
2024-10-30 09:50:33 - serialCaptureWorker - INFO - sent command: SHOW DATA
2024-10-30 09:50:33 - serialCaptureWorker - INFO - arduino says: Room_temp: 20.97 | Desired_temp: 50 | Heater: 1 | Cooler: 0 | LH Indicator: 1
2024-10-30 09:50:36 - testBoardWorker - INFO - test worker thread is running
2024-10-30 09:50:38 - serialCaptureWorker - INFO - sent command: SHOW DATA
2024-10-30 09:50:38 - serialCaptureWorker - INFO - arduino says: Room_temp: 20.97 | Desired_temp: 50 | Heater: 1 | Cooler: 0 | LH Indicator: 1
2024-10-30 09:50:41 - serialCaptureWorker - INFO - sent to arduino: {"test_1": {"chamber_sequences": [{"temp": 50, "duration": 60000}, {"temp": 40, "duration": 60000}], "sketch": "./alphabet.ino", "expected output": "ABCDEFGHIJKLMNOPQRSTUVWXYZ"}}
2024-10-30 09:50:41 - serialCaptureWorker - INFO - sending full test test_1
2024-10-30 09:50:41 - serialCaptureWorker - INFO - sent to arduino: {"test_2": {"chamber_sequences": [{"temp": 60, "duration": 60000}, {"temp": 70, "duration": 60000}], "sketch": "./alphabet.ino", "expected output": "ABCDEFGHIJKLMNOPQRSTUVWXYZ"}}
2024-10-30 09:50:41 - serialCaptureWorker - INFO - sending full test test_2
2024-10-30 09:50:41 - testBoardWorker - INFO - connection to COM7 closed now
2024-10-30 09:50:41 - __main__ - INFO - test board worker temporarily deleted
2024-10-30 09:50:41 - cliWorker - INFO - cli worker connected to arduino port: COM7
2024-10-30 09:50:41 - serialCaptureWorker - INFO - Setting temperature to 50.00°
2024-10-30 09:50:41 - serialCaptureWorker - INFO - sent command: SHOW DATA
2024-10-30 09:50:42 - serialCaptureWorker - INFO - Error: Invalid JSON format
2024-10-30 09:50:42 - serialCaptureWorker - INFO - Room_temp: 20.97 | Desired_temp: 50 | Heater: 1 | Cooler: 0 | LH Indicator: 1
2024-10-30 09:50:42 - cliWorker - INFO - cli worker thread is running
2024-10-30 09:50:42 - cliWorker - INFO - running test with testdata filepath: C:/Users/owenk/OneDrive/Desktop/Arduino/temperature chamber/temperature_chamber/tests/alphabet/alphabet_test.json
2024-10-30 09:50:45 - cliWorker - INFO - command succeeded: arduino-cli board list --format json
2024-10-30 09:50:45 - cliWorker - INFO - detected fqbn: arduino:avr:uno
2024-10-30 09:50:46 - cliWorker - INFO - command succeeded: arduino-cli core list
2024-10-30 09:50:46 - cliWorker - INFO - core arduino is already installed.
2024-10-30 09:50:46 - cliWorker - INFO - compiling sketch for the board with fqbn arduino:avr:uno...
2024-10-30 09:50:47 - serialCaptureWorker - INFO - sent command: SHOW DATA
2024-10-30 09:50:47 - serialCaptureWorker - INFO - arduino says: Room_temp: 20.97 | Desired_temp: 50 | Heater: 1 | Cooler: 0 | LH Indicator: 1
2024-10-30 09:50:49 - cliWorker - INFO - command succeeded: arduino-cli compile --fqbn arduino:avr:uno C:/Users/owenk/OneDrive/Desktop/Arduino/temperature chamber/temperature_chamber/tests/alphabet/alphabet.ino
2024-10-30 09:50:49 - cliWorker - INFO - compilation successful!
2024-10-30 09:50:50 - cliWorker - INFO - uploading sketch to board with fqbn arduino:avr:uno on port COM7...
2024-10-30 09:50:51 - manualTab - INFO - [{'temp': 88.0, 'duration': 240000}]
2024-10-30 09:50:52 - serialCaptureWorker - INFO - sent command: SHOW DATA
2024-10-30 09:50:52 - serialCaptureWorker - INFO - arduino says: Room_temp: 20.97 | Desired_temp: 50 | Heater: 1 | Cooler: 0 | LH Indicator: 1
2024-10-30 09:50:53 - serialCaptureWorker - INFO - [{'duration': 240000, 'temp': 88.0}]
2024-10-30 09:50:53 - serialCaptureWorker - INFO - sent to arduino: {"duration": 240000, "temp": 88.0}
2024-10-30 09:50:53 - manualTab - INFO - sent to arduino: [{'temp': 88.0, 'duration': 240000}]
2024-10-30 09:50:53 - serialCaptureWorker - INFO - Setting temperature to 88.00°
2024-10-30 09:50:53 - serialCaptureWorker - INFO - Manual temp set to 88.00
2024-10-30 09:50:53 - serialCaptureWorker - INFO - Duration: 240000
2024-10-30 09:50:53 - serialCaptureWorker - INFO - sent command: SHOW DATA
2024-10-30 09:50:53 - serialCaptureWorker - INFO - arduino says: Room_temp: 21.00 | Desired_temp: 88 | Heater: 1 | Cooler: 0 | LH Indicator: 1
2024-10-30 09:50:54 - cliWorker - INFO - command succeeded: arduino-cli upload -p COM7 --fqbn arduino:avr:uno C:/Users/owenk/OneDrive/Desktop/Arduino/temperature chamber/temperature_chamber/tests/alphabet/alphabet.ino
2024-10-30 09:50:54 - cliWorker - INFO - upload successful!
2024-10-30 09:50:56 - cliWorker - WARNING - boards already detected: skipping new detect request
2024-10-30 09:50:56 - cliWorker - WARNING - failed to detect board on port COM7.
2024-10-30 09:50:56 - __main__ - INFO - cli worker quit
2024-10-30 09:50:56 - __main__ - INFO - cli worker deleted
2024-10-30 09:50:58 - __main__ - INFO - test board worker restarted
2024-10-30 09:50:58 - testBoardWorker - INFO - test board worker connected to arduino port: COM7
2024-10-30 09:50:58 - serialCaptureWorker - INFO - sent command: SHOW DATA
2024-10-30 09:50:58 - serialCaptureWorker - INFO - arduino says: Room_temp: 21.00 | Desired_temp: 88 | Heater: 1 | Cooler: 0 | LH Indicator: 1
2024-10-30 09:50:59 - testBoardWorker - INFO - test board thread is running
2024-10-30 09:51:04 - serialCaptureWorker - INFO - sent command: SHOW DATA
2024-10-30 09:51:04 - serialCaptureWorker - INFO - arduino says: Room_temp: 21.00 | Desired_temp: 88 | Heater: 1 | Cooler: 0 | LH Indicator: 1
2024-10-30 09:51:09 - serialCaptureWorker - INFO - sent command: SHOW DATA
2024-10-30 09:51:09 - serialCaptureWorker - INFO - arduino says: Room_temp: 20.97 | Desired_temp: 88 | Heater: 1 | Cooler: 0 | LH Indicator: 1
2024-10-30 09:51:12 - testBoardWorker - INFO - test worker thread is running
2024-10-30 09:51:14 - serialCaptureWorker - INFO - sent command: SHOW DATA
2024-10-30 09:51:14 - serialCaptureWorker - INFO - arduino says: Room_temp: 21.00 | Desired_temp: 88 | Heater: 1 | Cooler: 0 | LH Indicator: 1
2024-10-30 09:51:19 - serialCaptureWorker - INFO - sent command: SHOW DATA
2024-10-30 09:51:19 - serialCaptureWorker - INFO - arduino says: Room_temp: 21.00 | Desired_temp: 88 | Heater: 1 | Cooler: 0 | LH Indicator: 1
2024-10-30 09:51:24 - serialCaptureWorker - INFO - sent command: SHOW DATA
2024-10-30 09:51:25 - serialCaptureWorker - INFO - arduino says: Room_temp: 20.97 | Desired_temp: 88 | Heater: 1 | Cooler: 0 | LH Indicator: 1
2024-10-30 09:51:26 - testBoardWorker - INFO - test worker thread is running
2024-10-30 09:51:30 - serialCaptureWorker - INFO - sent command: SHOW DATA
2024-10-30 09:51:30 - serialCaptureWorker - INFO - arduino says: Room_temp: 20.97 | Desired_temp: 88 | Heater: 1 | Cooler: 0 | LH Indicator: 1
2024-10-30 09:51:35 - serialCaptureWorker - INFO - sent command: SHOW DATA
2024-10-30 09:51:35 - serialCaptureWorker - INFO - arduino says: Room_temp: 21.00 | Desired_temp: 88 | Heater: 1 | Cooler: 0 | LH Indicator: 1
2024-10-30 09:51:40 - serialCaptureWorker - INFO - sent command: SHOW DATA
2024-10-30 09:51:40 - serialCaptureWorker - INFO - arduino says: Room_temp: 21.00 | Desired_temp: 88 | Heater: 1 | Cooler: 0 | LH Indicator: 1
2024-10-30 09:51:40 - testBoardWorker - INFO - test worker thread is running
2024-10-30 09:51:45 - serialCaptureWorker - INFO - sent command: SHOW DATA
2024-10-30 09:51:45 - serialCaptureWorker - INFO - arduino says: Room_temp: 21.00 | Desired_temp: 88 | Heater: 1 | Cooler: 0 | LH Indicator: 1
2024-10-30 09:51:50 - serialCaptureWorker - INFO - sent command: SHOW DATA
2024-10-30 09:51:51 - serialCaptureWorker - INFO - arduino says: Room_temp: 21.00 | Desired_temp: 88 | Heater: 1 | Cooler: 0 | LH Indicator: 1
2024-10-30 09:51:54 - testBoardWorker - INFO - test worker thread is running
2024-10-30 09:51:56 - serialCaptureWorker - INFO - sent command: SHOW DATA
2024-10-30 09:51:56 - serialCaptureWorker - INFO - arduino says: Room_temp: 21.00 | Desired_temp: 88 | Heater: 1 | Cooler: 0 | LH Indicator: 1
2024-10-30 09:51:57 - serialCaptureWorker - INFO - connection to COM15 closed
2024-10-30 09:51:57 - testBoardWorker - INFO - connection to COM7 closed now
2024-10-30 09:58:29 - __main__ - INFO - app started
2024-10-30 10:07:17 - __main__ - INFO - app started
2024-10-30 11:11:49 - __main__ - INFO - app started
2024-10-30 11:11:49 - portSelector - INFO - ports refreshed
2024-10-30 11:13:02 - __main__ - INFO - app started
2024-10-30 11:13:02 - portSelector - INFO - ports refreshed
2024-10-30 11:22:51 - __main__ - INFO - app started
2024-10-30 11:22:51 - portSelector - INFO - ports refreshed
2024-10-30 11:29:40 - __main__ - INFO - app started
2024-10-30 11:29:40 - portSelector - INFO - ports refreshed
2024-10-30 11:30:39 - __main__ - INFO - app started
2024-10-30 11:30:39 - portSelector - INFO - ports refreshed
2024-10-30 11:33:56 - __main__ - INFO - app started
2024-10-30 11:33:56 - portSelector - INFO - ports refreshed
2024-10-30 11:39:24 - __main__ - INFO - app started
2024-10-30 11:39:24 - portSelector - INFO - ports refreshed
2024-10-30 11:40:30 - __main__ - INFO - app started
2024-10-30 11:40:30 - portSelector - INFO - ports refreshed
2024-10-30 11:43:30 - __main__ - INFO - app started
2024-10-30 11:43:30 - portSelector - INFO - ports refreshed
2024-10-30 11:44:13 - __main__ - INFO - app started
2024-10-30 11:44:13 - portSelector - INFO - ports refreshed
