2024-10-25 14:22:03 - testBoardWorker - ERROR - error
Traceback (most recent call last):
  File "C:\Users\owenk\OneDrive\Desktop\Arduino\temperature chamber\temperature_chamber\interface\pyqt5\t-chamber\testBoardWorker.py", line 32, in serial_setup
    self.ser = serial.Serial(self.port, self.baudrate, timeout=self.timeout)
               ^^^^^^^^^^^^^^^^^^^^^^^^^^^^^^^^^^^^^^^^^^^^^^^^^^^^^^^^^^^^^
  File "C:\Users\owenk\anaconda3\Lib\site-packages\serial\serialwin32.py", line 33, in __init__
    super(Serial, self).__init__(*args, **kwargs)
  File "C:\Users\owenk\anaconda3\Lib\site-packages\serial\serialutil.py", line 244, in __init__
    self.open()
  File "C:\Users\owenk\anaconda3\Lib\site-packages\serial\serialwin32.py", line 64, in open
    raise SerialException("could not open port {!r}: {!r}".format(self.portstr, ctypes.WinError()))
serial.serialutil.SerialException: could not open port 'COM7': FileNotFoundError(2, 'The system cannot find the file specified.', None, 2)
2024-10-25 14:22:03 - testBoardWorker - ERROR - test board worker failed to connect to COM7
2024-10-25 14:22:03 - serialCaptureWorker - ERROR - error
Traceback (most recent call last):
  File "C:\Users\owenk\OneDrive\Desktop\Arduino\temperature chamber\temperature_chamber\interface\pyqt5\t-chamber\serialCaptureWorker.py", line 35, in serial_setup
    self.ser = serial.Serial(self.port, self.baudrate, timeout=self.timeout)
               ^^^^^^^^^^^^^^^^^^^^^^^^^^^^^^^^^^^^^^^^^^^^^^^^^^^^^^^^^^^^^
  File "C:\Users\owenk\anaconda3\Lib\site-packages\serial\serialwin32.py", line 33, in __init__
    super(Serial, self).__init__(*args, **kwargs)
  File "C:\Users\owenk\anaconda3\Lib\site-packages\serial\serialutil.py", line 244, in __init__
    self.open()
  File "C:\Users\owenk\anaconda3\Lib\site-packages\serial\serialwin32.py", line 64, in open
    raise SerialException("could not open port {!r}: {!r}".format(self.portstr, ctypes.WinError()))
serial.serialutil.SerialException: could not open port 'COM15': FileNotFoundError(2, 'The system cannot find the file specified.', None, 2)
2024-10-25 14:22:03 - serialCaptureWorker - ERROR - failed to connect to COM15
