2024-10-15 14:26:01,957 - ERROR - error: could not open port 'COM5': OSError(22, 'The semaphore timeout period has expired.', None, 121)
2024-10-15 14:26:02,015 - INFO - thread is running
2024-10-15 14:26:07,136 - ERROR - error: could not open port 'COM5': OSError(22, 'The semaphore timeout period has expired.', None, 121)
2024-10-15 14:26:07,168 - INFO - thread is running
2024-10-15 14:28:09,500 - WARNING - serial communication is not open
2024-10-15 14:28:09,500 - INFO - running {'temp': 50, 'duration': 60000}
2024-10-15 14:28:09,500 - WARNING - serial communication is not open
2024-10-15 14:28:09,500 - INFO - running {'temp': 40, 'duration': 60000}
2024-10-15 14:28:09,506 - WARNING - serial communication is not open
2024-10-15 14:28:09,506 - INFO - running {'temp': 50, 'duration': 60000}
2024-10-15 14:28:09,506 - WARNING - serial communication is not open
2024-10-15 14:28:09,506 - INFO - running {'temp': 40, 'duration': 60000}
2024-10-15 14:30:19,118 - ERROR - error: could not open port 'COM5': OSError(22, 'The semaphore timeout period has expired.', None, 121)
2024-10-15 14:30:19,119 - INFO - thread is running
2024-10-15 14:30:24,241 - ERROR - error: could not open port 'COM5': OSError(22, 'The semaphore timeout period has expired.', None, 121)
2024-10-15 14:30:24,264 - INFO - thread is running
2024-10-15 14:30:45,393 - INFO - [{'temp': 12.0, 'duration': 60000}]
2024-10-15 14:30:45,393 - WARNING - serial communication is not open
2024-10-15 14:30:56,885 - INFO - [{'temp': 12.0, 'duration': 60000}]
2024-10-15 14:30:56,885 - WARNING - serial communication is not open
2024-10-15 14:45:14,316 - ERROR - error: could not open port 'COM5': OSError(22, 'The semaphore timeout period has expired.', None, 121)
2024-10-15 14:45:14,317 - INFO - thread is running
2024-10-15 14:45:19,439 - ERROR - error: could not open port 'COM5': OSError(22, 'The semaphore timeout period has expired.', None, 121)
2024-10-15 14:45:19,458 - INFO - thread is running
2024-10-15 15:05:16,523 - ERROR - error: could not open port 'COM5': OSError(22, 'The semaphore timeout period has expired.', None, 121)
2024-10-15 15:05:16,524 - INFO - thread is running
2024-10-15 15:05:21,646 - ERROR - error: could not open port 'COM5': OSError(22, 'The semaphore timeout period has expired.', None, 121)
2024-10-15 15:05:21,666 - INFO - thread is running
2024-10-15 15:08:23,837 - ERROR - error: could not open port 'COM5': OSError(22, 'The semaphore timeout period has expired.', None, 121)
2024-10-15 15:08:23,837 - INFO - thread is running
2024-10-15 15:08:28,959 - ERROR - error: could not open port 'COM5': OSError(22, 'The semaphore timeout period has expired.', None, 121)
2024-10-15 15:08:28,989 - INFO - thread is running
2024-10-15 15:12:36,754 - ERROR - error: could not open port 'COM5': OSError(22, 'The semaphore timeout period has expired.', None, 121)
2024-10-15 15:12:36,754 - INFO - thread is running
2024-10-15 15:12:41,876 - ERROR - error: could not open port 'COM5': OSError(22, 'The semaphore timeout period has expired.', None, 121)
2024-10-15 15:12:41,897 - INFO - thread is running
2024-10-15 15:14:26,661 - ERROR - error: could not open port 'COM5': OSError(22, 'The semaphore timeout period has expired.', None, 121)
2024-10-15 15:14:26,661 - INFO - thread is running
2024-10-15 15:14:31,784 - ERROR - error: could not open port 'COM5': OSError(22, 'The semaphore timeout period has expired.', None, 121)
2024-10-15 15:14:31,805 - INFO - thread is running
2024-10-15 15:17:15,861 - ERROR - error: could not open port 'COM5': OSError(22, 'The semaphore timeout period has expired.', None, 121)
2024-10-15 15:17:15,863 - INFO - thread is running
2024-10-15 15:17:20,983 - ERROR - error: could not open port 'COM5': OSError(22, 'The semaphore timeout period has expired.', None, 121)
2024-10-15 15:17:21,003 - INFO - thread is running
2024-10-15 15:32:37,818 - ERROR - error: could not open port 'COM5': OSError(22, 'The semaphore timeout period has expired.', None, 121)
2024-10-15 15:32:37,820 - INFO - thread is running
2024-10-15 15:32:42,942 - ERROR - error: could not open port 'COM5': OSError(22, 'The semaphore timeout period has expired.', None, 121)
2024-10-15 15:32:42,959 - INFO - thread is running
2024-10-15 15:36:00,655 - ERROR - error: could not open port 'COM5': OSError(22, 'The semaphore timeout period has expired.', None, 121)
2024-10-15 15:36:00,656 - INFO - thread is running
2024-10-15 15:36:05,777 - ERROR - error: could not open port 'COM5': OSError(22, 'The semaphore timeout period has expired.', None, 121)
2024-10-15 15:36:05,795 - INFO - thread is running
2024-10-15 15:36:30,236 - ERROR - error: could not open port 'COM5': OSError(22, 'The semaphore timeout period has expired.', None, 121)
2024-10-15 15:36:30,237 - INFO - thread is running
2024-10-15 15:36:35,358 - ERROR - error: could not open port 'COM5': OSError(22, 'The semaphore timeout period has expired.', None, 121)
2024-10-15 15:36:35,377 - INFO - thread is running
2024-10-15 15:37:22,183 - ERROR - error: could not open port 'COM5': OSError(22, 'The semaphore timeout period has expired.', None, 121)
2024-10-15 15:37:22,184 - INFO - thread is running
2024-10-15 15:37:27,307 - ERROR - error: could not open port 'COM5': OSError(22, 'The semaphore timeout period has expired.', None, 121)
2024-10-15 15:37:27,331 - INFO - thread is running
2024-10-16 10:22:31,865 - ERROR - error: could not open port 'None': FileNotFoundError(2, 'The system cannot find the file specified.', None, 2)
2024-10-16 10:22:31,868 - ERROR - error: could not open port 'None': FileNotFoundError(2, 'The system cannot find the file specified.', None, 2)
2024-10-16 10:22:31,869 - INFO - thread is running
2024-10-16 10:22:31,944 - INFO - thread is running
2024-10-16 10:22:52,813 - WARNING - serial communication is not open
2024-10-16 10:22:52,814 - INFO - running {'temp': 50, 'duration': 60000}
2024-10-16 10:22:52,814 - WARNING - serial communication is not open
2024-10-16 10:22:52,814 - INFO - running {'temp': 40, 'duration': 60000}
2024-10-16 10:22:52,814 - WARNING - serial communication is not open
2024-10-16 10:22:52,814 - INFO - running {'temp': 50, 'duration': 60000}
2024-10-16 10:22:52,815 - WARNING - serial communication is not open
2024-10-16 10:22:52,815 - INFO - running {'temp': 40, 'duration': 60000}
2024-10-16 10:33:34,513 - INFO - thread is running
2024-10-16 10:33:34,513 - INFO - thread is running
2024-10-16 10:33:57,283 - WARNING - serial communication is not open
2024-10-16 10:33:57,283 - INFO - running {'temp': 50, 'duration': 60000}
2024-10-16 10:33:57,284 - WARNING - serial communication is not open
2024-10-16 10:33:57,284 - INFO - running {'temp': 40, 'duration': 60000}
2024-10-16 10:33:57,285 - WARNING - serial communication is not open
2024-10-16 10:33:57,285 - INFO - running {'temp': 50, 'duration': 60000}
2024-10-16 10:33:57,285 - WARNING - serial communication is not open
2024-10-16 10:33:57,285 - INFO - running {'temp': 40, 'duration': 60000}
2024-10-16 11:16:48,271 - INFO - thread is running
2024-10-16 11:16:48,271 - INFO - thread is running
2024-10-16 11:17:04,117 - WARNING - serial communication is not open
2024-10-16 11:17:04,118 - INFO - running {'temp': 50, 'duration': 60000}
2024-10-16 11:17:04,118 - WARNING - serial communication is not open
2024-10-16 11:17:04,118 - INFO - running {'temp': 40, 'duration': 60000}
2024-10-16 11:17:04,118 - WARNING - serial communication is not open
2024-10-16 11:17:04,118 - INFO - running {'temp': 50, 'duration': 60000}
2024-10-16 11:17:04,118 - WARNING - serial communication is not open
2024-10-16 11:17:04,118 - INFO - running {'temp': 40, 'duration': 60000}
2024-10-16 11:25:33,302 - INFO - thread is running
2024-10-16 11:25:33,303 - INFO - thread is running
2024-10-16 11:27:11,807 - INFO - thread is running
2024-10-16 11:27:11,807 - INFO - thread is running
2024-10-16 13:13:30,383 - INFO - selected port: None
2024-10-16 13:13:30,384 - INFO - selected port: None
2024-10-16 13:13:30,411 - INFO - thread is running
2024-10-16 13:13:30,411 - INFO - thread is running
2024-10-16 13:45:14,986 - INFO - selected port: COM15
2024-10-16 13:45:14,986 - INFO - selected port: COM15
2024-10-16 13:45:15,011 - INFO - thread is running
2024-10-16 13:45:15,011 - INFO - thread is running
2024-10-16 13:47:51,526 - WARNING - serial communication is not open
2024-10-16 13:47:51,526 - INFO - running {'temp': 50, 'duration': 60000}
2024-10-16 13:47:51,526 - WARNING - serial communication is not open
2024-10-16 13:47:51,526 - INFO - running {'temp': 40, 'duration': 60000}
2024-10-16 13:47:51,526 - WARNING - serial communication is not open
2024-10-16 13:47:51,526 - INFO - running {'temp': 50, 'duration': 60000}
2024-10-16 13:47:51,526 - WARNING - serial communication is not open
2024-10-16 13:47:51,526 - INFO - running {'temp': 40, 'duration': 60000}
2024-10-16 14:06:15,083 - INFO - selected port: None
2024-10-16 14:06:15,084 - INFO - selected port: None
2024-10-16 14:06:15,084 - INFO - thread is running
2024-10-16 14:06:15,084 - INFO - thread is running
2024-10-16 14:14:12,487 - INFO - selected port: COM15
2024-10-16 14:14:12,487 - INFO - selected port: COM7
2024-10-16 14:14:12,488 - INFO - thread is running
2024-10-16 14:14:12,488 - INFO - thread is running
2024-10-16 14:17:01,638 - INFO - selected port: COM15
2024-10-16 14:17:01,639 - INFO - selected port: COM7
2024-10-16 14:17:01,640 - INFO - serial capture thread is running
2024-10-16 14:17:01,640 - INFO - test board thread is running
2024-10-16 14:17:16,864 - INFO - [{'temp': 12.0, 'duration': 360000}]
2024-10-16 14:17:18,739 - INFO - [{'temp': 12.0, 'duration': 360000}]
2024-10-16 14:17:18,740 - WARNING - serial communication is not open
2024-10-16 14:17:45,441 - WARNING - serial communication is not open
2024-10-16 14:17:45,441 - INFO - running {'temp': 50, 'duration': 60000}
2024-10-16 14:17:45,441 - WARNING - serial communication is not open
2024-10-16 14:17:45,443 - INFO - running {'temp': 40, 'duration': 60000}
2024-10-16 14:17:45,443 - WARNING - serial communication is not open
2024-10-16 14:17:45,443 - INFO - running {'temp': 50, 'duration': 60000}
2024-10-16 14:17:45,443 - WARNING - serial communication is not open
2024-10-16 14:17:45,443 - INFO - running {'temp': 40, 'duration': 60000}
2024-10-16 15:01:52,119 - INFO - selected port: COM15
2024-10-16 15:01:52,120 - INFO - selected port: COM7
2024-10-16 15:14:37,090 - INFO - selected port: COM15
2024-10-16 15:14:37,090 - INFO - selected port: COM7
2024-10-16 15:15:06,765 - INFO - [{'temp': 12.0, 'duration': 60000}]
2024-10-16 15:15:08,452 - INFO - [{'temp': 12.0, 'duration': 60000}]
2024-10-16 15:15:08,452 - WARNING - serial capture communication is not open
2024-10-16 16:37:34,580 - INFO - selected port: None
2024-10-16 16:37:34,581 - INFO - selected port: None
2024-10-16 16:37:34,582 - ERROR - error: could not open port 'None': FileNotFoundError(2, 'The system cannot find the file specified.', None, 2)
2024-10-16 16:37:34,582 - ERROR - error: could not open port 'None': FileNotFoundError(2, 'The system cannot find the file specified.', None, 2)
2024-10-16 16:37:34,582 - ERROR - failed to connect to None
2024-10-16 16:37:34,583 - ERROR - failed to connect to None
2024-10-16 16:38:10,746 - INFO - selected port: None
2024-10-16 16:38:10,747 - INFO - selected port: None
2024-10-16 16:38:10,747 - ERROR - error: could not open port 'None': FileNotFoundError(2, 'The system cannot find the file specified.', None, 2)
2024-10-16 16:38:10,748 - ERROR - error: could not open port 'None': FileNotFoundError(2, 'The system cannot find the file specified.', None, 2)
2024-10-16 16:38:10,748 - ERROR - failed to connect to None
2024-10-16 16:38:10,749 - ERROR - failed to connect to None
2024-10-16 16:40:52,201 - INFO - selected port: COM15
2024-10-16 16:40:52,202 - INFO - selected port: COM7
2024-10-16 16:40:52,215 - INFO - connected to arduino port: COM7
2024-10-16 16:40:52,218 - INFO - connected to arduino port: COM15
2024-10-16 16:40:53,217 - INFO - test board thread is running
2024-10-16 16:40:53,219 - INFO - serial capture thread is running
2024-10-16 16:40:53,219 - INFO - serial capture thread is running
2024-10-16 16:40:58,221 - INFO - sent command: SHOW DATA
2024-10-16 16:40:58,339 - INFO - arduino says: Room_temp: 20.87 | Desired_temp: -41.00 | Heater: 0 | Cooler: 0 | LH Indicator: 0
2024-10-16 16:40:58,440 - INFO - serial capture thread is running
2024-10-16 16:41:03,451 - INFO - sent command: SHOW DATA
2024-10-16 16:41:03,564 - INFO - arduino says: Room_temp: 20.87 | Desired_temp: -41.00 | Heater: 0 | Cooler: 0 | LH Indicator: 0
2024-10-16 16:41:03,665 - INFO - serial capture thread is running
2024-10-16 16:41:08,680 - INFO - sent command: SHOW DATA
2024-10-16 16:41:08,791 - INFO - arduino says: Room_temp: 20.87 | Desired_temp: -41.00 | Heater: 0 | Cooler: 0 | LH Indicator: 0
2024-10-16 16:41:08,892 - INFO - serial capture thread is running
2024-10-16 16:41:13,904 - INFO - sent command: SHOW DATA
2024-10-16 16:41:14,015 - INFO - arduino says: Room_temp: 20.87 | Desired_temp: -41.00 | Heater: 0 | Cooler: 0 | LH Indicator: 0
2024-10-16 16:41:14,116 - INFO - serial capture thread is running
2024-10-16 16:41:19,123 - INFO - sent command: SHOW DATA
2024-10-16 16:41:19,242 - INFO - arduino says: Room_temp: 20.87 | Desired_temp: -41.00 | Heater: 0 | Cooler: 0 | LH Indicator: 0
2024-10-16 16:41:19,344 - INFO - serial capture thread is running
2024-10-16 16:41:24,352 - INFO - sent command: SHOW DATA
2024-10-16 16:41:24,467 - INFO - arduino says: Room_temp: 20.87 | Desired_temp: -41.00 | Heater: 0 | Cooler: 0 | LH Indicator: 0
2024-10-16 16:41:24,568 - INFO - serial capture thread is running
2024-10-16 16:41:25,064 - INFO - sent to arduino: {"temp": 50, "duration": 60000}
2024-10-16 16:41:25,064 - INFO - running {'temp': 50, 'duration': 60000}
2024-10-16 16:41:25,075 - INFO - sent to arduino: {"temp": 40, "duration": 60000}
2024-10-16 16:41:25,075 - INFO - running {'temp': 40, 'duration': 60000}
2024-10-16 16:41:25,086 - INFO - sent to arduino: {"temp": 50, "duration": 60000}
2024-10-16 16:41:25,086 - INFO - running {'temp': 50, 'duration': 60000}
2024-10-16 16:41:25,097 - INFO - sent to arduino: {"temp": 40, "duration": 60000}
2024-10-16 16:41:25,097 - INFO - running {'temp': 40, 'duration': 60000}
2024-10-16 16:42:56,071 - INFO - selected port: COM15
2024-10-16 16:42:56,071 - INFO - selected port: COM7
2024-10-16 16:42:56,084 - INFO - connected to arduino port: COM7
2024-10-16 16:42:56,085 - INFO - connected to arduino port: COM15
2024-10-16 16:42:57,086 - INFO - test board thread is running
2024-10-16 16:42:57,087 - INFO - serial capture thread is running
2024-10-16 16:42:57,087 - INFO - serial capture thread is running
2024-10-16 16:43:02,103 - INFO - sent command: SHOW DATA
2024-10-16 16:43:02,204 - INFO - arduino says: Room_temp: 21.09 | Desired_temp: -41.00 | Heater: 0 | Cooler: 0 | LH Indicator: 0
2024-10-16 16:43:02,306 - INFO - serial capture thread is running
2024-10-16 16:43:07,312 - INFO - sent command: SHOW DATA
2024-10-16 16:43:07,429 - INFO - arduino says: Room_temp: 21.09 | Desired_temp: -41.00 | Heater: 0 | Cooler: 0 | LH Indicator: 0
2024-10-16 16:43:07,530 - INFO - serial capture thread is running
2024-10-16 16:43:09,201 - INFO - [{'temp': 24.0, 'duration': 60000}]
2024-10-16 16:43:10,868 - INFO - [{'temp': 24.0, 'duration': 60000}]
2024-10-16 16:43:10,879 - INFO - sent to arduino: [{"temp": 24.0, "duration": 60000}]
2024-10-16 16:43:10,985 - INFO - sent command: SHOW DATA
2024-10-16 16:43:11,231 - INFO - arduino says: Room_temp: 21.03 | Desired_temp: 24.00 | Heater: 0 | Cooler: 0 | LH Indicator: 0
2024-10-16 16:43:11,332 - INFO - serial capture thread is running
2024-10-16 16:43:11,434 - INFO - serial capture thread is running
2024-10-16 16:43:11,535 - INFO - serial capture thread is running
2024-10-16 16:43:16,546 - INFO - sent command: SHOW DATA
2024-10-16 16:43:16,716 - INFO - arduino says: Room_temp: 21.03 | Desired_temp: 24.00 | Heater: 0 | Cooler: 0 | LH Indicator: 0
2024-10-16 16:43:16,818 - INFO - serial capture thread is running
2024-10-16 16:43:21,829 - INFO - sent command: SHOW DATA
2024-10-16 16:43:21,928 - INFO - arduino says: Room_temp: 21.09 | Desired_temp: 24.00 | Heater: 0 | Cooler: 0 | LH Indicator: 0
2024-10-16 16:43:22,029 - INFO - serial capture thread is running
2024-10-16 16:43:27,042 - INFO - sent command: SHOW DATA
2024-10-16 16:43:27,142 - INFO - arduino says: Room_temp: 21.09 | Desired_temp: 24.00 | Heater: 0 | Cooler: 0 | LH Indicator: 0
2024-10-16 16:43:27,242 - INFO - serial capture thread is running
2024-10-16 16:43:32,256 - INFO - sent command: SHOW DATA
2024-10-16 16:43:32,356 - INFO - arduino says: Room_temp: 21.09 | Desired_temp: 24.00 | Heater: 0 | Cooler: 0 | LH Indicator: 0
2024-10-16 16:43:32,457 - INFO - serial capture thread is running
2024-10-16 16:43:37,464 - INFO - sent command: SHOW DATA
2024-10-16 16:43:37,566 - INFO - arduino says: Room_temp: 21.12 | Desired_temp: 24.00 | Heater: 0 | Cooler: 0 | LH Indicator: 0
2024-10-16 16:43:37,667 - INFO - serial capture thread is running
2024-10-16 16:43:42,678 - INFO - sent command: SHOW DATA
2024-10-16 16:43:42,778 - INFO - arduino says: Room_temp: 21.12 | Desired_temp: 24.00 | Heater: 0 | Cooler: 0 | LH Indicator: 0
2024-10-16 16:43:42,880 - INFO - serial capture thread is running
2024-10-16 16:43:47,881 - INFO - sent command: SHOW DATA
2024-10-16 16:43:47,989 - INFO - arduino says: Room_temp: 21.12 | Desired_temp: 24.00 | Heater: 0 | Cooler: 0 | LH Indicator: 0
2024-10-16 16:43:48,091 - INFO - serial capture thread is running
2024-10-16 16:43:53,098 - INFO - sent command: SHOW DATA
2024-10-16 16:43:53,198 - INFO - arduino says: Room_temp: 21.16 | Desired_temp: 24.00 | Heater: 0 | Cooler: 0 | LH Indicator: 0
2024-10-16 16:43:53,300 - INFO - serial capture thread is running
2024-10-16 16:43:56,355 - INFO - sent to arduino: {"temp": 50, "duration": 60000}
2024-10-16 16:43:56,355 - INFO - running {'temp': 50, 'duration': 60000}
2024-10-16 16:43:56,367 - INFO - sent to arduino: {"temp": 40, "duration": 60000}
2024-10-16 16:43:56,367 - INFO - running {'temp': 40, 'duration': 60000}
2024-10-16 16:43:56,378 - INFO - sent to arduino: {"temp": 50, "duration": 60000}
2024-10-16 16:43:56,378 - INFO - running {'temp': 50, 'duration': 60000}
2024-10-16 16:43:56,390 - INFO - sent to arduino: {"temp": 40, "duration": 60000}
2024-10-16 16:43:56,391 - INFO - running {'temp': 40, 'duration': 60000}
2024-10-16 16:43:56,490 - WARNING - serial capture communication is closed or stopped
2024-10-16 16:49:42,569 - INFO - selected port: COM15
2024-10-16 16:49:42,570 - INFO - selected port: COM7
2024-10-16 16:49:42,596 - INFO - connected to arduino port: COM7
2024-10-16 16:49:42,596 - INFO - connected to arduino port: COM15
2024-10-16 16:49:43,597 - INFO - serial capture thread is running
2024-10-16 16:49:43,597 - INFO - test board thread is running
2024-10-16 16:49:43,598 - INFO - serial capture thread is running
2024-10-16 16:49:48,608 - INFO - sent command: SHOW DATA
2024-10-16 16:49:48,710 - INFO - arduino says: Room_temp: 20.94 | Desired_temp: -41.00 | Heater: 0 | Cooler: 0 | LH Indicator: 0
2024-10-16 16:49:48,811 - INFO - serial capture thread is running
2024-10-16 16:49:53,823 - INFO - sent command: SHOW DATA
2024-10-16 16:49:53,936 - INFO - arduino says: Room_temp: 20.94 | Desired_temp: -41.00 | Heater: 0 | Cooler: 0 | LH Indicator: 0
2024-10-16 16:49:54,037 - INFO - serial capture thread is running
2024-10-16 16:49:59,044 - INFO - sent command: SHOW DATA
2024-10-16 16:49:59,161 - INFO - arduino says: Room_temp: 20.94 | Desired_temp: -41.00 | Heater: 0 | Cooler: 0 | LH Indicator: 0
2024-10-16 16:49:59,263 - INFO - serial capture thread is running
2024-10-16 16:50:04,264 - INFO - sent command: SHOW DATA
2024-10-16 16:50:04,387 - INFO - arduino says: Room_temp: 20.94 | Desired_temp: -41.00 | Heater: 0 | Cooler: 0 | LH Indicator: 0
2024-10-16 16:50:04,488 - INFO - serial capture thread is running
2024-10-16 16:50:08,903 - INFO - [{'temp': 24.0, 'duration': 60000}]
2024-10-16 16:50:09,495 - INFO - sent command: SHOW DATA
2024-10-16 16:50:09,614 - INFO - arduino says: Room_temp: 20.94 | Desired_temp: -41.00 | Heater: 0 | Cooler: 0 | LH Indicator: 0
2024-10-16 16:50:09,715 - INFO - serial capture thread is running
2024-10-16 16:50:11,966 - INFO - [{'temp': 24.0, 'duration': 60000}]
2024-10-16 16:50:11,978 - INFO - sent to arduino: [{"temp": 24.0, "duration": 60000}]
2024-10-16 16:50:12,085 - INFO - sent command: SHOW DATA
2024-10-16 16:50:12,324 - INFO - arduino says: Room_temp: 21.00 | Desired_temp: 24.00 | Heater: 0 | Cooler: 0 | LH Indicator: 0
2024-10-16 16:50:12,426 - INFO - serial capture thread is running
2024-10-16 16:50:12,528 - INFO - serial capture thread is running
2024-10-16 16:50:12,630 - INFO - serial capture thread is running
2024-10-16 16:50:17,632 - INFO - sent command: SHOW DATA
2024-10-16 16:50:17,741 - INFO - arduino says: Room_temp: 21.06 | Desired_temp: 24.00 | Heater: 1 | Cooler: 0 | LH Indicator: 0
2024-10-16 16:50:17,842 - INFO - serial capture thread is running
2024-10-16 16:50:22,856 - INFO - sent command: SHOW DATA
2024-10-16 16:50:22,954 - INFO - arduino says: Room_temp: 21.06 | Desired_temp: 24.00 | Heater: 1 | Cooler: 0 | LH Indicator: 0
2024-10-16 16:50:23,056 - INFO - serial capture thread is running
2024-10-16 16:50:28,063 - INFO - sent command: SHOW DATA
2024-10-16 16:50:28,168 - INFO - arduino says: Room_temp: 21.06 | Desired_temp: 24.00 | Heater: 1 | Cooler: 0 | LH Indicator: 0
2024-10-16 16:50:28,268 - INFO - serial capture thread is running
2024-10-16 16:50:33,270 - INFO - sent command: SHOW DATA
2024-10-16 16:50:33,379 - INFO - arduino says: Room_temp: 21.09 | Desired_temp: 24.00 | Heater: 1 | Cooler: 0 | LH Indicator: 0
2024-10-16 16:50:33,480 - INFO - serial capture thread is running
2024-10-16 16:50:38,486 - INFO - sent command: SHOW DATA
2024-10-16 16:50:38,592 - INFO - arduino says: Room_temp: 21.12 | Desired_temp: 24.00 | Heater: 1 | Cooler: 0 | LH Indicator: 0
2024-10-16 16:50:38,692 - INFO - serial capture thread is running
2024-10-16 16:50:42,201 - INFO - sent to arduino: {"temp": 50, "duration": 60000}
2024-10-16 16:50:42,201 - INFO - running {'temp': 50, 'duration': 60000}
2024-10-16 16:50:42,212 - INFO - sent to arduino: {"temp": 40, "duration": 60000}
2024-10-16 16:50:42,212 - INFO - running {'temp': 40, 'duration': 60000}
2024-10-16 16:50:42,223 - INFO - sent to arduino: {"temp": 50, "duration": 60000}
2024-10-16 16:50:42,223 - INFO - running {'temp': 50, 'duration': 60000}
2024-10-16 16:50:42,234 - INFO - sent to arduino: {"temp": 40, "duration": 60000}
2024-10-16 16:50:42,234 - INFO - running {'temp': 40, 'duration': 60000}
2024-10-16 16:50:42,316 - WARNING - serial capture communication is closed or stopped
2024-10-16 16:55:21,763 - INFO - selected port: COM15
2024-10-16 16:55:21,764 - INFO - selected port: COM7
2024-10-16 16:55:21,790 - INFO - connected to arduino port: COM7
2024-10-16 16:55:21,790 - INFO - connected to arduino port: COM15
2024-10-16 16:55:22,791 - INFO - test board thread is running
2024-10-16 16:55:22,792 - INFO - serial capture thread is running
2024-10-16 16:55:22,793 - INFO - serial capture thread is running
2024-10-16 16:55:27,796 - INFO - sent command: SHOW DATA
2024-10-16 16:55:27,910 - INFO - arduino says: Room_temp: 21.28 | Desired_temp: -41.00 | Heater: 0 | Cooler: 0 | LH Indicator: 0
2024-10-16 16:55:28,011 - INFO - serial capture thread is running
2024-10-16 16:55:33,017 - INFO - sent command: SHOW DATA
2024-10-16 16:55:33,136 - INFO - arduino says: Room_temp: 21.28 | Desired_temp: -41.00 | Heater: 0 | Cooler: 0 | LH Indicator: 0
2024-10-16 16:55:33,237 - INFO - serial capture thread is running
2024-10-16 16:55:38,252 - INFO - sent command: SHOW DATA
2024-10-16 16:55:38,363 - INFO - arduino says: Room_temp: 21.28 | Desired_temp: -41.00 | Heater: 0 | Cooler: 0 | LH Indicator: 0
2024-10-16 16:55:38,464 - INFO - serial capture thread is running
2024-10-16 16:55:43,478 - INFO - sent command: SHOW DATA
2024-10-16 16:55:43,589 - INFO - arduino says: Room_temp: 21.28 | Desired_temp: -41.00 | Heater: 0 | Cooler: 0 | LH Indicator: 0
2024-10-16 16:55:43,691 - INFO - serial capture thread is running
2024-10-16 16:55:45,632 - INFO - [{'temp': 24.0, 'duration': 120000}]
2024-10-16 16:55:47,701 - INFO - [{'temp': 24.0, 'duration': 120000}]
2024-10-16 16:55:47,713 - INFO - sent to arduino: [{"temp": 24.0, "duration": 120000}]
2024-10-16 16:55:47,820 - INFO - sent command: SHOW DATA
2024-10-16 16:55:48,060 - INFO - arduino says: Room_temp: 21.25 | Desired_temp: 24.00 | Heater: 0 | Cooler: 0 | LH Indicator: 0
2024-10-16 16:55:48,162 - INFO - serial capture thread is running
2024-10-16 16:55:48,264 - INFO - serial capture thread is running
2024-10-16 16:55:48,366 - INFO - serial capture thread is running
2024-10-16 16:55:53,373 - INFO - sent command: SHOW DATA
2024-10-16 16:55:53,547 - INFO - arduino says: Room_temp: 21.19 | Desired_temp: 24.00 | Heater: 1 | Cooler: 0 | LH Indicator: 0
2024-10-16 16:55:53,648 - INFO - serial capture thread is running
2024-10-16 16:55:58,657 - INFO - sent command: SHOW DATA
2024-10-16 16:55:58,760 - INFO - arduino says: Room_temp: 21.19 | Desired_temp: 24.00 | Heater: 1 | Cooler: 0 | LH Indicator: 0
2024-10-16 16:55:58,861 - INFO - serial capture thread is running
2024-10-16 16:56:03,863 - INFO - sent command: SHOW DATA
2024-10-16 16:56:03,972 - INFO - arduino says: Room_temp: 21.19 | Desired_temp: 24.00 | Heater: 1 | Cooler: 0 | LH Indicator: 0
2024-10-16 16:56:04,073 - INFO - serial capture thread is running
2024-10-16 16:56:05,186 - INFO - sent to arduino: {"temp": 50, "duration": 60000}
2024-10-16 16:56:05,186 - INFO - running {'temp': 50, 'duration': 60000}
2024-10-16 16:56:05,197 - INFO - sent to arduino: {"temp": 40, "duration": 60000}
2024-10-16 16:56:05,197 - INFO - running {'temp': 40, 'duration': 60000}
2024-10-16 16:56:05,208 - INFO - sent to arduino: {"temp": 50, "duration": 60000}
2024-10-16 16:56:05,208 - INFO - running {'temp': 50, 'duration': 60000}
2024-10-16 16:56:05,219 - INFO - sent to arduino: {"temp": 40, "duration": 60000}
2024-10-16 16:56:05,219 - INFO - running {'temp': 40, 'duration': 60000}
